20/09/2017 08:30:52.162 [main] [StartupInfoLogger.java:48]
				INFO  com.w4.workflowBackend.Main - Starting Main on MacBook-Pro-de-HIE.local with PID 1397 (/Users/frederic/Documents/workspace-sts-3.8.3.RELEASE/workflowBackend/target/classes started by frederic in /Users/frederic/Documents/workspace-sts-3.8.3.RELEASE/workflowBackend)
20/09/2017 08:30:52.164 [main] [StartupInfoLogger.java:51]
				DEBUG com.w4.workflowBackend.Main - Running with Spring Boot v1.5.2.RELEASE, Spring v4.3.7.RELEASE
20/09/2017 08:30:52.164 [main] [SpringApplication.java:641]
				INFO  com.w4.workflowBackend.Main - The following profiles are active: dev
20/09/2017 08:30:52.203 [main] [AbstractApplicationContext.java:582]
				INFO  o.s.b.c.e.AnnotationConfigEmbeddedWebApplicationContext - Refreshing org.springframework.boot.context.embedded.AnnotationConfigEmbeddedWebApplicationContext@3b2cf7ab: startup date [Wed Sep 20 08:30:52 GMT 2017]; root of context hierarchy
20/09/2017 08:30:52.399 [background-preinit] [Version.java:30]
				INFO  o.h.validator.internal.util.Version - HV000001: Hibernate Validator 5.3.4.Final
20/09/2017 08:30:53.041 [main] [TomcatEmbeddedServletContainer.java:89]
				INFO  o.s.b.c.e.t.TomcatEmbeddedServletContainer - Tomcat initialized with port(s): 8090 (http)
20/09/2017 08:30:53.050 [main] [DirectJDKLog.java:179]
				INFO  o.a.catalina.core.StandardService - Starting service Tomcat
20/09/2017 08:30:53.051 [main] [DirectJDKLog.java:179]
				INFO  o.a.catalina.core.StandardEngine - Starting Servlet Engine: Apache Tomcat/8.5.11
20/09/2017 08:30:53.099 [localhost-startStop-1] [DirectJDKLog.java:179]
				INFO  o.a.c.c.C.[Tomcat].[localhost].[/] - Initializing Spring embedded WebApplicationContext
20/09/2017 08:30:53.100 [localhost-startStop-1] [EmbeddedWebApplicationContext.java:276]
				INFO  o.s.web.context.ContextLoader - Root WebApplicationContext: initialization completed in 897 ms
20/09/2017 08:30:53.179 [localhost-startStop-1] [ServletRegistrationBean.java:190]
				INFO  o.s.b.w.s.ServletRegistrationBean - Mapping servlet: 'dispatcherServlet' to [/]
20/09/2017 08:30:53.184 [localhost-startStop-1] [AbstractFilterRegistrationBean.java:258]
				INFO  o.s.b.w.s.FilterRegistrationBean - Mapping filter: 'crossFilter' to: [/*]
20/09/2017 08:30:53.185 [localhost-startStop-1] [AbstractFilterRegistrationBean.java:258]
				INFO  o.s.b.w.s.FilterRegistrationBean - Mapping filter: 'characterEncodingFilter' to: [/*]
20/09/2017 08:30:53.185 [localhost-startStop-1] [AbstractFilterRegistrationBean.java:258]
				INFO  o.s.b.w.s.FilterRegistrationBean - Mapping filter: 'hiddenHttpMethodFilter' to: [/*]
20/09/2017 08:30:53.185 [localhost-startStop-1] [AbstractFilterRegistrationBean.java:258]
				INFO  o.s.b.w.s.FilterRegistrationBean - Mapping filter: 'httpPutFormContentFilter' to: [/*]
20/09/2017 08:30:53.186 [localhost-startStop-1] [AbstractFilterRegistrationBean.java:258]
				INFO  o.s.b.w.s.FilterRegistrationBean - Mapping filter: 'requestContextFilter' to: [/*]
20/09/2017 08:30:53.379 [main] [RequestMappingHandlerAdapter.java:534]
				INFO  o.s.w.s.m.m.a.RequestMappingHandlerAdapter - Looking for @ControllerAdvice: org.springframework.boot.context.embedded.AnnotationConfigEmbeddedWebApplicationContext@3b2cf7ab: startup date [Wed Sep 20 08:30:52 GMT 2017]; root of context hierarchy
20/09/2017 08:30:53.432 [main] [AbstractHandlerMethodMapping.java:543]
				INFO  o.s.w.s.m.m.a.RequestMappingHandlerMapping - Mapped "{[/workflowBackend/getRole],methods=[POST],consumes=[application/json],produces=[application/json]}" onto public com.w4.workflowBackend.contracts.RoleResponse com.w4.workflowBackend.services.Service.getRole(com.w4.workflowBackend.contracts.RoleRequest)
20/09/2017 08:30:53.434 [main] [AbstractHandlerMethodMapping.java:543]
				INFO  o.s.w.s.m.m.a.RequestMappingHandlerMapping - Mapped "{[/workflowBackend/saveTask],methods=[POST],consumes=[application/json],produces=[application/json]}" onto public com.w4.workflowBackend.contracts.TaskResponse com.w4.workflowBackend.services.Service.saveTask(com.w4.workflowBackend.contracts.TaskRequest)
20/09/2017 08:30:53.434 [main] [AbstractHandlerMethodMapping.java:543]
				INFO  o.s.w.s.m.m.a.RequestMappingHandlerMapping - Mapped "{[/workflowBackend/signInActor],methods=[POST],consumes=[application/json],produces=[application/json]}" onto public com.w4.workflowBackend.contracts.ActorResponse com.w4.workflowBackend.services.Service.signInActor(com.w4.workflowBackend.contracts.ActorRequest)
20/09/2017 08:30:53.434 [main] [AbstractHandlerMethodMapping.java:543]
				INFO  o.s.w.s.m.m.a.RequestMappingHandlerMapping - Mapped "{[/workflowBackend/logoutActor],methods=[POST],consumes=[application/json],produces=[application/json]}" onto public com.w4.workflowBackend.contracts.ActorResponse com.w4.workflowBackend.services.Service.logoutActor(com.w4.workflowBackend.contracts.ActorRequest)
20/09/2017 08:30:53.435 [main] [AbstractHandlerMethodMapping.java:543]
				INFO  o.s.w.s.m.m.a.RequestMappingHandlerMapping - Mapped "{[/workflowBackend/createWorkcase],methods=[POST],consumes=[application/json],produces=[application/json]}" onto public com.w4.workflowBackend.contracts.TaskResponse com.w4.workflowBackend.services.Service.createWorkcase(com.w4.workflowBackend.contracts.TaskRequest)
20/09/2017 08:30:53.435 [main] [AbstractHandlerMethodMapping.java:543]
				INFO  o.s.w.s.m.m.a.RequestMappingHandlerMapping - Mapped "{[/workflowBackend/getWorkcase],methods=[POST],consumes=[application/json],produces=[application/json]}" onto public com.w4.workflowBackend.contracts.TaskResponse com.w4.workflowBackend.services.Service.getWorkcase(com.w4.workflowBackend.contracts.TaskRequest)
20/09/2017 08:30:53.435 [main] [AbstractHandlerMethodMapping.java:543]
				INFO  o.s.w.s.m.m.a.RequestMappingHandlerMapping - Mapped "{[/workflowBackend/getCommentaireDossier],methods=[POST],consumes=[application/json],produces=[application/json]}" onto public com.w4.workflowBackend.contracts.CommentaireResponse com.w4.workflowBackend.services.Service.getCommentaireDossier(com.w4.workflowBackend.contracts.CommentaireRequest)
20/09/2017 08:30:53.436 [main] [AbstractHandlerMethodMapping.java:543]
				INFO  o.s.w.s.m.m.a.RequestMappingHandlerMapping - Mapped "{[/workflowBackend/lockTask],methods=[POST],consumes=[application/json],produces=[application/json]}" onto public com.w4.workflowBackend.contracts.TaskResponse com.w4.workflowBackend.services.Service.lockTask(com.w4.workflowBackend.contracts.TaskRequest)
20/09/2017 08:30:53.436 [main] [AbstractHandlerMethodMapping.java:543]
				INFO  o.s.w.s.m.m.a.RequestMappingHandlerMapping - Mapped "{[/workflowBackend/getDocumentDossier],methods=[POST],consumes=[application/json],produces=[application/json]}" onto public com.w4.workflowBackend.contracts.DocumentResponse com.w4.workflowBackend.services.Service.getDocumentDossier(com.w4.workflowBackend.contracts.DocumentRequest)
20/09/2017 08:30:53.436 [main] [AbstractHandlerMethodMapping.java:543]
				INFO  o.s.w.s.m.m.a.RequestMappingHandlerMapping - Mapped "{[/workflowBackend/unlockTask],methods=[POST],consumes=[application/json],produces=[application/json]}" onto public com.w4.workflowBackend.contracts.TaskResponse com.w4.workflowBackend.services.Service.unlockTask(com.w4.workflowBackend.contracts.TaskRequest)
20/09/2017 08:30:53.436 [main] [AbstractHandlerMethodMapping.java:543]
				INFO  o.s.w.s.m.m.a.RequestMappingHandlerMapping - Mapped "{[/workflowBackend/checkTaskStatus],methods=[POST],consumes=[application/json],produces=[application/json]}" onto public com.w4.workflowBackend.contracts.TaskResponse com.w4.workflowBackend.services.Service.checkTaskStatus(com.w4.workflowBackend.contracts.TaskRequest)
20/09/2017 08:30:53.437 [main] [AbstractHandlerMethodMapping.java:543]
				INFO  o.s.w.s.m.m.a.RequestMappingHandlerMapping - Mapped "{[/workflowBackend/getTaskVariables],methods=[POST],consumes=[application/json],produces=[application/json]}" onto public com.w4.workflowBackend.contracts.TaskResponse com.w4.workflowBackend.services.Service.getTaskVariables(com.w4.workflowBackend.contracts.TaskRequest)
20/09/2017 08:30:53.437 [main] [AbstractHandlerMethodMapping.java:543]
				INFO  o.s.w.s.m.m.a.RequestMappingHandlerMapping - Mapped "{[/workflowBackend/submitTask],methods=[POST],consumes=[application/json],produces=[application/json]}" onto public com.w4.workflowBackend.contracts.TaskResponse com.w4.workflowBackend.services.Service.submitTask(com.w4.workflowBackend.contracts.TaskRequest)
20/09/2017 08:30:53.437 [main] [AbstractHandlerMethodMapping.java:543]
				INFO  o.s.w.s.m.m.a.RequestMappingHandlerMapping - Mapped "{[/workflowBackend/getWorkcaseDetails],methods=[POST],consumes=[application/json],produces=[application/json]}" onto public com.w4.workflowBackend.contracts.TaskResponse com.w4.workflowBackend.services.Service.getWorkcaseDetails(com.w4.workflowBackend.contracts.TaskRequest)
20/09/2017 08:30:53.438 [main] [AbstractHandlerMethodMapping.java:543]
				INFO  o.s.w.s.m.m.a.RequestMappingHandlerMapping - Mapped "{[/workflowBackend/getAlarmTaskItem],methods=[POST],consumes=[application/json],produces=[application/json]}" onto public com.w4.workflowBackend.contracts.TaskResponse com.w4.workflowBackend.services.Service.getAlarmTaskItem(com.w4.workflowBackend.contracts.TaskRequest)
20/09/2017 08:30:53.438 [main] [AbstractHandlerMethodMapping.java:543]
				INFO  o.s.w.s.m.m.a.RequestMappingHandlerMapping - Mapped "{[/workflowBackend/getWorkcaseVariables],methods=[POST],consumes=[application/json],produces=[application/json]}" onto public com.w4.workflowBackend.contracts.TaskResponse com.w4.workflowBackend.services.Service.getWorkcaseVariables(com.w4.workflowBackend.contracts.TaskRequest)
20/09/2017 08:30:53.440 [main] [AbstractHandlerMethodMapping.java:543]
				INFO  o.s.w.s.m.m.a.RequestMappingHandlerMapping - Mapped "{[/workflowBackend/searchWorkcase],methods=[POST],consumes=[application/json],produces=[application/json]}" onto public com.w4.workflowBackend.contracts.TaskResponse com.w4.workflowBackend.services.Service.searchWorkcase(com.w4.workflowBackend.contracts.TaskRequest)
20/09/2017 08:30:53.440 [main] [AbstractHandlerMethodMapping.java:543]
				INFO  o.s.w.s.m.m.a.RequestMappingHandlerMapping - Mapped "{[/workflowBackend/getListActorByRole],methods=[POST],consumes=[application/json],produces=[application/json]}" onto public com.w4.workflowBackend.contracts.ActorResponse com.w4.workflowBackend.services.Service.getListActorByRole(com.w4.workflowBackend.contracts.ActorRequest)
20/09/2017 08:30:53.441 [main] [AbstractHandlerMethodMapping.java:543]
				INFO  o.s.w.s.m.m.a.RequestMappingHandlerMapping - Mapped "{[/workflowBackend/getTaskMyGoupLock],methods=[POST],consumes=[application/json],produces=[application/json]}" onto public com.w4.workflowBackend.contracts.TaskResponse com.w4.workflowBackend.services.Service.getTaskMyGoupLock(com.w4.workflowBackend.contracts.TaskRequest)
20/09/2017 08:30:53.441 [main] [AbstractHandlerMethodMapping.java:543]
				INFO  o.s.w.s.m.m.a.RequestMappingHandlerMapping - Mapped "{[/workflowBackend/getMyTaskLock],methods=[POST],consumes=[application/json],produces=[application/json]}" onto public com.w4.workflowBackend.contracts.TaskResponse com.w4.workflowBackend.services.Service.getMyTaskLock(com.w4.workflowBackend.contracts.TaskRequest)
20/09/2017 08:30:53.441 [main] [AbstractHandlerMethodMapping.java:543]
				INFO  o.s.w.s.m.m.a.RequestMappingHandlerMapping - Mapped "{[/workflowBackend/getMyTaskLockByActor],methods=[POST],consumes=[application/json],produces=[application/json]}" onto public com.w4.workflowBackend.contracts.TaskResponse com.w4.workflowBackend.services.Service.getMyTaskLockByActor(com.w4.workflowBackend.contracts.TaskRequest)
20/09/2017 08:30:53.441 [main] [AbstractHandlerMethodMapping.java:543]
				INFO  o.s.w.s.m.m.a.RequestMappingHandlerMapping - Mapped "{[/workflowBackend/getMyTaskOffer],methods=[POST],consumes=[application/json],produces=[application/json]}" onto public com.w4.workflowBackend.contracts.TaskResponse com.w4.workflowBackend.services.Service.getMyTaskOffer(com.w4.workflowBackend.contracts.TaskRequest)
20/09/2017 08:30:53.442 [main] [AbstractHandlerMethodMapping.java:543]
				INFO  o.s.w.s.m.m.a.RequestMappingHandlerMapping - Mapped "{[/workflowBackend/attachFile],methods=[POST],consumes=[application/json],produces=[application/json]}" onto public com.w4.workflowBackend.contracts.DocumentResponse com.w4.workflowBackend.services.Service.attachFile(com.w4.workflowBackend.contracts.TaskRequest)
20/09/2017 08:30:53.442 [main] [AbstractHandlerMethodMapping.java:543]
				INFO  o.s.w.s.m.m.a.RequestMappingHandlerMapping - Mapped "{[/workflowBackend/reassignTask],methods=[POST],consumes=[application/json],produces=[application/json]}" onto public com.w4.workflowBackend.contracts.TaskResponse com.w4.workflowBackend.services.Service.reassignTask(com.w4.workflowBackend.contracts.TaskRequest)
20/09/2017 08:30:53.443 [main] [AbstractHandlerMethodMapping.java:543]
				INFO  o.s.w.s.m.m.a.RequestMappingHandlerMapping - Mapped "{[/workflowBackend/getStep],methods=[POST],consumes=[application/json],produces=[application/json]}" onto public com.w4.workflowBackend.contracts.StepResponse com.w4.workflowBackend.services.Service.getStep(com.w4.workflowBackend.contracts.StepRequest)
20/09/2017 08:30:53.443 [main] [AbstractHandlerMethodMapping.java:543]
				INFO  o.s.w.s.m.m.a.RequestMappingHandlerMapping - Mapped "{[/workflowBackend/getCountMyTaskLock],methods=[POST],consumes=[application/json],produces=[application/json]}" onto public com.w4.workflowBackend.contracts.TaskResponse com.w4.workflowBackend.services.Service.getCountMyTaskLock(com.w4.workflowBackend.contracts.TaskRequest)
20/09/2017 08:30:53.443 [main] [AbstractHandlerMethodMapping.java:543]
				INFO  o.s.w.s.m.m.a.RequestMappingHandlerMapping - Mapped "{[/workflowBackend/getCountTaskOffer],methods=[POST],consumes=[application/json],produces=[application/json]}" onto public com.w4.workflowBackend.contracts.TaskResponse com.w4.workflowBackend.services.Service.getCountTaskOffer(com.w4.workflowBackend.contracts.TaskRequest)
20/09/2017 08:30:53.445 [main] [AbstractHandlerMethodMapping.java:543]
				INFO  o.s.w.s.m.m.a.RequestMappingHandlerMapping - Mapped "{[/error]}" onto public org.springframework.http.ResponseEntity<java.util.Map<java.lang.String, java.lang.Object>> org.springframework.boot.autoconfigure.web.BasicErrorController.error(javax.servlet.http.HttpServletRequest)
20/09/2017 08:30:53.445 [main] [AbstractHandlerMethodMapping.java:543]
				INFO  o.s.w.s.m.m.a.RequestMappingHandlerMapping - Mapped "{[/error],produces=[text/html]}" onto public org.springframework.web.servlet.ModelAndView org.springframework.boot.autoconfigure.web.BasicErrorController.errorHtml(javax.servlet.http.HttpServletRequest,javax.servlet.http.HttpServletResponse)
20/09/2017 08:30:53.463 [main] [AbstractUrlHandlerMapping.java:362]
				INFO  o.s.w.s.h.SimpleUrlHandlerMapping - Mapped URL path [/webjars/**] onto handler of type [class org.springframework.web.servlet.resource.ResourceHttpRequestHandler]
20/09/2017 08:30:53.464 [main] [AbstractUrlHandlerMapping.java:362]
				INFO  o.s.w.s.h.SimpleUrlHandlerMapping - Mapped URL path [/**] onto handler of type [class org.springframework.web.servlet.resource.ResourceHttpRequestHandler]
20/09/2017 08:30:53.491 [main] [AbstractUrlHandlerMapping.java:362]
				INFO  o.s.w.s.h.SimpleUrlHandlerMapping - Mapped URL path [/**/favicon.ico] onto handler of type [class org.springframework.web.servlet.resource.ResourceHttpRequestHandler]
20/09/2017 08:30:53.596 [main] [MBeanExporter.java:431]
				INFO  o.s.j.e.a.AnnotationMBeanExporter - Registering beans for JMX exposure on startup
20/09/2017 08:30:53.610 [main] [DirectJDKLog.java:179]
				INFO  o.a.coyote.http11.Http11NioProtocol - Initializing ProtocolHandler ["http-nio-8090"]
20/09/2017 08:30:53.615 [main] [DirectJDKLog.java:179]
				INFO  o.a.coyote.http11.Http11NioProtocol - Starting ProtocolHandler [http-nio-8090]
20/09/2017 08:30:53.634 [main] [DirectJDKLog.java:179]
				INFO  o.a.tomcat.util.net.NioSelectorPool - Using a shared selector for servlet write/read
20/09/2017 08:30:53.645 [main] [TomcatEmbeddedServletContainer.java:198]
				INFO  o.s.b.c.e.t.TomcatEmbeddedServletContainer - Tomcat started on port(s): 8090 (http)
20/09/2017 08:30:53.648 [main] [StartupInfoLogger.java:57]
				INFO  com.w4.workflowBackend.Main - Started Main in 1.685 seconds (JVM running for 2.203)
20/09/2017 08:31:10.518 [localhost-startStop-1] [StartupInfoLogger.java:48]
				INFO  c.w.w.ServletInitializer - Starting ServletInitializer v0.0.1-SNAPSHOT on MacBook-Pro-de-HIE.local with PID 1401 (/Users/frederic/Documents/serveur/apache-tomcat-8.5.9/webapps/w4-api/WEB-INF/classes started by frederic in /Users/frederic/Documents/serveur/apache-tomcat-8.5.9/bin)
20/09/2017 08:31:10.521 [localhost-startStop-1] [StartupInfoLogger.java:51]
				DEBUG c.w.w.ServletInitializer - Running with Spring Boot v1.5.2.RELEASE, Spring v4.3.7.RELEASE
20/09/2017 08:31:10.522 [localhost-startStop-1] [SpringApplication.java:641]
				INFO  c.w.w.ServletInitializer - The following profiles are active: dev
20/09/2017 08:31:10.569 [localhost-startStop-1] [AbstractApplicationContext.java:582]
				INFO  o.s.b.c.e.AnnotationConfigEmbeddedWebApplicationContext - Refreshing org.springframework.boot.context.embedded.AnnotationConfigEmbeddedWebApplicationContext@4894983e: startup date [Wed Sep 20 08:31:10 GMT 2017]; root of context hierarchy
20/09/2017 08:31:10.655 [background-preinit] [Version.java:30]
				INFO  o.h.validator.internal.util.Version - HV000001: Hibernate Validator 5.3.4.Final
20/09/2017 08:31:11.381 [localhost-startStop-1] [EmbeddedWebApplicationContext.java:276]
				INFO  o.s.web.context.ContextLoader - Root WebApplicationContext: initialization completed in 813 ms
20/09/2017 08:31:11.735 [localhost-startStop-1] [ServletRegistrationBean.java:190]
				INFO  o.s.b.w.s.ServletRegistrationBean - Mapping servlet: 'dispatcherServlet' to [/]
20/09/2017 08:31:11.736 [localhost-startStop-1] [AbstractFilterRegistrationBean.java:258]
				INFO  o.s.b.w.s.FilterRegistrationBean - Mapping filter: 'errorPageFilter' to: [/*]
20/09/2017 08:31:11.736 [localhost-startStop-1] [AbstractFilterRegistrationBean.java:258]
				INFO  o.s.b.w.s.FilterRegistrationBean - Mapping filter: 'characterEncodingFilter' to: [/*]
20/09/2017 08:31:11.737 [localhost-startStop-1] [AbstractFilterRegistrationBean.java:258]
				INFO  o.s.b.w.s.FilterRegistrationBean - Mapping filter: 'hiddenHttpMethodFilter' to: [/*]
20/09/2017 08:31:11.737 [localhost-startStop-1] [AbstractFilterRegistrationBean.java:258]
				INFO  o.s.b.w.s.FilterRegistrationBean - Mapping filter: 'httpPutFormContentFilter' to: [/*]
20/09/2017 08:31:11.737 [localhost-startStop-1] [AbstractFilterRegistrationBean.java:258]
				INFO  o.s.b.w.s.FilterRegistrationBean - Mapping filter: 'requestContextFilter' to: [/*]
20/09/2017 08:31:12.058 [localhost-startStop-1] [RequestMappingHandlerAdapter.java:534]
				INFO  o.s.w.s.m.m.a.RequestMappingHandlerAdapter - Looking for @ControllerAdvice: org.springframework.boot.context.embedded.AnnotationConfigEmbeddedWebApplicationContext@4894983e: startup date [Wed Sep 20 08:31:10 GMT 2017]; root of context hierarchy
20/09/2017 08:31:12.131 [localhost-startStop-1] [AbstractHandlerMethodMapping.java:543]
				INFO  o.s.w.s.m.m.a.RequestMappingHandlerMapping - Mapped "{[/workflowBackend/signInActor],methods=[POST],consumes=[application/json],produces=[application/json]}" onto public com.w4.workflowBackend.contracts.ActorResponse com.w4.workflowBackend.services.Service.signInActor(com.w4.workflowBackend.contracts.ActorRequest)
20/09/2017 08:31:12.133 [localhost-startStop-1] [AbstractHandlerMethodMapping.java:543]
				INFO  o.s.w.s.m.m.a.RequestMappingHandlerMapping - Mapped "{[/workflowBackend/saveTask],methods=[POST],consumes=[application/json],produces=[application/json]}" onto public com.w4.workflowBackend.contracts.TaskResponse com.w4.workflowBackend.services.Service.saveTask(com.w4.workflowBackend.contracts.TaskRequest)
20/09/2017 08:31:12.134 [localhost-startStop-1] [AbstractHandlerMethodMapping.java:543]
				INFO  o.s.w.s.m.m.a.RequestMappingHandlerMapping - Mapped "{[/workflowBackend/logoutActor],methods=[POST],consumes=[application/json],produces=[application/json]}" onto public com.w4.workflowBackend.contracts.ActorResponse com.w4.workflowBackend.services.Service.logoutActor(com.w4.workflowBackend.contracts.ActorRequest)
20/09/2017 08:31:12.134 [localhost-startStop-1] [AbstractHandlerMethodMapping.java:543]
				INFO  o.s.w.s.m.m.a.RequestMappingHandlerMapping - Mapped "{[/workflowBackend/lockTask],methods=[POST],consumes=[application/json],produces=[application/json]}" onto public com.w4.workflowBackend.contracts.TaskResponse com.w4.workflowBackend.services.Service.lockTask(com.w4.workflowBackend.contracts.TaskRequest)
20/09/2017 08:31:12.135 [localhost-startStop-1] [AbstractHandlerMethodMapping.java:543]
				INFO  o.s.w.s.m.m.a.RequestMappingHandlerMapping - Mapped "{[/workflowBackend/getWorkcase],methods=[POST],consumes=[application/json],produces=[application/json]}" onto public com.w4.workflowBackend.contracts.TaskResponse com.w4.workflowBackend.services.Service.getWorkcase(com.w4.workflowBackend.contracts.TaskRequest)
20/09/2017 08:31:12.135 [localhost-startStop-1] [AbstractHandlerMethodMapping.java:543]
				INFO  o.s.w.s.m.m.a.RequestMappingHandlerMapping - Mapped "{[/workflowBackend/getCommentaireDossier],methods=[POST],consumes=[application/json],produces=[application/json]}" onto public com.w4.workflowBackend.contracts.CommentaireResponse com.w4.workflowBackend.services.Service.getCommentaireDossier(com.w4.workflowBackend.contracts.CommentaireRequest)
20/09/2017 08:31:12.135 [localhost-startStop-1] [AbstractHandlerMethodMapping.java:543]
				INFO  o.s.w.s.m.m.a.RequestMappingHandlerMapping - Mapped "{[/workflowBackend/getDocumentDossier],methods=[POST],consumes=[application/json],produces=[application/json]}" onto public com.w4.workflowBackend.contracts.DocumentResponse com.w4.workflowBackend.services.Service.getDocumentDossier(com.w4.workflowBackend.contracts.DocumentRequest)
20/09/2017 08:31:12.136 [localhost-startStop-1] [AbstractHandlerMethodMapping.java:543]
				INFO  o.s.w.s.m.m.a.RequestMappingHandlerMapping - Mapped "{[/workflowBackend/unlockTask],methods=[POST],consumes=[application/json],produces=[application/json]}" onto public com.w4.workflowBackend.contracts.TaskResponse com.w4.workflowBackend.services.Service.unlockTask(com.w4.workflowBackend.contracts.TaskRequest)
20/09/2017 08:31:12.136 [localhost-startStop-1] [AbstractHandlerMethodMapping.java:543]
				INFO  o.s.w.s.m.m.a.RequestMappingHandlerMapping - Mapped "{[/workflowBackend/checkTaskStatus],methods=[POST],consumes=[application/json],produces=[application/json]}" onto public com.w4.workflowBackend.contracts.TaskResponse com.w4.workflowBackend.services.Service.checkTaskStatus(com.w4.workflowBackend.contracts.TaskRequest)
20/09/2017 08:31:12.136 [localhost-startStop-1] [AbstractHandlerMethodMapping.java:543]
				INFO  o.s.w.s.m.m.a.RequestMappingHandlerMapping - Mapped "{[/workflowBackend/getTaskVariables],methods=[POST],consumes=[application/json],produces=[application/json]}" onto public com.w4.workflowBackend.contracts.TaskResponse com.w4.workflowBackend.services.Service.getTaskVariables(com.w4.workflowBackend.contracts.TaskRequest)
20/09/2017 08:31:12.137 [localhost-startStop-1] [AbstractHandlerMethodMapping.java:543]
				INFO  o.s.w.s.m.m.a.RequestMappingHandlerMapping - Mapped "{[/workflowBackend/submitTask],methods=[POST],consumes=[application/json],produces=[application/json]}" onto public com.w4.workflowBackend.contracts.TaskResponse com.w4.workflowBackend.services.Service.submitTask(com.w4.workflowBackend.contracts.TaskRequest)
20/09/2017 08:31:12.137 [localhost-startStop-1] [AbstractHandlerMethodMapping.java:543]
				INFO  o.s.w.s.m.m.a.RequestMappingHandlerMapping - Mapped "{[/workflowBackend/getWorkcaseDetails],methods=[POST],consumes=[application/json],produces=[application/json]}" onto public com.w4.workflowBackend.contracts.TaskResponse com.w4.workflowBackend.services.Service.getWorkcaseDetails(com.w4.workflowBackend.contracts.TaskRequest)
20/09/2017 08:31:12.137 [localhost-startStop-1] [AbstractHandlerMethodMapping.java:543]
				INFO  o.s.w.s.m.m.a.RequestMappingHandlerMapping - Mapped "{[/workflowBackend/getAlarmTaskItem],methods=[POST],consumes=[application/json],produces=[application/json]}" onto public com.w4.workflowBackend.contracts.TaskResponse com.w4.workflowBackend.services.Service.getAlarmTaskItem(com.w4.workflowBackend.contracts.TaskRequest)
20/09/2017 08:31:12.138 [localhost-startStop-1] [AbstractHandlerMethodMapping.java:543]
				INFO  o.s.w.s.m.m.a.RequestMappingHandlerMapping - Mapped "{[/workflowBackend/getWorkcaseVariables],methods=[POST],consumes=[application/json],produces=[application/json]}" onto public com.w4.workflowBackend.contracts.TaskResponse com.w4.workflowBackend.services.Service.getWorkcaseVariables(com.w4.workflowBackend.contracts.TaskRequest)
20/09/2017 08:31:12.138 [localhost-startStop-1] [AbstractHandlerMethodMapping.java:543]
				INFO  o.s.w.s.m.m.a.RequestMappingHandlerMapping - Mapped "{[/workflowBackend/searchWorkcase],methods=[POST],consumes=[application/json],produces=[application/json]}" onto public com.w4.workflowBackend.contracts.TaskResponse com.w4.workflowBackend.services.Service.searchWorkcase(com.w4.workflowBackend.contracts.TaskRequest)
20/09/2017 08:31:12.138 [localhost-startStop-1] [AbstractHandlerMethodMapping.java:543]
				INFO  o.s.w.s.m.m.a.RequestMappingHandlerMapping - Mapped "{[/workflowBackend/getRole],methods=[POST],consumes=[application/json],produces=[application/json]}" onto public com.w4.workflowBackend.contracts.RoleResponse com.w4.workflowBackend.services.Service.getRole(com.w4.workflowBackend.contracts.RoleRequest)
20/09/2017 08:31:12.140 [localhost-startStop-1] [AbstractHandlerMethodMapping.java:543]
				INFO  o.s.w.s.m.m.a.RequestMappingHandlerMapping - Mapped "{[/workflowBackend/createWorkcase],methods=[POST],consumes=[application/json],produces=[application/json]}" onto public com.w4.workflowBackend.contracts.TaskResponse com.w4.workflowBackend.services.Service.createWorkcase(com.w4.workflowBackend.contracts.TaskRequest)
20/09/2017 08:31:12.140 [localhost-startStop-1] [AbstractHandlerMethodMapping.java:543]
				INFO  o.s.w.s.m.m.a.RequestMappingHandlerMapping - Mapped "{[/workflowBackend/getTaskMyGoupLock],methods=[POST],consumes=[application/json],produces=[application/json]}" onto public com.w4.workflowBackend.contracts.TaskResponse com.w4.workflowBackend.services.Service.getTaskMyGoupLock(com.w4.workflowBackend.contracts.TaskRequest)
20/09/2017 08:31:12.140 [localhost-startStop-1] [AbstractHandlerMethodMapping.java:543]
				INFO  o.s.w.s.m.m.a.RequestMappingHandlerMapping - Mapped "{[/workflowBackend/getListActorByRole],methods=[POST],consumes=[application/json],produces=[application/json]}" onto public com.w4.workflowBackend.contracts.ActorResponse com.w4.workflowBackend.services.Service.getListActorByRole(com.w4.workflowBackend.contracts.ActorRequest)
20/09/2017 08:31:12.141 [localhost-startStop-1] [AbstractHandlerMethodMapping.java:543]
				INFO  o.s.w.s.m.m.a.RequestMappingHandlerMapping - Mapped "{[/workflowBackend/getStep],methods=[POST],consumes=[application/json],produces=[application/json]}" onto public com.w4.workflowBackend.contracts.StepResponse com.w4.workflowBackend.services.Service.getStep(com.w4.workflowBackend.contracts.StepRequest)
20/09/2017 08:31:12.141 [localhost-startStop-1] [AbstractHandlerMethodMapping.java:543]
				INFO  o.s.w.s.m.m.a.RequestMappingHandlerMapping - Mapped "{[/workflowBackend/getMyTaskLock],methods=[POST],consumes=[application/json],produces=[application/json]}" onto public com.w4.workflowBackend.contracts.TaskResponse com.w4.workflowBackend.services.Service.getMyTaskLock(com.w4.workflowBackend.contracts.TaskRequest)
20/09/2017 08:31:12.142 [localhost-startStop-1] [AbstractHandlerMethodMapping.java:543]
				INFO  o.s.w.s.m.m.a.RequestMappingHandlerMapping - Mapped "{[/workflowBackend/getMyTaskLockByActor],methods=[POST],consumes=[application/json],produces=[application/json]}" onto public com.w4.workflowBackend.contracts.TaskResponse com.w4.workflowBackend.services.Service.getMyTaskLockByActor(com.w4.workflowBackend.contracts.TaskRequest)
20/09/2017 08:31:12.142 [localhost-startStop-1] [AbstractHandlerMethodMapping.java:543]
				INFO  o.s.w.s.m.m.a.RequestMappingHandlerMapping - Mapped "{[/workflowBackend/getMyTaskOffer],methods=[POST],consumes=[application/json],produces=[application/json]}" onto public com.w4.workflowBackend.contracts.TaskResponse com.w4.workflowBackend.services.Service.getMyTaskOffer(com.w4.workflowBackend.contracts.TaskRequest)
20/09/2017 08:31:12.142 [localhost-startStop-1] [AbstractHandlerMethodMapping.java:543]
				INFO  o.s.w.s.m.m.a.RequestMappingHandlerMapping - Mapped "{[/workflowBackend/attachFile],methods=[POST],consumes=[application/json],produces=[application/json]}" onto public com.w4.workflowBackend.contracts.DocumentResponse com.w4.workflowBackend.services.Service.attachFile(com.w4.workflowBackend.contracts.TaskRequest)
20/09/2017 08:31:12.143 [localhost-startStop-1] [AbstractHandlerMethodMapping.java:543]
				INFO  o.s.w.s.m.m.a.RequestMappingHandlerMapping - Mapped "{[/workflowBackend/reassignTask],methods=[POST],consumes=[application/json],produces=[application/json]}" onto public com.w4.workflowBackend.contracts.TaskResponse com.w4.workflowBackend.services.Service.reassignTask(com.w4.workflowBackend.contracts.TaskRequest)
20/09/2017 08:31:12.145 [localhost-startStop-1] [AbstractHandlerMethodMapping.java:543]
				INFO  o.s.w.s.m.m.a.RequestMappingHandlerMapping - Mapped "{[/error]}" onto public org.springframework.http.ResponseEntity<java.util.Map<java.lang.String, java.lang.Object>> org.springframework.boot.autoconfigure.web.BasicErrorController.error(javax.servlet.http.HttpServletRequest)
20/09/2017 08:31:12.145 [localhost-startStop-1] [AbstractHandlerMethodMapping.java:543]
				INFO  o.s.w.s.m.m.a.RequestMappingHandlerMapping - Mapped "{[/error],produces=[text/html]}" onto public org.springframework.web.servlet.ModelAndView org.springframework.boot.autoconfigure.web.BasicErrorController.errorHtml(javax.servlet.http.HttpServletRequest,javax.servlet.http.HttpServletResponse)
20/09/2017 08:31:12.171 [localhost-startStop-1] [AbstractUrlHandlerMapping.java:362]
				INFO  o.s.w.s.h.SimpleUrlHandlerMapping - Mapped URL path [/webjars/**] onto handler of type [class org.springframework.web.servlet.resource.ResourceHttpRequestHandler]
20/09/2017 08:31:12.171 [localhost-startStop-1] [AbstractUrlHandlerMapping.java:362]
				INFO  o.s.w.s.h.SimpleUrlHandlerMapping - Mapped URL path [/**] onto handler of type [class org.springframework.web.servlet.resource.ResourceHttpRequestHandler]
20/09/2017 08:31:12.210 [localhost-startStop-1] [AbstractUrlHandlerMapping.java:362]
				INFO  o.s.w.s.h.SimpleUrlHandlerMapping - Mapped URL path [/**/favicon.ico] onto handler of type [class org.springframework.web.servlet.resource.ResourceHttpRequestHandler]
20/09/2017 08:31:12.346 [localhost-startStop-1] [MBeanExporter.java:431]
				INFO  o.s.j.e.a.AnnotationMBeanExporter - Registering beans for JMX exposure on startup
20/09/2017 08:31:12.361 [localhost-startStop-1] [StartupInfoLogger.java:57]
				INFO  c.w.w.ServletInitializer - Started ServletInitializer in 2.274 seconds (JVM running for 12.802)
20/09/2017 08:32:24.454 [http-nio-8090-exec-1] [DirectJDKLog.java:179]
				INFO  o.a.c.c.C.[Tomcat].[localhost].[/] - Initializing Spring FrameworkServlet 'dispatcherServlet'
20/09/2017 08:32:24.454 [http-nio-8090-exec-1] [FrameworkServlet.java:489]
				INFO  o.s.web.servlet.DispatcherServlet - FrameworkServlet 'dispatcherServlet': initialization started
20/09/2017 08:32:24.466 [http-nio-8090-exec-1] [FrameworkServlet.java:508]
				INFO  o.s.web.servlet.DispatcherServlet - FrameworkServlet 'dispatcherServlet': initialization completed in 11 ms
20/09/2017 08:32:24.478 [http-nio-8090-exec-1] [RequestInterceptor.java:24]
				INFO  c.w.w.i.RequestInterceptor - Avant de traiter la requete
20/09/2017 08:32:24.480 [http-nio-8090-exec-1] [RequestInterceptor.java:31]
				INFO  c.w.w.i.RequestInterceptor - La methode est executé
20/09/2017 08:32:24.480 [http-nio-8090-exec-1] [RequestInterceptor.java:37]
				INFO  c.w.w.i.RequestInterceptor - La requete est terminée!
20/09/2017 08:32:24.518 [http-nio-8090-exec-2] [RequestInterceptor.java:24]
				INFO  c.w.w.i.RequestInterceptor - Avant de traiter la requete
20/09/2017 08:32:24.587 [http-nio-8090-exec-2] [Service.java:20]
				INFO  c.w.workflowBackend.services.Service - ...........................begin method signInActor............................
20/09/2017 08:32:25.948 [http-nio-8090-exec-2] [Service.java:37]
				INFO  c.w.workflowBackend.services.Service - ...........................end method signInActor............................
20/09/2017 08:32:25.978 [http-nio-8090-exec-2] [RequestInterceptor.java:31]
				INFO  c.w.w.i.RequestInterceptor - La methode est executé
20/09/2017 08:32:25.978 [http-nio-8090-exec-2] [RequestInterceptor.java:37]
				INFO  c.w.w.i.RequestInterceptor - La requete est terminée!
20/09/2017 10:55:09.494 [RMI TCP Connection(2)-127.0.0.1] [SpringApplicationAdminMXBeanRegistrar.java:125]
				INFO  o.s.b.a.SpringApplicationAdminMXBeanRegistrar$SpringApplicationAdmin - Application shutdown requested.
20/09/2017 10:55:09.494 [RMI TCP Connection(2)-127.0.0.1] [AbstractApplicationContext.java:987]
				INFO  o.s.b.c.e.AnnotationConfigEmbeddedWebApplicationContext - Closing org.springframework.boot.context.embedded.AnnotationConfigEmbeddedWebApplicationContext@3b2cf7ab: startup date [Wed Sep 20 08:30:52 GMT 2017]; root of context hierarchy
20/09/2017 10:55:09.496 [RMI TCP Connection(2)-127.0.0.1] [MBeanExporter.java:449]
				INFO  o.s.j.e.a.AnnotationMBeanExporter - Unregistering JMX-exposed beans on shutdown
20/09/2017 10:55:57.525 [Thread-6] [AbstractApplicationContext.java:987]
				INFO  o.s.b.c.e.AnnotationConfigEmbeddedWebApplicationContext - Closing org.springframework.boot.context.embedded.AnnotationConfigEmbeddedWebApplicationContext@4894983e: startup date [Wed Sep 20 08:31:10 GMT 2017]; root of context hierarchy
20/09/2017 10:55:57.530 [Thread-6] [MBeanExporter.java:449]
				INFO  o.s.j.e.a.AnnotationMBeanExporter - Unregistering JMX-exposed beans on shutdown
20/09/2017 15:46:32.998 [localhost-startStop-1] [StartupInfoLogger.java:48]
				INFO  c.w.w.ServletInitializer - Starting ServletInitializer v0.0.1-SNAPSHOT on MacBook-Pro-de-HIE.local with PID 2402 (/Users/frederic/Documents/serveur/apache-tomcat-8.5.9/webapps/w4-api/WEB-INF/classes started by frederic in /Users/frederic/Documents/serveur/apache-tomcat-8.5.9/bin)
20/09/2017 15:46:33.002 [localhost-startStop-1] [StartupInfoLogger.java:51]
				DEBUG c.w.w.ServletInitializer - Running with Spring Boot v1.5.2.RELEASE, Spring v4.3.7.RELEASE
20/09/2017 15:46:33.002 [localhost-startStop-1] [SpringApplication.java:641]
				INFO  c.w.w.ServletInitializer - The following profiles are active: dev
20/09/2017 15:46:33.047 [localhost-startStop-1] [AbstractApplicationContext.java:582]
				INFO  o.s.b.c.e.AnnotationConfigEmbeddedWebApplicationContext - Refreshing org.springframework.boot.context.embedded.AnnotationConfigEmbeddedWebApplicationContext@12638984: startup date [Wed Sep 20 15:46:33 GMT 2017]; root of context hierarchy
20/09/2017 15:46:33.129 [background-preinit] [Version.java:30]
				INFO  o.h.validator.internal.util.Version - HV000001: Hibernate Validator 5.3.4.Final
20/09/2017 15:46:34.388 [localhost-startStop-1] [EmbeddedWebApplicationContext.java:276]
				INFO  o.s.web.context.ContextLoader - Root WebApplicationContext: initialization completed in 1341 ms
20/09/2017 15:46:35.752 [localhost-startStop-1] [ServletRegistrationBean.java:190]
				INFO  o.s.b.w.s.ServletRegistrationBean - Mapping servlet: 'dispatcherServlet' to [/]
20/09/2017 15:46:35.753 [localhost-startStop-1] [AbstractFilterRegistrationBean.java:258]
				INFO  o.s.b.w.s.FilterRegistrationBean - Mapping filter: 'errorPageFilter' to: [/*]
20/09/2017 15:46:35.753 [localhost-startStop-1] [AbstractFilterRegistrationBean.java:258]
				INFO  o.s.b.w.s.FilterRegistrationBean - Mapping filter: 'characterEncodingFilter' to: [/*]
20/09/2017 15:46:35.753 [localhost-startStop-1] [AbstractFilterRegistrationBean.java:258]
				INFO  o.s.b.w.s.FilterRegistrationBean - Mapping filter: 'hiddenHttpMethodFilter' to: [/*]
20/09/2017 15:46:35.753 [localhost-startStop-1] [AbstractFilterRegistrationBean.java:258]
				INFO  o.s.b.w.s.FilterRegistrationBean - Mapping filter: 'httpPutFormContentFilter' to: [/*]
20/09/2017 15:46:35.754 [localhost-startStop-1] [AbstractFilterRegistrationBean.java:258]
				INFO  o.s.b.w.s.FilterRegistrationBean - Mapping filter: 'requestContextFilter' to: [/*]
20/09/2017 15:46:36.413 [localhost-startStop-1] [RequestMappingHandlerAdapter.java:534]
				INFO  o.s.w.s.m.m.a.RequestMappingHandlerAdapter - Looking for @ControllerAdvice: org.springframework.boot.context.embedded.AnnotationConfigEmbeddedWebApplicationContext@12638984: startup date [Wed Sep 20 15:46:33 GMT 2017]; root of context hierarchy
20/09/2017 15:46:36.579 [localhost-startStop-1] [AbstractHandlerMethodMapping.java:543]
				INFO  o.s.w.s.m.m.a.RequestMappingHandlerMapping - Mapped "{[/workflowBackend/createWorkcase],methods=[POST],consumes=[application/json],produces=[application/json]}" onto public com.w4.workflowBackend.contracts.TaskResponse com.w4.workflowBackend.services.Service.createWorkcase(com.w4.workflowBackend.contracts.TaskRequest)
20/09/2017 15:46:36.583 [localhost-startStop-1] [AbstractHandlerMethodMapping.java:543]
				INFO  o.s.w.s.m.m.a.RequestMappingHandlerMapping - Mapped "{[/workflowBackend/getRole],methods=[POST],consumes=[application/json],produces=[application/json]}" onto public com.w4.workflowBackend.contracts.RoleResponse com.w4.workflowBackend.services.Service.getRole(com.w4.workflowBackend.contracts.RoleRequest)
20/09/2017 15:46:36.584 [localhost-startStop-1] [AbstractHandlerMethodMapping.java:543]
				INFO  o.s.w.s.m.m.a.RequestMappingHandlerMapping - Mapped "{[/workflowBackend/logoutActor],methods=[POST],consumes=[application/json],produces=[application/json]}" onto public com.w4.workflowBackend.contracts.ActorResponse com.w4.workflowBackend.services.Service.logoutActor(com.w4.workflowBackend.contracts.ActorRequest)
20/09/2017 15:46:36.585 [localhost-startStop-1] [AbstractHandlerMethodMapping.java:543]
				INFO  o.s.w.s.m.m.a.RequestMappingHandlerMapping - Mapped "{[/workflowBackend/signInActor],methods=[POST],consumes=[application/json],produces=[application/json]}" onto public com.w4.workflowBackend.contracts.ActorResponse com.w4.workflowBackend.services.Service.signInActor(com.w4.workflowBackend.contracts.ActorRequest)
20/09/2017 15:46:36.586 [localhost-startStop-1] [AbstractHandlerMethodMapping.java:543]
				INFO  o.s.w.s.m.m.a.RequestMappingHandlerMapping - Mapped "{[/workflowBackend/lockTask],methods=[POST],consumes=[application/json],produces=[application/json]}" onto public com.w4.workflowBackend.contracts.TaskResponse com.w4.workflowBackend.services.Service.lockTask(com.w4.workflowBackend.contracts.TaskRequest)
20/09/2017 15:46:36.586 [localhost-startStop-1] [AbstractHandlerMethodMapping.java:543]
				INFO  o.s.w.s.m.m.a.RequestMappingHandlerMapping - Mapped "{[/workflowBackend/getWorkcase],methods=[POST],consumes=[application/json],produces=[application/json]}" onto public com.w4.workflowBackend.contracts.TaskResponse com.w4.workflowBackend.services.Service.getWorkcase(com.w4.workflowBackend.contracts.TaskRequest)
20/09/2017 15:46:36.587 [localhost-startStop-1] [AbstractHandlerMethodMapping.java:543]
				INFO  o.s.w.s.m.m.a.RequestMappingHandlerMapping - Mapped "{[/workflowBackend/getCommentaireDossier],methods=[POST],consumes=[application/json],produces=[application/json]}" onto public com.w4.workflowBackend.contracts.CommentaireResponse com.w4.workflowBackend.services.Service.getCommentaireDossier(com.w4.workflowBackend.contracts.CommentaireRequest)
20/09/2017 15:46:36.587 [localhost-startStop-1] [AbstractHandlerMethodMapping.java:543]
				INFO  o.s.w.s.m.m.a.RequestMappingHandlerMapping - Mapped "{[/workflowBackend/getDocumentDossier],methods=[POST],consumes=[application/json],produces=[application/json]}" onto public com.w4.workflowBackend.contracts.DocumentResponse com.w4.workflowBackend.services.Service.getDocumentDossier(com.w4.workflowBackend.contracts.DocumentRequest)
20/09/2017 15:46:36.588 [localhost-startStop-1] [AbstractHandlerMethodMapping.java:543]
				INFO  o.s.w.s.m.m.a.RequestMappingHandlerMapping - Mapped "{[/workflowBackend/unlockTask],methods=[POST],consumes=[application/json],produces=[application/json]}" onto public com.w4.workflowBackend.contracts.TaskResponse com.w4.workflowBackend.services.Service.unlockTask(com.w4.workflowBackend.contracts.TaskRequest)
20/09/2017 15:46:36.589 [localhost-startStop-1] [AbstractHandlerMethodMapping.java:543]
				INFO  o.s.w.s.m.m.a.RequestMappingHandlerMapping - Mapped "{[/workflowBackend/checkTaskStatus],methods=[POST],consumes=[application/json],produces=[application/json]}" onto public com.w4.workflowBackend.contracts.TaskResponse com.w4.workflowBackend.services.Service.checkTaskStatus(com.w4.workflowBackend.contracts.TaskRequest)
20/09/2017 15:46:36.590 [localhost-startStop-1] [AbstractHandlerMethodMapping.java:543]
				INFO  o.s.w.s.m.m.a.RequestMappingHandlerMapping - Mapped "{[/workflowBackend/getTaskVariables],methods=[POST],consumes=[application/json],produces=[application/json]}" onto public com.w4.workflowBackend.contracts.TaskResponse com.w4.workflowBackend.services.Service.getTaskVariables(com.w4.workflowBackend.contracts.TaskRequest)
20/09/2017 15:46:36.590 [localhost-startStop-1] [AbstractHandlerMethodMapping.java:543]
				INFO  o.s.w.s.m.m.a.RequestMappingHandlerMapping - Mapped "{[/workflowBackend/saveTask],methods=[POST],consumes=[application/json],produces=[application/json]}" onto public com.w4.workflowBackend.contracts.TaskResponse com.w4.workflowBackend.services.Service.saveTask(com.w4.workflowBackend.contracts.TaskRequest)
20/09/2017 15:46:36.591 [localhost-startStop-1] [AbstractHandlerMethodMapping.java:543]
				INFO  o.s.w.s.m.m.a.RequestMappingHandlerMapping - Mapped "{[/workflowBackend/submitTask],methods=[POST],consumes=[application/json],produces=[application/json]}" onto public com.w4.workflowBackend.contracts.TaskResponse com.w4.workflowBackend.services.Service.submitTask(com.w4.workflowBackend.contracts.TaskRequest)
20/09/2017 15:46:36.592 [localhost-startStop-1] [AbstractHandlerMethodMapping.java:543]
				INFO  o.s.w.s.m.m.a.RequestMappingHandlerMapping - Mapped "{[/workflowBackend/getWorkcaseDetails],methods=[POST],consumes=[application/json],produces=[application/json]}" onto public com.w4.workflowBackend.contracts.TaskResponse com.w4.workflowBackend.services.Service.getWorkcaseDetails(com.w4.workflowBackend.contracts.TaskRequest)
20/09/2017 15:46:36.592 [localhost-startStop-1] [AbstractHandlerMethodMapping.java:543]
				INFO  o.s.w.s.m.m.a.RequestMappingHandlerMapping - Mapped "{[/workflowBackend/getAlarmTaskItem],methods=[POST],consumes=[application/json],produces=[application/json]}" onto public com.w4.workflowBackend.contracts.TaskResponse com.w4.workflowBackend.services.Service.getAlarmTaskItem(com.w4.workflowBackend.contracts.TaskRequest)
20/09/2017 15:46:36.593 [localhost-startStop-1] [AbstractHandlerMethodMapping.java:543]
				INFO  o.s.w.s.m.m.a.RequestMappingHandlerMapping - Mapped "{[/workflowBackend/getWorkcaseVariables],methods=[POST],consumes=[application/json],produces=[application/json]}" onto public com.w4.workflowBackend.contracts.TaskResponse com.w4.workflowBackend.services.Service.getWorkcaseVariables(com.w4.workflowBackend.contracts.TaskRequest)
20/09/2017 15:46:36.596 [localhost-startStop-1] [AbstractHandlerMethodMapping.java:543]
				INFO  o.s.w.s.m.m.a.RequestMappingHandlerMapping - Mapped "{[/workflowBackend/searchWorkcase],methods=[POST],consumes=[application/json],produces=[application/json]}" onto public com.w4.workflowBackend.contracts.TaskResponse com.w4.workflowBackend.services.Service.searchWorkcase(com.w4.workflowBackend.contracts.TaskRequest)
20/09/2017 15:46:36.596 [localhost-startStop-1] [AbstractHandlerMethodMapping.java:543]
				INFO  o.s.w.s.m.m.a.RequestMappingHandlerMapping - Mapped "{[/workflowBackend/getMyTaskLock],methods=[POST],consumes=[application/json],produces=[application/json]}" onto public com.w4.workflowBackend.contracts.TaskResponse com.w4.workflowBackend.services.Service.getMyTaskLock(com.w4.workflowBackend.contracts.TaskRequest)
20/09/2017 15:46:36.597 [localhost-startStop-1] [AbstractHandlerMethodMapping.java:543]
				INFO  o.s.w.s.m.m.a.RequestMappingHandlerMapping - Mapped "{[/workflowBackend/getTaskMyGoupLock],methods=[POST],consumes=[application/json],produces=[application/json]}" onto public com.w4.workflowBackend.contracts.TaskResponse com.w4.workflowBackend.services.Service.getTaskMyGoupLock(com.w4.workflowBackend.contracts.TaskRequest)
20/09/2017 15:46:36.598 [localhost-startStop-1] [AbstractHandlerMethodMapping.java:543]
				INFO  o.s.w.s.m.m.a.RequestMappingHandlerMapping - Mapped "{[/workflowBackend/getListActorByRole],methods=[POST],consumes=[application/json],produces=[application/json]}" onto public com.w4.workflowBackend.contracts.ActorResponse com.w4.workflowBackend.services.Service.getListActorByRole(com.w4.workflowBackend.contracts.ActorRequest)
20/09/2017 15:46:36.598 [localhost-startStop-1] [AbstractHandlerMethodMapping.java:543]
				INFO  o.s.w.s.m.m.a.RequestMappingHandlerMapping - Mapped "{[/workflowBackend/getStep],methods=[POST],consumes=[application/json],produces=[application/json]}" onto public com.w4.workflowBackend.contracts.StepResponse com.w4.workflowBackend.services.Service.getStep(com.w4.workflowBackend.contracts.StepRequest)
20/09/2017 15:46:36.599 [localhost-startStop-1] [AbstractHandlerMethodMapping.java:543]
				INFO  o.s.w.s.m.m.a.RequestMappingHandlerMapping - Mapped "{[/workflowBackend/getMyTaskLockByActor],methods=[POST],consumes=[application/json],produces=[application/json]}" onto public com.w4.workflowBackend.contracts.TaskResponse com.w4.workflowBackend.services.Service.getMyTaskLockByActor(com.w4.workflowBackend.contracts.TaskRequest)
20/09/2017 15:46:36.599 [localhost-startStop-1] [AbstractHandlerMethodMapping.java:543]
				INFO  o.s.w.s.m.m.a.RequestMappingHandlerMapping - Mapped "{[/workflowBackend/getMyTaskOffer],methods=[POST],consumes=[application/json],produces=[application/json]}" onto public com.w4.workflowBackend.contracts.TaskResponse com.w4.workflowBackend.services.Service.getMyTaskOffer(com.w4.workflowBackend.contracts.TaskRequest)
20/09/2017 15:46:36.600 [localhost-startStop-1] [AbstractHandlerMethodMapping.java:543]
				INFO  o.s.w.s.m.m.a.RequestMappingHandlerMapping - Mapped "{[/workflowBackend/attachFile],methods=[POST],consumes=[application/json],produces=[application/json]}" onto public com.w4.workflowBackend.contracts.DocumentResponse com.w4.workflowBackend.services.Service.attachFile(com.w4.workflowBackend.contracts.TaskRequest)
20/09/2017 15:46:36.601 [localhost-startStop-1] [AbstractHandlerMethodMapping.java:543]
				INFO  o.s.w.s.m.m.a.RequestMappingHandlerMapping - Mapped "{[/workflowBackend/reassignTask],methods=[POST],consumes=[application/json],produces=[application/json]}" onto public com.w4.workflowBackend.contracts.TaskResponse com.w4.workflowBackend.services.Service.reassignTask(com.w4.workflowBackend.contracts.TaskRequest)
20/09/2017 15:46:36.605 [localhost-startStop-1] [AbstractHandlerMethodMapping.java:543]
				INFO  o.s.w.s.m.m.a.RequestMappingHandlerMapping - Mapped "{[/error]}" onto public org.springframework.http.ResponseEntity<java.util.Map<java.lang.String, java.lang.Object>> org.springframework.boot.autoconfigure.web.BasicErrorController.error(javax.servlet.http.HttpServletRequest)
20/09/2017 15:46:36.605 [localhost-startStop-1] [AbstractHandlerMethodMapping.java:543]
				INFO  o.s.w.s.m.m.a.RequestMappingHandlerMapping - Mapped "{[/error],produces=[text/html]}" onto public org.springframework.web.servlet.ModelAndView org.springframework.boot.autoconfigure.web.BasicErrorController.errorHtml(javax.servlet.http.HttpServletRequest,javax.servlet.http.HttpServletResponse)
20/09/2017 15:46:36.691 [localhost-startStop-1] [AbstractUrlHandlerMapping.java:362]
				INFO  o.s.w.s.h.SimpleUrlHandlerMapping - Mapped URL path [/webjars/**] onto handler of type [class org.springframework.web.servlet.resource.ResourceHttpRequestHandler]
20/09/2017 15:46:36.691 [localhost-startStop-1] [AbstractUrlHandlerMapping.java:362]
				INFO  o.s.w.s.h.SimpleUrlHandlerMapping - Mapped URL path [/**] onto handler of type [class org.springframework.web.servlet.resource.ResourceHttpRequestHandler]
20/09/2017 15:46:36.814 [localhost-startStop-1] [AbstractUrlHandlerMapping.java:362]
				INFO  o.s.w.s.h.SimpleUrlHandlerMapping - Mapped URL path [/**/favicon.ico] onto handler of type [class org.springframework.web.servlet.resource.ResourceHttpRequestHandler]
20/09/2017 15:46:37.468 [localhost-startStop-1] [MBeanExporter.java:431]
				INFO  o.s.j.e.a.AnnotationMBeanExporter - Registering beans for JMX exposure on startup
20/09/2017 15:46:37.513 [localhost-startStop-1] [StartupInfoLogger.java:57]
				INFO  c.w.w.ServletInitializer - Started ServletInitializer in 5.336 seconds (JVM running for 17.713)
20/09/2017 17:23:42.980 [main] [StartupInfoLogger.java:48]
				INFO  com.w4.workflowBackend.Main - Starting Main on MacBook-Pro-de-HIE.local with PID 3017 (/Users/frederic/Documents/workspace-sts-3.8.3.RELEASE/workflowBackend/target/classes started by frederic in /Users/frederic/Documents/workspace-sts-3.8.3.RELEASE/workflowBackend)
20/09/2017 17:23:42.982 [main] [StartupInfoLogger.java:51]
				DEBUG com.w4.workflowBackend.Main - Running with Spring Boot v1.5.2.RELEASE, Spring v4.3.7.RELEASE
20/09/2017 17:23:42.982 [main] [SpringApplication.java:641]
				INFO  com.w4.workflowBackend.Main - The following profiles are active: dev
20/09/2017 17:23:43.024 [main] [AbstractApplicationContext.java:582]
				INFO  o.s.b.c.e.AnnotationConfigEmbeddedWebApplicationContext - Refreshing org.springframework.boot.context.embedded.AnnotationConfigEmbeddedWebApplicationContext@3b2cf7ab: startup date [Wed Sep 20 17:23:43 GMT 2017]; root of context hierarchy
20/09/2017 17:23:43.205 [background-preinit] [Version.java:30]
				INFO  o.h.validator.internal.util.Version - HV000001: Hibernate Validator 5.3.4.Final
20/09/2017 17:23:43.861 [main] [TomcatEmbeddedServletContainer.java:89]
				INFO  o.s.b.c.e.t.TomcatEmbeddedServletContainer - Tomcat initialized with port(s): 8090 (http)
20/09/2017 17:23:43.870 [main] [DirectJDKLog.java:179]
				INFO  o.a.catalina.core.StandardService - Starting service Tomcat
20/09/2017 17:23:43.871 [main] [DirectJDKLog.java:179]
				INFO  o.a.catalina.core.StandardEngine - Starting Servlet Engine: Apache Tomcat/8.5.11
20/09/2017 17:23:43.921 [localhost-startStop-1] [DirectJDKLog.java:179]
				INFO  o.a.c.c.C.[Tomcat].[localhost].[/] - Initializing Spring embedded WebApplicationContext
20/09/2017 17:23:43.921 [localhost-startStop-1] [EmbeddedWebApplicationContext.java:276]
				INFO  o.s.web.context.ContextLoader - Root WebApplicationContext: initialization completed in 897 ms
20/09/2017 17:23:44.005 [localhost-startStop-1] [ServletRegistrationBean.java:190]
				INFO  o.s.b.w.s.ServletRegistrationBean - Mapping servlet: 'dispatcherServlet' to [/]
20/09/2017 17:23:44.010 [localhost-startStop-1] [AbstractFilterRegistrationBean.java:258]
				INFO  o.s.b.w.s.FilterRegistrationBean - Mapping filter: 'crossFilter' to: [/*]
20/09/2017 17:23:44.010 [localhost-startStop-1] [AbstractFilterRegistrationBean.java:258]
				INFO  o.s.b.w.s.FilterRegistrationBean - Mapping filter: 'characterEncodingFilter' to: [/*]
20/09/2017 17:23:44.010 [localhost-startStop-1] [AbstractFilterRegistrationBean.java:258]
				INFO  o.s.b.w.s.FilterRegistrationBean - Mapping filter: 'hiddenHttpMethodFilter' to: [/*]
20/09/2017 17:23:44.011 [localhost-startStop-1] [AbstractFilterRegistrationBean.java:258]
				INFO  o.s.b.w.s.FilterRegistrationBean - Mapping filter: 'httpPutFormContentFilter' to: [/*]
20/09/2017 17:23:44.011 [localhost-startStop-1] [AbstractFilterRegistrationBean.java:258]
				INFO  o.s.b.w.s.FilterRegistrationBean - Mapping filter: 'requestContextFilter' to: [/*]
20/09/2017 17:23:44.206 [main] [RequestMappingHandlerAdapter.java:534]
				INFO  o.s.w.s.m.m.a.RequestMappingHandlerAdapter - Looking for @ControllerAdvice: org.springframework.boot.context.embedded.AnnotationConfigEmbeddedWebApplicationContext@3b2cf7ab: startup date [Wed Sep 20 17:23:43 GMT 2017]; root of context hierarchy
20/09/2017 17:23:44.260 [main] [AbstractHandlerMethodMapping.java:543]
				INFO  o.s.w.s.m.m.a.RequestMappingHandlerMapping - Mapped "{[/workflowBackend/getStep],methods=[POST],consumes=[application/json],produces=[application/json]}" onto public com.w4.workflowBackend.contracts.StepResponse com.w4.workflowBackend.services.Service.getStep(com.w4.workflowBackend.contracts.StepRequest)
20/09/2017 17:23:44.262 [main] [AbstractHandlerMethodMapping.java:543]
				INFO  o.s.w.s.m.m.a.RequestMappingHandlerMapping - Mapped "{[/workflowBackend/signInActor],methods=[POST],consumes=[application/json],produces=[application/json]}" onto public com.w4.workflowBackend.contracts.ActorResponse com.w4.workflowBackend.services.Service.signInActor(com.w4.workflowBackend.contracts.ActorRequest)
20/09/2017 17:23:44.262 [main] [AbstractHandlerMethodMapping.java:543]
				INFO  o.s.w.s.m.m.a.RequestMappingHandlerMapping - Mapped "{[/workflowBackend/logoutActor],methods=[POST],consumes=[application/json],produces=[application/json]}" onto public com.w4.workflowBackend.contracts.ActorResponse com.w4.workflowBackend.services.Service.logoutActor(com.w4.workflowBackend.contracts.ActorRequest)
20/09/2017 17:23:44.263 [main] [AbstractHandlerMethodMapping.java:543]
				INFO  o.s.w.s.m.m.a.RequestMappingHandlerMapping - Mapped "{[/workflowBackend/createWorkcase],methods=[POST],consumes=[application/json],produces=[application/json]}" onto public com.w4.workflowBackend.contracts.TaskResponse com.w4.workflowBackend.services.Service.createWorkcase(com.w4.workflowBackend.contracts.TaskRequest)
20/09/2017 17:23:44.263 [main] [AbstractHandlerMethodMapping.java:543]
				INFO  o.s.w.s.m.m.a.RequestMappingHandlerMapping - Mapped "{[/workflowBackend/saveTask],methods=[POST],consumes=[application/json],produces=[application/json]}" onto public com.w4.workflowBackend.contracts.TaskResponse com.w4.workflowBackend.services.Service.saveTask(com.w4.workflowBackend.contracts.TaskRequest)
20/09/2017 17:23:44.263 [main] [AbstractHandlerMethodMapping.java:543]
				INFO  o.s.w.s.m.m.a.RequestMappingHandlerMapping - Mapped "{[/workflowBackend/getWorkcase],methods=[POST],consumes=[application/json],produces=[application/json]}" onto public com.w4.workflowBackend.contracts.TaskResponse com.w4.workflowBackend.services.Service.getWorkcase(com.w4.workflowBackend.contracts.TaskRequest)
20/09/2017 17:23:44.264 [main] [AbstractHandlerMethodMapping.java:543]
				INFO  o.s.w.s.m.m.a.RequestMappingHandlerMapping - Mapped "{[/workflowBackend/getCommentaireDossier],methods=[POST],consumes=[application/json],produces=[application/json]}" onto public com.w4.workflowBackend.contracts.CommentaireResponse com.w4.workflowBackend.services.Service.getCommentaireDossier(com.w4.workflowBackend.contracts.CommentaireRequest)
20/09/2017 17:23:44.264 [main] [AbstractHandlerMethodMapping.java:543]
				INFO  o.s.w.s.m.m.a.RequestMappingHandlerMapping - Mapped "{[/workflowBackend/lockTask],methods=[POST],consumes=[application/json],produces=[application/json]}" onto public com.w4.workflowBackend.contracts.TaskResponse com.w4.workflowBackend.services.Service.lockTask(com.w4.workflowBackend.contracts.TaskRequest)
20/09/2017 17:23:44.264 [main] [AbstractHandlerMethodMapping.java:543]
				INFO  o.s.w.s.m.m.a.RequestMappingHandlerMapping - Mapped "{[/workflowBackend/getDocumentDossier],methods=[POST],consumes=[application/json],produces=[application/json]}" onto public com.w4.workflowBackend.contracts.DocumentResponse com.w4.workflowBackend.services.Service.getDocumentDossier(com.w4.workflowBackend.contracts.DocumentRequest)
20/09/2017 17:23:44.265 [main] [AbstractHandlerMethodMapping.java:543]
				INFO  o.s.w.s.m.m.a.RequestMappingHandlerMapping - Mapped "{[/workflowBackend/unlockTask],methods=[POST],consumes=[application/json],produces=[application/json]}" onto public com.w4.workflowBackend.contracts.TaskResponse com.w4.workflowBackend.services.Service.unlockTask(com.w4.workflowBackend.contracts.TaskRequest)
20/09/2017 17:23:44.265 [main] [AbstractHandlerMethodMapping.java:543]
				INFO  o.s.w.s.m.m.a.RequestMappingHandlerMapping - Mapped "{[/workflowBackend/checkTaskStatus],methods=[POST],consumes=[application/json],produces=[application/json]}" onto public com.w4.workflowBackend.contracts.TaskResponse com.w4.workflowBackend.services.Service.checkTaskStatus(com.w4.workflowBackend.contracts.TaskRequest)
20/09/2017 17:23:44.265 [main] [AbstractHandlerMethodMapping.java:543]
				INFO  o.s.w.s.m.m.a.RequestMappingHandlerMapping - Mapped "{[/workflowBackend/getTaskVariables],methods=[POST],consumes=[application/json],produces=[application/json]}" onto public com.w4.workflowBackend.contracts.TaskResponse com.w4.workflowBackend.services.Service.getTaskVariables(com.w4.workflowBackend.contracts.TaskRequest)
20/09/2017 17:23:44.266 [main] [AbstractHandlerMethodMapping.java:543]
				INFO  o.s.w.s.m.m.a.RequestMappingHandlerMapping - Mapped "{[/workflowBackend/submitTask],methods=[POST],consumes=[application/json],produces=[application/json]}" onto public com.w4.workflowBackend.contracts.TaskResponse com.w4.workflowBackend.services.Service.submitTask(com.w4.workflowBackend.contracts.TaskRequest)
20/09/2017 17:23:44.266 [main] [AbstractHandlerMethodMapping.java:543]
				INFO  o.s.w.s.m.m.a.RequestMappingHandlerMapping - Mapped "{[/workflowBackend/getWorkcaseDetails],methods=[POST],consumes=[application/json],produces=[application/json]}" onto public com.w4.workflowBackend.contracts.TaskResponse com.w4.workflowBackend.services.Service.getWorkcaseDetails(com.w4.workflowBackend.contracts.TaskRequest)
20/09/2017 17:23:44.266 [main] [AbstractHandlerMethodMapping.java:543]
				INFO  o.s.w.s.m.m.a.RequestMappingHandlerMapping - Mapped "{[/workflowBackend/getAlarmTaskItem],methods=[POST],consumes=[application/json],produces=[application/json]}" onto public com.w4.workflowBackend.contracts.TaskResponse com.w4.workflowBackend.services.Service.getAlarmTaskItem(com.w4.workflowBackend.contracts.TaskRequest)
20/09/2017 17:23:44.267 [main] [AbstractHandlerMethodMapping.java:543]
				INFO  o.s.w.s.m.m.a.RequestMappingHandlerMapping - Mapped "{[/workflowBackend/getWorkcaseVariables],methods=[POST],consumes=[application/json],produces=[application/json]}" onto public com.w4.workflowBackend.contracts.TaskResponse com.w4.workflowBackend.services.Service.getWorkcaseVariables(com.w4.workflowBackend.contracts.TaskRequest)
20/09/2017 17:23:44.268 [main] [AbstractHandlerMethodMapping.java:543]
				INFO  o.s.w.s.m.m.a.RequestMappingHandlerMapping - Mapped "{[/workflowBackend/searchWorkcase],methods=[POST],consumes=[application/json],produces=[application/json]}" onto public com.w4.workflowBackend.contracts.TaskResponse com.w4.workflowBackend.services.Service.searchWorkcase(com.w4.workflowBackend.contracts.TaskRequest)
20/09/2017 17:23:44.269 [main] [AbstractHandlerMethodMapping.java:543]
				INFO  o.s.w.s.m.m.a.RequestMappingHandlerMapping - Mapped "{[/workflowBackend/getListActorByRole],methods=[POST],consumes=[application/json],produces=[application/json]}" onto public com.w4.workflowBackend.contracts.ActorResponse com.w4.workflowBackend.services.Service.getListActorByRole(com.w4.workflowBackend.contracts.ActorRequest)
20/09/2017 17:23:44.269 [main] [AbstractHandlerMethodMapping.java:543]
				INFO  o.s.w.s.m.m.a.RequestMappingHandlerMapping - Mapped "{[/workflowBackend/getTaskMyGoupLock],methods=[POST],consumes=[application/json],produces=[application/json]}" onto public com.w4.workflowBackend.contracts.TaskResponse com.w4.workflowBackend.services.Service.getTaskMyGoupLock(com.w4.workflowBackend.contracts.TaskRequest)
20/09/2017 17:23:44.269 [main] [AbstractHandlerMethodMapping.java:543]
				INFO  o.s.w.s.m.m.a.RequestMappingHandlerMapping - Mapped "{[/workflowBackend/getMyTaskLock],methods=[POST],consumes=[application/json],produces=[application/json]}" onto public com.w4.workflowBackend.contracts.TaskResponse com.w4.workflowBackend.services.Service.getMyTaskLock(com.w4.workflowBackend.contracts.TaskRequest)
20/09/2017 17:23:44.270 [main] [AbstractHandlerMethodMapping.java:543]
				INFO  o.s.w.s.m.m.a.RequestMappingHandlerMapping - Mapped "{[/workflowBackend/getMyTaskLockByActor],methods=[POST],consumes=[application/json],produces=[application/json]}" onto public com.w4.workflowBackend.contracts.TaskResponse com.w4.workflowBackend.services.Service.getMyTaskLockByActor(com.w4.workflowBackend.contracts.TaskRequest)
20/09/2017 17:23:44.270 [main] [AbstractHandlerMethodMapping.java:543]
				INFO  o.s.w.s.m.m.a.RequestMappingHandlerMapping - Mapped "{[/workflowBackend/getMyTaskOffer],methods=[POST],consumes=[application/json],produces=[application/json]}" onto public com.w4.workflowBackend.contracts.TaskResponse com.w4.workflowBackend.services.Service.getMyTaskOffer(com.w4.workflowBackend.contracts.TaskRequest)
20/09/2017 17:23:44.270 [main] [AbstractHandlerMethodMapping.java:543]
				INFO  o.s.w.s.m.m.a.RequestMappingHandlerMapping - Mapped "{[/workflowBackend/attachFile],methods=[POST],consumes=[application/json],produces=[application/json]}" onto public com.w4.workflowBackend.contracts.DocumentResponse com.w4.workflowBackend.services.Service.attachFile(com.w4.workflowBackend.contracts.TaskRequest)
20/09/2017 17:23:44.271 [main] [AbstractHandlerMethodMapping.java:543]
				INFO  o.s.w.s.m.m.a.RequestMappingHandlerMapping - Mapped "{[/workflowBackend/reassignTask],methods=[POST],consumes=[application/json],produces=[application/json]}" onto public com.w4.workflowBackend.contracts.TaskResponse com.w4.workflowBackend.services.Service.reassignTask(com.w4.workflowBackend.contracts.TaskRequest)
20/09/2017 17:23:44.271 [main] [AbstractHandlerMethodMapping.java:543]
				INFO  o.s.w.s.m.m.a.RequestMappingHandlerMapping - Mapped "{[/workflowBackend/getCountMyTaskLock],methods=[POST],consumes=[application/json],produces=[application/json]}" onto public com.w4.workflowBackend.contracts.TaskResponse com.w4.workflowBackend.services.Service.getCountMyTaskLock(com.w4.workflowBackend.contracts.TaskRequest)
20/09/2017 17:23:44.271 [main] [AbstractHandlerMethodMapping.java:543]
				INFO  o.s.w.s.m.m.a.RequestMappingHandlerMapping - Mapped "{[/workflowBackend/getCountTaskOffer],methods=[POST],consumes=[application/json],produces=[application/json]}" onto public com.w4.workflowBackend.contracts.TaskResponse com.w4.workflowBackend.services.Service.getCountTaskOffer(com.w4.workflowBackend.contracts.TaskRequest)
20/09/2017 17:23:44.271 [main] [AbstractHandlerMethodMapping.java:543]
				INFO  o.s.w.s.m.m.a.RequestMappingHandlerMapping - Mapped "{[/workflowBackend/getRole],methods=[POST],consumes=[application/json],produces=[application/json]}" onto public com.w4.workflowBackend.contracts.RoleResponse com.w4.workflowBackend.services.Service.getRole(com.w4.workflowBackend.contracts.RoleRequest)
20/09/2017 17:23:44.273 [main] [AbstractHandlerMethodMapping.java:543]
				INFO  o.s.w.s.m.m.a.RequestMappingHandlerMapping - Mapped "{[/error]}" onto public org.springframework.http.ResponseEntity<java.util.Map<java.lang.String, java.lang.Object>> org.springframework.boot.autoconfigure.web.BasicErrorController.error(javax.servlet.http.HttpServletRequest)
20/09/2017 17:23:44.274 [main] [AbstractHandlerMethodMapping.java:543]
				INFO  o.s.w.s.m.m.a.RequestMappingHandlerMapping - Mapped "{[/error],produces=[text/html]}" onto public org.springframework.web.servlet.ModelAndView org.springframework.boot.autoconfigure.web.BasicErrorController.errorHtml(javax.servlet.http.HttpServletRequest,javax.servlet.http.HttpServletResponse)
20/09/2017 17:23:44.294 [main] [AbstractUrlHandlerMapping.java:362]
				INFO  o.s.w.s.h.SimpleUrlHandlerMapping - Mapped URL path [/webjars/**] onto handler of type [class org.springframework.web.servlet.resource.ResourceHttpRequestHandler]
20/09/2017 17:23:44.294 [main] [AbstractUrlHandlerMapping.java:362]
				INFO  o.s.w.s.h.SimpleUrlHandlerMapping - Mapped URL path [/**] onto handler of type [class org.springframework.web.servlet.resource.ResourceHttpRequestHandler]
20/09/2017 17:23:44.320 [main] [AbstractUrlHandlerMapping.java:362]
				INFO  o.s.w.s.h.SimpleUrlHandlerMapping - Mapped URL path [/**/favicon.ico] onto handler of type [class org.springframework.web.servlet.resource.ResourceHttpRequestHandler]
20/09/2017 17:23:44.425 [main] [MBeanExporter.java:431]
				INFO  o.s.j.e.a.AnnotationMBeanExporter - Registering beans for JMX exposure on startup
20/09/2017 17:23:44.437 [main] [DirectJDKLog.java:179]
				INFO  o.a.coyote.http11.Http11NioProtocol - Initializing ProtocolHandler ["http-nio-8090"]
20/09/2017 17:23:44.442 [main] [DirectJDKLog.java:179]
				INFO  o.a.coyote.http11.Http11NioProtocol - Starting ProtocolHandler [http-nio-8090]
20/09/2017 17:23:44.454 [main] [DirectJDKLog.java:179]
				INFO  o.a.tomcat.util.net.NioSelectorPool - Using a shared selector for servlet write/read
20/09/2017 17:23:44.465 [main] [TomcatEmbeddedServletContainer.java:198]
				INFO  o.s.b.c.e.t.TomcatEmbeddedServletContainer - Tomcat started on port(s): 8090 (http)
20/09/2017 17:23:44.468 [main] [StartupInfoLogger.java:57]
				INFO  com.w4.workflowBackend.Main - Started Main in 1.683 seconds (JVM running for 2.186)
20/09/2017 17:23:55.977 [http-nio-8090-exec-1] [DirectJDKLog.java:179]
				INFO  o.a.c.c.C.[Tomcat].[localhost].[/] - Initializing Spring FrameworkServlet 'dispatcherServlet'
20/09/2017 17:23:55.978 [http-nio-8090-exec-1] [FrameworkServlet.java:489]
				INFO  o.s.web.servlet.DispatcherServlet - FrameworkServlet 'dispatcherServlet': initialization started
20/09/2017 17:23:55.989 [http-nio-8090-exec-1] [FrameworkServlet.java:508]
				INFO  o.s.web.servlet.DispatcherServlet - FrameworkServlet 'dispatcherServlet': initialization completed in 11 ms
20/09/2017 17:23:56.003 [http-nio-8090-exec-1] [RequestInterceptor.java:24]
				INFO  c.w.w.i.RequestInterceptor - Avant de traiter la requete
20/09/2017 17:23:56.005 [http-nio-8090-exec-1] [RequestInterceptor.java:31]
				INFO  c.w.w.i.RequestInterceptor - La methode est executé
20/09/2017 17:23:56.005 [http-nio-8090-exec-1] [RequestInterceptor.java:37]
				INFO  c.w.w.i.RequestInterceptor - La requete est terminée!
20/09/2017 17:23:56.038 [http-nio-8090-exec-2] [RequestInterceptor.java:24]
				INFO  c.w.w.i.RequestInterceptor - Avant de traiter la requete
20/09/2017 17:23:56.110 [http-nio-8090-exec-2] [Service.java:20]
				INFO  c.w.workflowBackend.services.Service - ...........................begin method signInActor............................
20/09/2017 17:23:57.312 [http-nio-8090-exec-2] [Service.java:37]
				INFO  c.w.workflowBackend.services.Service - ...........................end method signInActor............................
20/09/2017 17:23:57.343 [http-nio-8090-exec-2] [RequestInterceptor.java:31]
				INFO  c.w.w.i.RequestInterceptor - La methode est executé
20/09/2017 17:23:57.343 [http-nio-8090-exec-2] [RequestInterceptor.java:37]
				INFO  c.w.w.i.RequestInterceptor - La requete est terminée!
20/09/2017 19:57:54.642 [RMI TCP Connection(2)-127.0.0.1] [SpringApplicationAdminMXBeanRegistrar.java:125]
				INFO  o.s.b.a.SpringApplicationAdminMXBeanRegistrar$SpringApplicationAdmin - Application shutdown requested.
20/09/2017 19:57:54.645 [RMI TCP Connection(2)-127.0.0.1] [AbstractApplicationContext.java:987]
				INFO  o.s.b.c.e.AnnotationConfigEmbeddedWebApplicationContext - Closing org.springframework.boot.context.embedded.AnnotationConfigEmbeddedWebApplicationContext@3b2cf7ab: startup date [Wed Sep 20 17:23:43 GMT 2017]; root of context hierarchy
20/09/2017 19:57:54.654 [RMI TCP Connection(2)-127.0.0.1] [MBeanExporter.java:449]
				INFO  o.s.j.e.a.AnnotationMBeanExporter - Unregistering JMX-exposed beans on shutdown
20/09/2017 19:58:01.734 [localhost-startStop-2] [AbstractApplicationContext.java:987]
				INFO  o.s.b.c.e.AnnotationConfigEmbeddedWebApplicationContext - Closing org.springframework.boot.context.embedded.AnnotationConfigEmbeddedWebApplicationContext@12638984: startup date [Wed Sep 20 15:46:33 GMT 2017]; root of context hierarchy
20/09/2017 19:58:01.744 [localhost-startStop-2] [MBeanExporter.java:449]
				INFO  o.s.j.e.a.AnnotationMBeanExporter - Unregistering JMX-exposed beans on shutdown
