22/09/2017 08:47:51.071 [main] [StartupInfoLogger.java:48]
				INFO  com.w4.workflowBackend.Main - Starting Main on MacBook-Pro-de-HIE.local with PID 1290 (/Users/frederic/Documents/workspace-sts-3.8.3.RELEASE/workflowBackend/target/classes started by frederic in /Users/frederic/Documents/workspace-sts-3.8.3.RELEASE/workflowBackend)
22/09/2017 08:47:51.074 [main] [StartupInfoLogger.java:51]
				DEBUG com.w4.workflowBackend.Main - Running with Spring Boot v1.5.2.RELEASE, Spring v4.3.7.RELEASE
22/09/2017 08:47:51.074 [main] [SpringApplication.java:641]
				INFO  com.w4.workflowBackend.Main - The following profiles are active: dev
22/09/2017 08:47:51.120 [main] [AbstractApplicationContext.java:582]
				INFO  o.s.b.c.e.AnnotationConfigEmbeddedWebApplicationContext - Refreshing org.springframework.boot.context.embedded.AnnotationConfigEmbeddedWebApplicationContext@3b2cf7ab: startup date [Fri Sep 22 08:47:51 GMT 2017]; root of context hierarchy
22/09/2017 08:47:51.285 [background-preinit] [Version.java:30]
				INFO  o.h.validator.internal.util.Version - HV000001: Hibernate Validator 5.3.4.Final
22/09/2017 08:47:51.937 [main] [TomcatEmbeddedServletContainer.java:89]
				INFO  o.s.b.c.e.t.TomcatEmbeddedServletContainer - Tomcat initialized with port(s): 8090 (http)
22/09/2017 08:47:51.947 [main] [DirectJDKLog.java:179]
				INFO  o.a.catalina.core.StandardService - Starting service Tomcat
22/09/2017 08:47:51.948 [main] [DirectJDKLog.java:179]
				INFO  o.a.catalina.core.StandardEngine - Starting Servlet Engine: Apache Tomcat/8.5.11
22/09/2017 08:47:52.000 [localhost-startStop-1] [DirectJDKLog.java:179]
				INFO  o.a.c.c.C.[Tomcat].[localhost].[/] - Initializing Spring embedded WebApplicationContext
22/09/2017 08:47:52.000 [localhost-startStop-1] [EmbeddedWebApplicationContext.java:276]
				INFO  o.s.web.context.ContextLoader - Root WebApplicationContext: initialization completed in 880 ms
22/09/2017 08:47:52.081 [localhost-startStop-1] [ServletRegistrationBean.java:190]
				INFO  o.s.b.w.s.ServletRegistrationBean - Mapping servlet: 'dispatcherServlet' to [/]
22/09/2017 08:47:52.087 [localhost-startStop-1] [AbstractFilterRegistrationBean.java:258]
				INFO  o.s.b.w.s.FilterRegistrationBean - Mapping filter: 'crossFilter' to: [/*]
22/09/2017 08:47:52.087 [localhost-startStop-1] [AbstractFilterRegistrationBean.java:258]
				INFO  o.s.b.w.s.FilterRegistrationBean - Mapping filter: 'characterEncodingFilter' to: [/*]
22/09/2017 08:47:52.088 [localhost-startStop-1] [AbstractFilterRegistrationBean.java:258]
				INFO  o.s.b.w.s.FilterRegistrationBean - Mapping filter: 'hiddenHttpMethodFilter' to: [/*]
22/09/2017 08:47:52.088 [localhost-startStop-1] [AbstractFilterRegistrationBean.java:258]
				INFO  o.s.b.w.s.FilterRegistrationBean - Mapping filter: 'httpPutFormContentFilter' to: [/*]
22/09/2017 08:47:52.088 [localhost-startStop-1] [AbstractFilterRegistrationBean.java:258]
				INFO  o.s.b.w.s.FilterRegistrationBean - Mapping filter: 'requestContextFilter' to: [/*]
22/09/2017 08:47:52.283 [main] [RequestMappingHandlerAdapter.java:534]
				INFO  o.s.w.s.m.m.a.RequestMappingHandlerAdapter - Looking for @ControllerAdvice: org.springframework.boot.context.embedded.AnnotationConfigEmbeddedWebApplicationContext@3b2cf7ab: startup date [Fri Sep 22 08:47:51 GMT 2017]; root of context hierarchy
22/09/2017 08:47:52.351 [main] [AbstractHandlerMethodMapping.java:543]
				INFO  o.s.w.s.m.m.a.RequestMappingHandlerMapping - Mapped "{[/workflowBackend/lockTask],methods=[POST],consumes=[application/json],produces=[application/json]}" onto public com.w4.workflowBackend.contracts.TaskResponse com.w4.workflowBackend.services.Service.lockTask(com.w4.workflowBackend.contracts.TaskRequest)
22/09/2017 08:47:52.353 [main] [AbstractHandlerMethodMapping.java:543]
				INFO  o.s.w.s.m.m.a.RequestMappingHandlerMapping - Mapped "{[/workflowBackend/saveTask],methods=[POST],consumes=[application/json],produces=[application/json]}" onto public com.w4.workflowBackend.contracts.TaskResponse com.w4.workflowBackend.services.Service.saveTask(com.w4.workflowBackend.contracts.TaskRequest)
22/09/2017 08:47:52.354 [main] [AbstractHandlerMethodMapping.java:543]
				INFO  o.s.w.s.m.m.a.RequestMappingHandlerMapping - Mapped "{[/workflowBackend/signInActor],methods=[POST],consumes=[application/json],produces=[application/json]}" onto public com.w4.workflowBackend.contracts.ActorResponse com.w4.workflowBackend.services.Service.signInActor(com.w4.workflowBackend.contracts.ActorRequest)
22/09/2017 08:47:52.354 [main] [AbstractHandlerMethodMapping.java:543]
				INFO  o.s.w.s.m.m.a.RequestMappingHandlerMapping - Mapped "{[/workflowBackend/logoutActor],methods=[POST],consumes=[application/json],produces=[application/json]}" onto public com.w4.workflowBackend.contracts.ActorResponse com.w4.workflowBackend.services.Service.logoutActor(com.w4.workflowBackend.contracts.ActorRequest)
22/09/2017 08:47:52.355 [main] [AbstractHandlerMethodMapping.java:543]
				INFO  o.s.w.s.m.m.a.RequestMappingHandlerMapping - Mapped "{[/workflowBackend/createWorkcase],methods=[POST],consumes=[application/json],produces=[application/json]}" onto public com.w4.workflowBackend.contracts.TaskResponse com.w4.workflowBackend.services.Service.createWorkcase(com.w4.workflowBackend.contracts.TaskRequest)
22/09/2017 08:47:52.355 [main] [AbstractHandlerMethodMapping.java:543]
				INFO  o.s.w.s.m.m.a.RequestMappingHandlerMapping - Mapped "{[/workflowBackend/getWorkcase],methods=[POST],consumes=[application/json],produces=[application/json]}" onto public com.w4.workflowBackend.contracts.TaskResponse com.w4.workflowBackend.services.Service.getWorkcase(com.w4.workflowBackend.contracts.TaskRequest)
22/09/2017 08:47:52.356 [main] [AbstractHandlerMethodMapping.java:543]
				INFO  o.s.w.s.m.m.a.RequestMappingHandlerMapping - Mapped "{[/workflowBackend/getCommentaireDossier],methods=[POST],consumes=[application/json],produces=[application/json]}" onto public com.w4.workflowBackend.contracts.CommentaireResponse com.w4.workflowBackend.services.Service.getCommentaireDossier(com.w4.workflowBackend.contracts.CommentaireRequest)
22/09/2017 08:47:52.356 [main] [AbstractHandlerMethodMapping.java:543]
				INFO  o.s.w.s.m.m.a.RequestMappingHandlerMapping - Mapped "{[/workflowBackend/getDocumentDossier],methods=[POST],consumes=[application/json],produces=[application/json]}" onto public com.w4.workflowBackend.contracts.DocumentResponse com.w4.workflowBackend.services.Service.getDocumentDossier(com.w4.workflowBackend.contracts.DocumentRequest)
22/09/2017 08:47:52.356 [main] [AbstractHandlerMethodMapping.java:543]
				INFO  o.s.w.s.m.m.a.RequestMappingHandlerMapping - Mapped "{[/workflowBackend/unlockTask],methods=[POST],consumes=[application/json],produces=[application/json]}" onto public com.w4.workflowBackend.contracts.TaskResponse com.w4.workflowBackend.services.Service.unlockTask(com.w4.workflowBackend.contracts.TaskRequest)
22/09/2017 08:47:52.357 [main] [AbstractHandlerMethodMapping.java:543]
				INFO  o.s.w.s.m.m.a.RequestMappingHandlerMapping - Mapped "{[/workflowBackend/checkTaskStatus],methods=[POST],consumes=[application/json],produces=[application/json]}" onto public com.w4.workflowBackend.contracts.TaskResponse com.w4.workflowBackend.services.Service.checkTaskStatus(com.w4.workflowBackend.contracts.TaskRequest)
22/09/2017 08:47:52.357 [main] [AbstractHandlerMethodMapping.java:543]
				INFO  o.s.w.s.m.m.a.RequestMappingHandlerMapping - Mapped "{[/workflowBackend/getTaskVariables],methods=[POST],consumes=[application/json],produces=[application/json]}" onto public com.w4.workflowBackend.contracts.TaskResponse com.w4.workflowBackend.services.Service.getTaskVariables(com.w4.workflowBackend.contracts.TaskRequest)
22/09/2017 08:47:52.358 [main] [AbstractHandlerMethodMapping.java:543]
				INFO  o.s.w.s.m.m.a.RequestMappingHandlerMapping - Mapped "{[/workflowBackend/submitTask],methods=[POST],consumes=[application/json],produces=[application/json]}" onto public com.w4.workflowBackend.contracts.TaskResponse com.w4.workflowBackend.services.Service.submitTask(com.w4.workflowBackend.contracts.TaskRequest)
22/09/2017 08:47:52.358 [main] [AbstractHandlerMethodMapping.java:543]
				INFO  o.s.w.s.m.m.a.RequestMappingHandlerMapping - Mapped "{[/workflowBackend/getWorkcaseDetails],methods=[POST],consumes=[application/json],produces=[application/json]}" onto public com.w4.workflowBackend.contracts.TaskResponse com.w4.workflowBackend.services.Service.getWorkcaseDetails(com.w4.workflowBackend.contracts.TaskRequest)
22/09/2017 08:47:52.359 [main] [AbstractHandlerMethodMapping.java:543]
				INFO  o.s.w.s.m.m.a.RequestMappingHandlerMapping - Mapped "{[/workflowBackend/getAlarmTaskItem],methods=[POST],consumes=[application/json],produces=[application/json]}" onto public com.w4.workflowBackend.contracts.TaskResponse com.w4.workflowBackend.services.Service.getAlarmTaskItem(com.w4.workflowBackend.contracts.TaskRequest)
22/09/2017 08:47:52.359 [main] [AbstractHandlerMethodMapping.java:543]
				INFO  o.s.w.s.m.m.a.RequestMappingHandlerMapping - Mapped "{[/workflowBackend/getRole],methods=[POST],consumes=[application/json],produces=[application/json]}" onto public com.w4.workflowBackend.contracts.RoleResponse com.w4.workflowBackend.services.Service.getRole(com.w4.workflowBackend.contracts.RoleRequest)
22/09/2017 08:47:52.360 [main] [AbstractHandlerMethodMapping.java:543]
				INFO  o.s.w.s.m.m.a.RequestMappingHandlerMapping - Mapped "{[/workflowBackend/getWorkcaseVariables],methods=[POST],consumes=[application/json],produces=[application/json]}" onto public com.w4.workflowBackend.contracts.TaskResponse com.w4.workflowBackend.services.Service.getWorkcaseVariables(com.w4.workflowBackend.contracts.TaskRequest)
22/09/2017 08:47:52.362 [main] [AbstractHandlerMethodMapping.java:543]
				INFO  o.s.w.s.m.m.a.RequestMappingHandlerMapping - Mapped "{[/workflowBackend/searchWorkcase],methods=[POST],consumes=[application/json],produces=[application/json]}" onto public com.w4.workflowBackend.contracts.TaskResponse com.w4.workflowBackend.services.Service.searchWorkcase(com.w4.workflowBackend.contracts.TaskRequest)
22/09/2017 08:47:52.363 [main] [AbstractHandlerMethodMapping.java:543]
				INFO  o.s.w.s.m.m.a.RequestMappingHandlerMapping - Mapped "{[/workflowBackend/getListActorByRole],methods=[POST],consumes=[application/json],produces=[application/json]}" onto public com.w4.workflowBackend.contracts.ActorResponse com.w4.workflowBackend.services.Service.getListActorByRole(com.w4.workflowBackend.contracts.ActorRequest)
22/09/2017 08:47:52.363 [main] [AbstractHandlerMethodMapping.java:543]
				INFO  o.s.w.s.m.m.a.RequestMappingHandlerMapping - Mapped "{[/workflowBackend/getTaskMyGoupLock],methods=[POST],consumes=[application/json],produces=[application/json]}" onto public com.w4.workflowBackend.contracts.TaskResponse com.w4.workflowBackend.services.Service.getTaskMyGoupLock(com.w4.workflowBackend.contracts.TaskRequest)
22/09/2017 08:47:52.364 [main] [AbstractHandlerMethodMapping.java:543]
				INFO  o.s.w.s.m.m.a.RequestMappingHandlerMapping - Mapped "{[/workflowBackend/getMyTaskLock],methods=[POST],consumes=[application/json],produces=[application/json]}" onto public com.w4.workflowBackend.contracts.TaskResponse com.w4.workflowBackend.services.Service.getMyTaskLock(com.w4.workflowBackend.contracts.TaskRequest)
22/09/2017 08:47:52.364 [main] [AbstractHandlerMethodMapping.java:543]
				INFO  o.s.w.s.m.m.a.RequestMappingHandlerMapping - Mapped "{[/workflowBackend/getMyTaskLockByActor],methods=[POST],consumes=[application/json],produces=[application/json]}" onto public com.w4.workflowBackend.contracts.TaskResponse com.w4.workflowBackend.services.Service.getMyTaskLockByActor(com.w4.workflowBackend.contracts.TaskRequest)
22/09/2017 08:47:52.365 [main] [AbstractHandlerMethodMapping.java:543]
				INFO  o.s.w.s.m.m.a.RequestMappingHandlerMapping - Mapped "{[/workflowBackend/getMyTaskOffer],methods=[POST],consumes=[application/json],produces=[application/json]}" onto public com.w4.workflowBackend.contracts.TaskResponse com.w4.workflowBackend.services.Service.getMyTaskOffer(com.w4.workflowBackend.contracts.TaskRequest)
22/09/2017 08:47:52.365 [main] [AbstractHandlerMethodMapping.java:543]
				INFO  o.s.w.s.m.m.a.RequestMappingHandlerMapping - Mapped "{[/workflowBackend/attachFile],methods=[POST],consumes=[application/json],produces=[application/json]}" onto public com.w4.workflowBackend.contracts.DocumentResponse com.w4.workflowBackend.services.Service.attachFile(com.w4.workflowBackend.contracts.TaskRequest)
22/09/2017 08:47:52.366 [main] [AbstractHandlerMethodMapping.java:543]
				INFO  o.s.w.s.m.m.a.RequestMappingHandlerMapping - Mapped "{[/workflowBackend/reassignTask],methods=[POST],consumes=[application/json],produces=[application/json]}" onto public com.w4.workflowBackend.contracts.TaskResponse com.w4.workflowBackend.services.Service.reassignTask(com.w4.workflowBackend.contracts.TaskRequest)
22/09/2017 08:47:52.366 [main] [AbstractHandlerMethodMapping.java:543]
				INFO  o.s.w.s.m.m.a.RequestMappingHandlerMapping - Mapped "{[/workflowBackend/getStep],methods=[POST],consumes=[application/json],produces=[application/json]}" onto public com.w4.workflowBackend.contracts.StepResponse com.w4.workflowBackend.services.Service.getStep(com.w4.workflowBackend.contracts.StepRequest)
22/09/2017 08:47:52.367 [main] [AbstractHandlerMethodMapping.java:543]
				INFO  o.s.w.s.m.m.a.RequestMappingHandlerMapping - Mapped "{[/workflowBackend/getCountMyTaskLock],methods=[POST],consumes=[application/json],produces=[application/json]}" onto public com.w4.workflowBackend.contracts.TaskResponse com.w4.workflowBackend.services.Service.getCountMyTaskLock(com.w4.workflowBackend.contracts.TaskRequest)
22/09/2017 08:47:52.367 [main] [AbstractHandlerMethodMapping.java:543]
				INFO  o.s.w.s.m.m.a.RequestMappingHandlerMapping - Mapped "{[/workflowBackend/getCountTaskOffer],methods=[POST],consumes=[application/json],produces=[application/json]}" onto public com.w4.workflowBackend.contracts.TaskResponse com.w4.workflowBackend.services.Service.getCountTaskOffer(com.w4.workflowBackend.contracts.TaskRequest)
22/09/2017 08:47:52.370 [main] [AbstractHandlerMethodMapping.java:543]
				INFO  o.s.w.s.m.m.a.RequestMappingHandlerMapping - Mapped "{[/error]}" onto public org.springframework.http.ResponseEntity<java.util.Map<java.lang.String, java.lang.Object>> org.springframework.boot.autoconfigure.web.BasicErrorController.error(javax.servlet.http.HttpServletRequest)
22/09/2017 08:47:52.371 [main] [AbstractHandlerMethodMapping.java:543]
				INFO  o.s.w.s.m.m.a.RequestMappingHandlerMapping - Mapped "{[/error],produces=[text/html]}" onto public org.springframework.web.servlet.ModelAndView org.springframework.boot.autoconfigure.web.BasicErrorController.errorHtml(javax.servlet.http.HttpServletRequest,javax.servlet.http.HttpServletResponse)
22/09/2017 08:47:52.395 [main] [AbstractUrlHandlerMapping.java:362]
				INFO  o.s.w.s.h.SimpleUrlHandlerMapping - Mapped URL path [/webjars/**] onto handler of type [class org.springframework.web.servlet.resource.ResourceHttpRequestHandler]
22/09/2017 08:47:52.395 [main] [AbstractUrlHandlerMapping.java:362]
				INFO  o.s.w.s.h.SimpleUrlHandlerMapping - Mapped URL path [/**] onto handler of type [class org.springframework.web.servlet.resource.ResourceHttpRequestHandler]
22/09/2017 08:47:52.424 [main] [AbstractUrlHandlerMapping.java:362]
				INFO  o.s.w.s.h.SimpleUrlHandlerMapping - Mapped URL path [/**/favicon.ico] onto handler of type [class org.springframework.web.servlet.resource.ResourceHttpRequestHandler]
22/09/2017 08:47:52.542 [main] [MBeanExporter.java:431]
				INFO  o.s.j.e.a.AnnotationMBeanExporter - Registering beans for JMX exposure on startup
22/09/2017 08:47:52.556 [main] [DirectJDKLog.java:179]
				INFO  o.a.coyote.http11.Http11NioProtocol - Initializing ProtocolHandler ["http-nio-8090"]
22/09/2017 08:47:52.560 [main] [DirectJDKLog.java:179]
				INFO  o.a.coyote.http11.Http11NioProtocol - Starting ProtocolHandler [http-nio-8090]
22/09/2017 08:47:52.578 [main] [DirectJDKLog.java:179]
				INFO  o.a.tomcat.util.net.NioSelectorPool - Using a shared selector for servlet write/read
22/09/2017 08:47:52.589 [main] [TomcatEmbeddedServletContainer.java:198]
				INFO  o.s.b.c.e.t.TomcatEmbeddedServletContainer - Tomcat started on port(s): 8090 (http)
22/09/2017 08:47:52.592 [main] [StartupInfoLogger.java:57]
				INFO  com.w4.workflowBackend.Main - Started Main in 1.75 seconds (JVM running for 2.246)
22/09/2017 08:48:07.414 [localhost-startStop-1] [StartupInfoLogger.java:48]
				INFO  c.w.w.ServletInitializer - Starting ServletInitializer v0.0.1-SNAPSHOT on MacBook-Pro-de-HIE.local with PID 1295 (/Users/frederic/Documents/serveur/apache-tomcat-8.5.9/webapps/w4-api/WEB-INF/classes started by frederic in /Users/frederic/Documents/serveur/apache-tomcat-8.5.9/bin)
22/09/2017 08:48:07.422 [localhost-startStop-1] [StartupInfoLogger.java:51]
				DEBUG c.w.w.ServletInitializer - Running with Spring Boot v1.5.2.RELEASE, Spring v4.3.7.RELEASE
22/09/2017 08:48:07.423 [localhost-startStop-1] [SpringApplication.java:641]
				INFO  c.w.w.ServletInitializer - The following profiles are active: dev
22/09/2017 08:48:07.463 [localhost-startStop-1] [AbstractApplicationContext.java:582]
				INFO  o.s.b.c.e.AnnotationConfigEmbeddedWebApplicationContext - Refreshing org.springframework.boot.context.embedded.AnnotationConfigEmbeddedWebApplicationContext@2a32f1f2: startup date [Fri Sep 22 08:48:07 GMT 2017]; root of context hierarchy
22/09/2017 08:48:07.539 [background-preinit] [Version.java:30]
				INFO  o.h.validator.internal.util.Version - HV000001: Hibernate Validator 5.3.4.Final
22/09/2017 08:48:08.275 [localhost-startStop-1] [EmbeddedWebApplicationContext.java:276]
				INFO  o.s.web.context.ContextLoader - Root WebApplicationContext: initialization completed in 812 ms
22/09/2017 08:48:08.578 [localhost-startStop-1] [ServletRegistrationBean.java:190]
				INFO  o.s.b.w.s.ServletRegistrationBean - Mapping servlet: 'dispatcherServlet' to [/]
22/09/2017 08:48:08.579 [localhost-startStop-1] [AbstractFilterRegistrationBean.java:258]
				INFO  o.s.b.w.s.FilterRegistrationBean - Mapping filter: 'errorPageFilter' to: [/*]
22/09/2017 08:48:08.579 [localhost-startStop-1] [AbstractFilterRegistrationBean.java:258]
				INFO  o.s.b.w.s.FilterRegistrationBean - Mapping filter: 'characterEncodingFilter' to: [/*]
22/09/2017 08:48:08.579 [localhost-startStop-1] [AbstractFilterRegistrationBean.java:258]
				INFO  o.s.b.w.s.FilterRegistrationBean - Mapping filter: 'hiddenHttpMethodFilter' to: [/*]
22/09/2017 08:48:08.580 [localhost-startStop-1] [AbstractFilterRegistrationBean.java:258]
				INFO  o.s.b.w.s.FilterRegistrationBean - Mapping filter: 'httpPutFormContentFilter' to: [/*]
22/09/2017 08:48:08.580 [localhost-startStop-1] [AbstractFilterRegistrationBean.java:258]
				INFO  o.s.b.w.s.FilterRegistrationBean - Mapping filter: 'requestContextFilter' to: [/*]
22/09/2017 08:48:08.882 [localhost-startStop-1] [RequestMappingHandlerAdapter.java:534]
				INFO  o.s.w.s.m.m.a.RequestMappingHandlerAdapter - Looking for @ControllerAdvice: org.springframework.boot.context.embedded.AnnotationConfigEmbeddedWebApplicationContext@2a32f1f2: startup date [Fri Sep 22 08:48:07 GMT 2017]; root of context hierarchy
22/09/2017 08:48:08.954 [localhost-startStop-1] [AbstractHandlerMethodMapping.java:543]
				INFO  o.s.w.s.m.m.a.RequestMappingHandlerMapping - Mapped "{[/workflowBackend/getRole],methods=[POST],consumes=[application/json],produces=[application/json]}" onto public com.w4.workflowBackend.contracts.RoleResponse com.w4.workflowBackend.services.Service.getRole(com.w4.workflowBackend.contracts.RoleRequest)
22/09/2017 08:48:08.956 [localhost-startStop-1] [AbstractHandlerMethodMapping.java:543]
				INFO  o.s.w.s.m.m.a.RequestMappingHandlerMapping - Mapped "{[/workflowBackend/signInActor],methods=[POST],consumes=[application/json],produces=[application/json]}" onto public com.w4.workflowBackend.contracts.ActorResponse com.w4.workflowBackend.services.Service.signInActor(com.w4.workflowBackend.contracts.ActorRequest)
22/09/2017 08:48:08.956 [localhost-startStop-1] [AbstractHandlerMethodMapping.java:543]
				INFO  o.s.w.s.m.m.a.RequestMappingHandlerMapping - Mapped "{[/workflowBackend/logoutActor],methods=[POST],consumes=[application/json],produces=[application/json]}" onto public com.w4.workflowBackend.contracts.ActorResponse com.w4.workflowBackend.services.Service.logoutActor(com.w4.workflowBackend.contracts.ActorRequest)
22/09/2017 08:48:08.957 [localhost-startStop-1] [AbstractHandlerMethodMapping.java:543]
				INFO  o.s.w.s.m.m.a.RequestMappingHandlerMapping - Mapped "{[/workflowBackend/getWorkcase],methods=[POST],consumes=[application/json],produces=[application/json]}" onto public com.w4.workflowBackend.contracts.TaskResponse com.w4.workflowBackend.services.Service.getWorkcase(com.w4.workflowBackend.contracts.TaskRequest)
22/09/2017 08:48:08.957 [localhost-startStop-1] [AbstractHandlerMethodMapping.java:543]
				INFO  o.s.w.s.m.m.a.RequestMappingHandlerMapping - Mapped "{[/workflowBackend/getCommentaireDossier],methods=[POST],consumes=[application/json],produces=[application/json]}" onto public com.w4.workflowBackend.contracts.CommentaireResponse com.w4.workflowBackend.services.Service.getCommentaireDossier(com.w4.workflowBackend.contracts.CommentaireRequest)
22/09/2017 08:48:08.957 [localhost-startStop-1] [AbstractHandlerMethodMapping.java:543]
				INFO  o.s.w.s.m.m.a.RequestMappingHandlerMapping - Mapped "{[/workflowBackend/getDocumentDossier],methods=[POST],consumes=[application/json],produces=[application/json]}" onto public com.w4.workflowBackend.contracts.DocumentResponse com.w4.workflowBackend.services.Service.getDocumentDossier(com.w4.workflowBackend.contracts.DocumentRequest)
22/09/2017 08:48:08.957 [localhost-startStop-1] [AbstractHandlerMethodMapping.java:543]
				INFO  o.s.w.s.m.m.a.RequestMappingHandlerMapping - Mapped "{[/workflowBackend/unlockTask],methods=[POST],consumes=[application/json],produces=[application/json]}" onto public com.w4.workflowBackend.contracts.TaskResponse com.w4.workflowBackend.services.Service.unlockTask(com.w4.workflowBackend.contracts.TaskRequest)
22/09/2017 08:48:08.958 [localhost-startStop-1] [AbstractHandlerMethodMapping.java:543]
				INFO  o.s.w.s.m.m.a.RequestMappingHandlerMapping - Mapped "{[/workflowBackend/checkTaskStatus],methods=[POST],consumes=[application/json],produces=[application/json]}" onto public com.w4.workflowBackend.contracts.TaskResponse com.w4.workflowBackend.services.Service.checkTaskStatus(com.w4.workflowBackend.contracts.TaskRequest)
22/09/2017 08:48:08.958 [localhost-startStop-1] [AbstractHandlerMethodMapping.java:543]
				INFO  o.s.w.s.m.m.a.RequestMappingHandlerMapping - Mapped "{[/workflowBackend/lockTask],methods=[POST],consumes=[application/json],produces=[application/json]}" onto public com.w4.workflowBackend.contracts.TaskResponse com.w4.workflowBackend.services.Service.lockTask(com.w4.workflowBackend.contracts.TaskRequest)
22/09/2017 08:48:08.959 [localhost-startStop-1] [AbstractHandlerMethodMapping.java:543]
				INFO  o.s.w.s.m.m.a.RequestMappingHandlerMapping - Mapped "{[/workflowBackend/getTaskVariables],methods=[POST],consumes=[application/json],produces=[application/json]}" onto public com.w4.workflowBackend.contracts.TaskResponse com.w4.workflowBackend.services.Service.getTaskVariables(com.w4.workflowBackend.contracts.TaskRequest)
22/09/2017 08:48:08.959 [localhost-startStop-1] [AbstractHandlerMethodMapping.java:543]
				INFO  o.s.w.s.m.m.a.RequestMappingHandlerMapping - Mapped "{[/workflowBackend/saveTask],methods=[POST],consumes=[application/json],produces=[application/json]}" onto public com.w4.workflowBackend.contracts.TaskResponse com.w4.workflowBackend.services.Service.saveTask(com.w4.workflowBackend.contracts.TaskRequest)
22/09/2017 08:48:08.959 [localhost-startStop-1] [AbstractHandlerMethodMapping.java:543]
				INFO  o.s.w.s.m.m.a.RequestMappingHandlerMapping - Mapped "{[/workflowBackend/submitTask],methods=[POST],consumes=[application/json],produces=[application/json]}" onto public com.w4.workflowBackend.contracts.TaskResponse com.w4.workflowBackend.services.Service.submitTask(com.w4.workflowBackend.contracts.TaskRequest)
22/09/2017 08:48:08.960 [localhost-startStop-1] [AbstractHandlerMethodMapping.java:543]
				INFO  o.s.w.s.m.m.a.RequestMappingHandlerMapping - Mapped "{[/workflowBackend/getWorkcaseDetails],methods=[POST],consumes=[application/json],produces=[application/json]}" onto public com.w4.workflowBackend.contracts.TaskResponse com.w4.workflowBackend.services.Service.getWorkcaseDetails(com.w4.workflowBackend.contracts.TaskRequest)
22/09/2017 08:48:08.960 [localhost-startStop-1] [AbstractHandlerMethodMapping.java:543]
				INFO  o.s.w.s.m.m.a.RequestMappingHandlerMapping - Mapped "{[/workflowBackend/getAlarmTaskItem],methods=[POST],consumes=[application/json],produces=[application/json]}" onto public com.w4.workflowBackend.contracts.TaskResponse com.w4.workflowBackend.services.Service.getAlarmTaskItem(com.w4.workflowBackend.contracts.TaskRequest)
22/09/2017 08:48:08.961 [localhost-startStop-1] [AbstractHandlerMethodMapping.java:543]
				INFO  o.s.w.s.m.m.a.RequestMappingHandlerMapping - Mapped "{[/workflowBackend/getWorkcaseVariables],methods=[POST],consumes=[application/json],produces=[application/json]}" onto public com.w4.workflowBackend.contracts.TaskResponse com.w4.workflowBackend.services.Service.getWorkcaseVariables(com.w4.workflowBackend.contracts.TaskRequest)
22/09/2017 08:48:08.961 [localhost-startStop-1] [AbstractHandlerMethodMapping.java:543]
				INFO  o.s.w.s.m.m.a.RequestMappingHandlerMapping - Mapped "{[/workflowBackend/searchWorkcase],methods=[POST],consumes=[application/json],produces=[application/json]}" onto public com.w4.workflowBackend.contracts.TaskResponse com.w4.workflowBackend.services.Service.searchWorkcase(com.w4.workflowBackend.contracts.TaskRequest)
22/09/2017 08:48:08.963 [localhost-startStop-1] [AbstractHandlerMethodMapping.java:543]
				INFO  o.s.w.s.m.m.a.RequestMappingHandlerMapping - Mapped "{[/workflowBackend/createWorkcase],methods=[POST],consumes=[application/json],produces=[application/json]}" onto public com.w4.workflowBackend.contracts.TaskResponse com.w4.workflowBackend.services.Service.createWorkcase(com.w4.workflowBackend.contracts.TaskRequest)
22/09/2017 08:48:08.963 [localhost-startStop-1] [AbstractHandlerMethodMapping.java:543]
				INFO  o.s.w.s.m.m.a.RequestMappingHandlerMapping - Mapped "{[/workflowBackend/getTaskMyGoupLock],methods=[POST],consumes=[application/json],produces=[application/json]}" onto public com.w4.workflowBackend.contracts.TaskResponse com.w4.workflowBackend.services.Service.getTaskMyGoupLock(com.w4.workflowBackend.contracts.TaskRequest)
22/09/2017 08:48:08.964 [localhost-startStop-1] [AbstractHandlerMethodMapping.java:543]
				INFO  o.s.w.s.m.m.a.RequestMappingHandlerMapping - Mapped "{[/workflowBackend/getListActorByRole],methods=[POST],consumes=[application/json],produces=[application/json]}" onto public com.w4.workflowBackend.contracts.ActorResponse com.w4.workflowBackend.services.Service.getListActorByRole(com.w4.workflowBackend.contracts.ActorRequest)
22/09/2017 08:48:08.964 [localhost-startStop-1] [AbstractHandlerMethodMapping.java:543]
				INFO  o.s.w.s.m.m.a.RequestMappingHandlerMapping - Mapped "{[/workflowBackend/getMyTaskLock],methods=[POST],consumes=[application/json],produces=[application/json]}" onto public com.w4.workflowBackend.contracts.TaskResponse com.w4.workflowBackend.services.Service.getMyTaskLock(com.w4.workflowBackend.contracts.TaskRequest)
22/09/2017 08:48:08.964 [localhost-startStop-1] [AbstractHandlerMethodMapping.java:543]
				INFO  o.s.w.s.m.m.a.RequestMappingHandlerMapping - Mapped "{[/workflowBackend/getStep],methods=[POST],consumes=[application/json],produces=[application/json]}" onto public com.w4.workflowBackend.contracts.StepResponse com.w4.workflowBackend.services.Service.getStep(com.w4.workflowBackend.contracts.StepRequest)
22/09/2017 08:48:08.965 [localhost-startStop-1] [AbstractHandlerMethodMapping.java:543]
				INFO  o.s.w.s.m.m.a.RequestMappingHandlerMapping - Mapped "{[/workflowBackend/getMyTaskLockByActor],methods=[POST],consumes=[application/json],produces=[application/json]}" onto public com.w4.workflowBackend.contracts.TaskResponse com.w4.workflowBackend.services.Service.getMyTaskLockByActor(com.w4.workflowBackend.contracts.TaskRequest)
22/09/2017 08:48:08.965 [localhost-startStop-1] [AbstractHandlerMethodMapping.java:543]
				INFO  o.s.w.s.m.m.a.RequestMappingHandlerMapping - Mapped "{[/workflowBackend/getMyTaskOffer],methods=[POST],consumes=[application/json],produces=[application/json]}" onto public com.w4.workflowBackend.contracts.TaskResponse com.w4.workflowBackend.services.Service.getMyTaskOffer(com.w4.workflowBackend.contracts.TaskRequest)
22/09/2017 08:48:08.965 [localhost-startStop-1] [AbstractHandlerMethodMapping.java:543]
				INFO  o.s.w.s.m.m.a.RequestMappingHandlerMapping - Mapped "{[/workflowBackend/attachFile],methods=[POST],consumes=[application/json],produces=[application/json]}" onto public com.w4.workflowBackend.contracts.DocumentResponse com.w4.workflowBackend.services.Service.attachFile(com.w4.workflowBackend.contracts.TaskRequest)
22/09/2017 08:48:08.965 [localhost-startStop-1] [AbstractHandlerMethodMapping.java:543]
				INFO  o.s.w.s.m.m.a.RequestMappingHandlerMapping - Mapped "{[/workflowBackend/reassignTask],methods=[POST],consumes=[application/json],produces=[application/json]}" onto public com.w4.workflowBackend.contracts.TaskResponse com.w4.workflowBackend.services.Service.reassignTask(com.w4.workflowBackend.contracts.TaskRequest)
22/09/2017 08:48:08.967 [localhost-startStop-1] [AbstractHandlerMethodMapping.java:543]
				INFO  o.s.w.s.m.m.a.RequestMappingHandlerMapping - Mapped "{[/error]}" onto public org.springframework.http.ResponseEntity<java.util.Map<java.lang.String, java.lang.Object>> org.springframework.boot.autoconfigure.web.BasicErrorController.error(javax.servlet.http.HttpServletRequest)
22/09/2017 08:48:08.967 [localhost-startStop-1] [AbstractHandlerMethodMapping.java:543]
				INFO  o.s.w.s.m.m.a.RequestMappingHandlerMapping - Mapped "{[/error],produces=[text/html]}" onto public org.springframework.web.servlet.ModelAndView org.springframework.boot.autoconfigure.web.BasicErrorController.errorHtml(javax.servlet.http.HttpServletRequest,javax.servlet.http.HttpServletResponse)
22/09/2017 08:48:08.993 [localhost-startStop-1] [AbstractUrlHandlerMapping.java:362]
				INFO  o.s.w.s.h.SimpleUrlHandlerMapping - Mapped URL path [/webjars/**] onto handler of type [class org.springframework.web.servlet.resource.ResourceHttpRequestHandler]
22/09/2017 08:48:08.994 [localhost-startStop-1] [AbstractUrlHandlerMapping.java:362]
				INFO  o.s.w.s.h.SimpleUrlHandlerMapping - Mapped URL path [/**] onto handler of type [class org.springframework.web.servlet.resource.ResourceHttpRequestHandler]
22/09/2017 08:48:09.028 [localhost-startStop-1] [AbstractUrlHandlerMapping.java:362]
				INFO  o.s.w.s.h.SimpleUrlHandlerMapping - Mapped URL path [/**/favicon.ico] onto handler of type [class org.springframework.web.servlet.resource.ResourceHttpRequestHandler]
22/09/2017 08:48:09.155 [localhost-startStop-1] [MBeanExporter.java:431]
				INFO  o.s.j.e.a.AnnotationMBeanExporter - Registering beans for JMX exposure on startup
22/09/2017 08:48:09.168 [localhost-startStop-1] [StartupInfoLogger.java:57]
				INFO  c.w.w.ServletInitializer - Started ServletInitializer in 2.247 seconds (JVM running for 12.91)
22/09/2017 09:40:46.071 [http-nio-8090-exec-1] [DirectJDKLog.java:179]
				INFO  o.a.c.c.C.[Tomcat].[localhost].[/] - Initializing Spring FrameworkServlet 'dispatcherServlet'
22/09/2017 09:40:46.071 [http-nio-8090-exec-1] [FrameworkServlet.java:489]
				INFO  o.s.web.servlet.DispatcherServlet - FrameworkServlet 'dispatcherServlet': initialization started
22/09/2017 09:40:46.085 [http-nio-8090-exec-1] [FrameworkServlet.java:508]
				INFO  o.s.web.servlet.DispatcherServlet - FrameworkServlet 'dispatcherServlet': initialization completed in 14 ms
22/09/2017 09:40:46.100 [http-nio-8090-exec-1] [RequestInterceptor.java:24]
				INFO  c.w.w.i.RequestInterceptor - Avant de traiter la requete
22/09/2017 09:40:46.102 [http-nio-8090-exec-1] [RequestInterceptor.java:31]
				INFO  c.w.w.i.RequestInterceptor - La methode est executé
22/09/2017 09:40:46.102 [http-nio-8090-exec-1] [RequestInterceptor.java:37]
				INFO  c.w.w.i.RequestInterceptor - La requete est terminée!
22/09/2017 09:40:46.112 [http-nio-8090-exec-2] [RequestInterceptor.java:24]
				INFO  c.w.w.i.RequestInterceptor - Avant de traiter la requete
22/09/2017 09:40:46.184 [http-nio-8090-exec-2] [Service.java:20]
				INFO  c.w.workflowBackend.services.Service - ...........................begin method signInActor............................
22/09/2017 09:40:46.637 [http-nio-8090-exec-2] [Service.java:37]
				INFO  c.w.workflowBackend.services.Service - ...........................end method signInActor............................
22/09/2017 09:40:46.667 [http-nio-8090-exec-2] [RequestInterceptor.java:31]
				INFO  c.w.w.i.RequestInterceptor - La methode est executé
22/09/2017 09:40:46.667 [http-nio-8090-exec-2] [RequestInterceptor.java:37]
				INFO  c.w.w.i.RequestInterceptor - La requete est terminée!
22/09/2017 09:54:28.654 [http-nio-8090-exec-5] [RequestInterceptor.java:24]
				INFO  c.w.w.i.RequestInterceptor - Avant de traiter la requete
22/09/2017 09:54:28.655 [http-nio-8090-exec-5] [RequestInterceptor.java:31]
				INFO  c.w.w.i.RequestInterceptor - La methode est executé
22/09/2017 09:54:28.655 [http-nio-8090-exec-5] [RequestInterceptor.java:37]
				INFO  c.w.w.i.RequestInterceptor - La requete est terminée!
22/09/2017 09:54:28.677 [http-nio-8090-exec-6] [RequestInterceptor.java:24]
				INFO  c.w.w.i.RequestInterceptor - Avant de traiter la requete
22/09/2017 09:54:28.678 [http-nio-8090-exec-6] [Service.java:20]
				INFO  c.w.workflowBackend.services.Service - ...........................begin method signInActor............................
22/09/2017 09:54:28.877 [http-nio-8090-exec-6] [Service.java:37]
				INFO  c.w.workflowBackend.services.Service - ...........................end method signInActor............................
22/09/2017 09:54:28.879 [http-nio-8090-exec-6] [RequestInterceptor.java:31]
				INFO  c.w.w.i.RequestInterceptor - La methode est executé
22/09/2017 09:54:28.879 [http-nio-8090-exec-6] [RequestInterceptor.java:37]
				INFO  c.w.w.i.RequestInterceptor - La requete est terminée!
22/09/2017 17:10:58.854 [http-nio-8090-exec-9] [RequestInterceptor.java:24]
				INFO  c.w.w.i.RequestInterceptor - Avant de traiter la requete
22/09/2017 17:10:58.858 [http-nio-8090-exec-9] [RequestInterceptor.java:31]
				INFO  c.w.w.i.RequestInterceptor - La methode est executé
22/09/2017 17:10:58.859 [http-nio-8090-exec-9] [RequestInterceptor.java:37]
				INFO  c.w.w.i.RequestInterceptor - La requete est terminée!
22/09/2017 17:10:58.864 [http-nio-8090-exec-10] [RequestInterceptor.java:24]
				INFO  c.w.w.i.RequestInterceptor - Avant de traiter la requete
22/09/2017 17:10:58.868 [http-nio-8090-exec-10] [Service.java:20]
				INFO  c.w.workflowBackend.services.Service - ...........................begin method signInActor............................
22/09/2017 17:11:00.260 [http-nio-8090-exec-10] [Service.java:37]
				INFO  c.w.workflowBackend.services.Service - ...........................end method signInActor............................
22/09/2017 17:11:00.263 [http-nio-8090-exec-10] [RequestInterceptor.java:31]
				INFO  c.w.w.i.RequestInterceptor - La methode est executé
22/09/2017 17:11:00.263 [http-nio-8090-exec-10] [RequestInterceptor.java:37]
				INFO  c.w.w.i.RequestInterceptor - La requete est terminée!
22/09/2017 17:23:30.724 [http-nio-8090-exec-3] [RequestInterceptor.java:24]
				INFO  c.w.w.i.RequestInterceptor - Avant de traiter la requete
22/09/2017 17:23:30.725 [http-nio-8090-exec-3] [RequestInterceptor.java:31]
				INFO  c.w.w.i.RequestInterceptor - La methode est executé
22/09/2017 17:23:30.725 [http-nio-8090-exec-3] [RequestInterceptor.java:37]
				INFO  c.w.w.i.RequestInterceptor - La requete est terminée!
22/09/2017 17:23:30.757 [http-nio-8090-exec-4] [RequestInterceptor.java:24]
				INFO  c.w.w.i.RequestInterceptor - Avant de traiter la requete
22/09/2017 17:23:30.758 [http-nio-8090-exec-4] [Service.java:20]
				INFO  c.w.workflowBackend.services.Service - ...........................begin method signInActor............................
22/09/2017 17:23:33.151 [http-nio-8090-exec-4] [Service.java:37]
				INFO  c.w.workflowBackend.services.Service - ...........................end method signInActor............................
22/09/2017 17:23:33.152 [http-nio-8090-exec-4] [RequestInterceptor.java:31]
				INFO  c.w.w.i.RequestInterceptor - La methode est executé
22/09/2017 17:23:33.153 [http-nio-8090-exec-4] [RequestInterceptor.java:37]
				INFO  c.w.w.i.RequestInterceptor - La requete est terminée!
22/09/2017 17:44:31.337 [http-nio-8090-exec-7] [RequestInterceptor.java:24]
				INFO  c.w.w.i.RequestInterceptor - Avant de traiter la requete
22/09/2017 17:44:31.338 [http-nio-8090-exec-7] [RequestInterceptor.java:31]
				INFO  c.w.w.i.RequestInterceptor - La methode est executé
22/09/2017 17:44:31.338 [http-nio-8090-exec-7] [RequestInterceptor.java:37]
				INFO  c.w.w.i.RequestInterceptor - La requete est terminée!
22/09/2017 17:44:31.353 [http-nio-8090-exec-8] [RequestInterceptor.java:24]
				INFO  c.w.w.i.RequestInterceptor - Avant de traiter la requete
22/09/2017 17:44:31.354 [http-nio-8090-exec-8] [Service.java:20]
				INFO  c.w.workflowBackend.services.Service - ...........................begin method signInActor............................
22/09/2017 17:44:31.956 [http-nio-8090-exec-8] [Service.java:37]
				INFO  c.w.workflowBackend.services.Service - ...........................end method signInActor............................
22/09/2017 17:44:31.958 [http-nio-8090-exec-8] [RequestInterceptor.java:31]
				INFO  c.w.w.i.RequestInterceptor - La methode est executé
22/09/2017 17:44:31.958 [http-nio-8090-exec-8] [RequestInterceptor.java:37]
				INFO  c.w.w.i.RequestInterceptor - La requete est terminée!
22/09/2017 17:44:32.055 [http-nio-8090-exec-9] [RequestInterceptor.java:24]
				INFO  c.w.w.i.RequestInterceptor - Avant de traiter la requete
22/09/2017 17:44:32.055 [http-nio-8090-exec-9] [RequestInterceptor.java:31]
				INFO  c.w.w.i.RequestInterceptor - La methode est executé
22/09/2017 17:44:32.055 [http-nio-8090-exec-9] [RequestInterceptor.java:37]
				INFO  c.w.w.i.RequestInterceptor - La requete est terminée!
22/09/2017 17:44:32.206 [http-nio-8090-exec-10] [RequestInterceptor.java:24]
				INFO  c.w.w.i.RequestInterceptor - Avant de traiter la requete
22/09/2017 17:44:32.223 [http-nio-8090-exec-10] [Service.java:419]
				INFO  c.w.workflowBackend.services.Service - ...........................begin method getMyTaskLock............................
22/09/2017 17:44:32.241 [http-nio-8090-exec-1] [RequestInterceptor.java:24]
				INFO  c.w.w.i.RequestInterceptor - Avant de traiter la requete
22/09/2017 17:44:32.241 [http-nio-8090-exec-2] [RequestInterceptor.java:24]
				INFO  c.w.w.i.RequestInterceptor - Avant de traiter la requete
22/09/2017 17:44:32.241 [http-nio-8090-exec-1] [RequestInterceptor.java:31]
				INFO  c.w.w.i.RequestInterceptor - La methode est executé
22/09/2017 17:44:32.241 [http-nio-8090-exec-2] [RequestInterceptor.java:31]
				INFO  c.w.w.i.RequestInterceptor - La methode est executé
22/09/2017 17:44:32.242 [http-nio-8090-exec-1] [RequestInterceptor.java:37]
				INFO  c.w.w.i.RequestInterceptor - La requete est terminée!
22/09/2017 17:44:32.242 [http-nio-8090-exec-2] [RequestInterceptor.java:37]
				INFO  c.w.w.i.RequestInterceptor - La requete est terminée!
22/09/2017 17:44:32.581 [http-nio-8090-exec-4] [RequestInterceptor.java:24]
				INFO  c.w.w.i.RequestInterceptor - Avant de traiter la requete
22/09/2017 17:44:32.581 [http-nio-8090-exec-3] [RequestInterceptor.java:24]
				INFO  c.w.w.i.RequestInterceptor - Avant de traiter la requete
22/09/2017 17:44:32.582 [http-nio-8090-exec-4] [Service.java:595]
				INFO  c.w.workflowBackend.services.Service - ...........................begin method getCountTaskOffer............................
22/09/2017 17:44:32.582 [http-nio-8090-exec-3] [Service.java:573]
				INFO  c.w.workflowBackend.services.Service - ...........................begin method getCountMyTaskLock............................
22/09/2017 17:44:33.351 [http-nio-8090-exec-3] [Service.java:588]
				INFO  c.w.workflowBackend.services.Service - ...........................end method getCountMyTaskLock............................
22/09/2017 17:44:33.356 [http-nio-8090-exec-3] [RequestInterceptor.java:31]
				INFO  c.w.w.i.RequestInterceptor - La methode est executé
22/09/2017 17:44:33.357 [http-nio-8090-exec-3] [RequestInterceptor.java:37]
				INFO  c.w.w.i.RequestInterceptor - La requete est terminée!
22/09/2017 17:44:33.368 [http-nio-8090-exec-4] [Service.java:610]
				INFO  c.w.workflowBackend.services.Service - ...........................end method getCountTaskOffer............................
22/09/2017 17:44:33.370 [http-nio-8090-exec-4] [RequestInterceptor.java:31]
				INFO  c.w.w.i.RequestInterceptor - La methode est executé
22/09/2017 17:44:33.370 [http-nio-8090-exec-4] [RequestInterceptor.java:37]
				INFO  c.w.w.i.RequestInterceptor - La requete est terminée!
22/09/2017 17:44:33.834 [http-nio-8090-exec-10] [Service.java:434]
				INFO  c.w.workflowBackend.services.Service - ...........................end method getMyTaskLock............................
22/09/2017 17:44:33.837 [http-nio-8090-exec-10] [RequestInterceptor.java:31]
				INFO  c.w.w.i.RequestInterceptor - La methode est executé
22/09/2017 17:44:33.838 [http-nio-8090-exec-10] [RequestInterceptor.java:37]
				INFO  c.w.w.i.RequestInterceptor - La requete est terminée!
22/09/2017 17:44:35.395 [http-nio-8090-exec-5] [RequestInterceptor.java:24]
				INFO  c.w.w.i.RequestInterceptor - Avant de traiter la requete
22/09/2017 17:44:35.395 [http-nio-8090-exec-5] [RequestInterceptor.java:31]
				INFO  c.w.w.i.RequestInterceptor - La methode est executé
22/09/2017 17:44:35.396 [http-nio-8090-exec-5] [RequestInterceptor.java:37]
				INFO  c.w.w.i.RequestInterceptor - La requete est terminée!
22/09/2017 17:44:35.421 [http-nio-8090-exec-6] [RequestInterceptor.java:24]
				INFO  c.w.w.i.RequestInterceptor - Avant de traiter la requete
22/09/2017 17:44:35.422 [http-nio-8090-exec-6] [Service.java:177]
				INFO  c.w.workflowBackend.services.Service - ...........................begin method checkTaskStatus............................
22/09/2017 17:44:35.826 [http-nio-8090-exec-6] [Service.java:192]
				INFO  c.w.workflowBackend.services.Service - ...........................end method checkTaskStatus............................
22/09/2017 17:44:35.828 [http-nio-8090-exec-6] [RequestInterceptor.java:31]
				INFO  c.w.w.i.RequestInterceptor - La methode est executé
22/09/2017 17:44:35.828 [http-nio-8090-exec-6] [RequestInterceptor.java:37]
				INFO  c.w.w.i.RequestInterceptor - La requete est terminée!
22/09/2017 17:44:35.928 [http-nio-8090-exec-7] [RequestInterceptor.java:24]
				INFO  c.w.w.i.RequestInterceptor - Avant de traiter la requete
22/09/2017 17:44:35.929 [http-nio-8090-exec-8] [RequestInterceptor.java:24]
				INFO  c.w.w.i.RequestInterceptor - Avant de traiter la requete
22/09/2017 17:44:35.929 [http-nio-8090-exec-7] [RequestInterceptor.java:31]
				INFO  c.w.w.i.RequestInterceptor - La methode est executé
22/09/2017 17:44:35.929 [http-nio-8090-exec-9] [RequestInterceptor.java:24]
				INFO  c.w.w.i.RequestInterceptor - Avant de traiter la requete
22/09/2017 17:44:35.929 [http-nio-8090-exec-8] [RequestInterceptor.java:31]
				INFO  c.w.w.i.RequestInterceptor - La methode est executé
22/09/2017 17:44:35.929 [http-nio-8090-exec-7] [RequestInterceptor.java:37]
				INFO  c.w.w.i.RequestInterceptor - La requete est terminée!
22/09/2017 17:44:35.929 [http-nio-8090-exec-9] [RequestInterceptor.java:31]
				INFO  c.w.w.i.RequestInterceptor - La methode est executé
22/09/2017 17:44:35.930 [http-nio-8090-exec-8] [RequestInterceptor.java:37]
				INFO  c.w.w.i.RequestInterceptor - La requete est terminée!
22/09/2017 17:44:35.930 [http-nio-8090-exec-9] [RequestInterceptor.java:37]
				INFO  c.w.w.i.RequestInterceptor - La requete est terminée!
22/09/2017 17:44:36.017 [http-nio-8090-exec-1] [RequestInterceptor.java:24]
				INFO  c.w.w.i.RequestInterceptor - Avant de traiter la requete
22/09/2017 17:44:36.017 [http-nio-8090-exec-3] [RequestInterceptor.java:24]
				INFO  c.w.w.i.RequestInterceptor - Avant de traiter la requete
22/09/2017 17:44:36.017 [http-nio-8090-exec-2] [RequestInterceptor.java:24]
				INFO  c.w.w.i.RequestInterceptor - Avant de traiter la requete
22/09/2017 17:44:36.019 [http-nio-8090-exec-1] [Service.java:287]
				INFO  c.w.workflowBackend.services.Service - ...........................begin method getWorkcaseDetails............................
22/09/2017 17:44:36.028 [http-nio-8090-exec-3] [Service.java:133]
				INFO  c.w.workflowBackend.services.Service - ...........................begin method getDocumentDossier............................
22/09/2017 17:44:36.030 [http-nio-8090-exec-2] [Service.java:111]
				INFO  c.w.workflowBackend.services.Service - ...........................begin method getCommentaireDossier............................
22/09/2017 17:44:36.539 [http-nio-8090-exec-3] [Service.java:148]
				INFO  c.w.workflowBackend.services.Service - ...........................end method getDocumentDossier............................
22/09/2017 17:44:36.542 [http-nio-8090-exec-3] [RequestInterceptor.java:31]
				INFO  c.w.w.i.RequestInterceptor - La methode est executé
22/09/2017 17:44:36.543 [http-nio-8090-exec-3] [RequestInterceptor.java:37]
				INFO  c.w.w.i.RequestInterceptor - La requete est terminée!
22/09/2017 17:44:36.705 [http-nio-8090-exec-2] [Service.java:126]
				INFO  c.w.workflowBackend.services.Service - ...........................end method getCommentaireDossier............................
22/09/2017 17:44:36.711 [http-nio-8090-exec-2] [RequestInterceptor.java:31]
				INFO  c.w.w.i.RequestInterceptor - La methode est executé
22/09/2017 17:44:36.712 [http-nio-8090-exec-2] [RequestInterceptor.java:37]
				INFO  c.w.w.i.RequestInterceptor - La requete est terminée!
22/09/2017 17:44:37.449 [http-nio-8090-exec-1] [Service.java:302]
				INFO  c.w.workflowBackend.services.Service - ...........................end method getWorkcaseDetails............................
22/09/2017 17:44:37.451 [http-nio-8090-exec-1] [RequestInterceptor.java:31]
				INFO  c.w.w.i.RequestInterceptor - La methode est executé
22/09/2017 17:44:37.452 [http-nio-8090-exec-1] [RequestInterceptor.java:37]
				INFO  c.w.w.i.RequestInterceptor - La requete est terminée!
22/09/2017 17:44:48.581 [http-nio-8090-exec-4] [RequestInterceptor.java:24]
				INFO  c.w.w.i.RequestInterceptor - Avant de traiter la requete
22/09/2017 17:44:48.581 [http-nio-8090-exec-4] [RequestInterceptor.java:31]
				INFO  c.w.w.i.RequestInterceptor - La methode est executé
22/09/2017 17:44:48.581 [http-nio-8090-exec-4] [RequestInterceptor.java:37]
				INFO  c.w.w.i.RequestInterceptor - La requete est terminée!
22/09/2017 17:44:48.632 [http-nio-8090-exec-10] [RequestInterceptor.java:24]
				INFO  c.w.w.i.RequestInterceptor - Avant de traiter la requete
22/09/2017 17:44:48.633 [http-nio-8090-exec-10] [Service.java:419]
				INFO  c.w.workflowBackend.services.Service - ...........................begin method getMyTaskLock............................
22/09/2017 17:44:48.756 [http-nio-8090-exec-5] [RequestInterceptor.java:24]
				INFO  c.w.w.i.RequestInterceptor - Avant de traiter la requete
22/09/2017 17:44:48.756 [http-nio-8090-exec-5] [RequestInterceptor.java:31]
				INFO  c.w.w.i.RequestInterceptor - La methode est executé
22/09/2017 17:44:48.757 [http-nio-8090-exec-6] [RequestInterceptor.java:24]
				INFO  c.w.w.i.RequestInterceptor - Avant de traiter la requete
22/09/2017 17:44:48.757 [http-nio-8090-exec-5] [RequestInterceptor.java:37]
				INFO  c.w.w.i.RequestInterceptor - La requete est terminée!
22/09/2017 17:44:48.757 [http-nio-8090-exec-6] [RequestInterceptor.java:31]
				INFO  c.w.w.i.RequestInterceptor - La methode est executé
22/09/2017 17:44:48.757 [http-nio-8090-exec-6] [RequestInterceptor.java:37]
				INFO  c.w.w.i.RequestInterceptor - La requete est terminée!
22/09/2017 17:44:48.851 [http-nio-8090-exec-8] [RequestInterceptor.java:24]
				INFO  c.w.w.i.RequestInterceptor - Avant de traiter la requete
22/09/2017 17:44:48.851 [http-nio-8090-exec-7] [RequestInterceptor.java:24]
				INFO  c.w.w.i.RequestInterceptor - Avant de traiter la requete
22/09/2017 17:44:48.852 [http-nio-8090-exec-8] [Service.java:595]
				INFO  c.w.workflowBackend.services.Service - ...........................begin method getCountTaskOffer............................
22/09/2017 17:44:48.852 [http-nio-8090-exec-7] [Service.java:573]
				INFO  c.w.workflowBackend.services.Service - ...........................begin method getCountMyTaskLock............................
22/09/2017 17:44:49.498 [http-nio-8090-exec-7] [Service.java:588]
				INFO  c.w.workflowBackend.services.Service - ...........................end method getCountMyTaskLock............................
22/09/2017 17:44:49.499 [http-nio-8090-exec-7] [RequestInterceptor.java:31]
				INFO  c.w.w.i.RequestInterceptor - La methode est executé
22/09/2017 17:44:49.500 [http-nio-8090-exec-7] [RequestInterceptor.java:37]
				INFO  c.w.w.i.RequestInterceptor - La requete est terminée!
22/09/2017 17:44:49.555 [http-nio-8090-exec-8] [Service.java:610]
				INFO  c.w.workflowBackend.services.Service - ...........................end method getCountTaskOffer............................
22/09/2017 17:44:49.557 [http-nio-8090-exec-8] [RequestInterceptor.java:31]
				INFO  c.w.w.i.RequestInterceptor - La methode est executé
22/09/2017 17:44:49.557 [http-nio-8090-exec-8] [RequestInterceptor.java:37]
				INFO  c.w.w.i.RequestInterceptor - La requete est terminée!
22/09/2017 17:44:50.349 [http-nio-8090-exec-10] [Service.java:434]
				INFO  c.w.workflowBackend.services.Service - ...........................end method getMyTaskLock............................
22/09/2017 17:44:50.354 [http-nio-8090-exec-10] [RequestInterceptor.java:31]
				INFO  c.w.w.i.RequestInterceptor - La methode est executé
22/09/2017 17:44:50.354 [http-nio-8090-exec-10] [RequestInterceptor.java:37]
				INFO  c.w.w.i.RequestInterceptor - La requete est terminée!
22/09/2017 17:48:12.600 [http-nio-8090-exec-4] [RequestInterceptor.java:24]
				INFO  c.w.w.i.RequestInterceptor - Avant de traiter la requete
22/09/2017 17:48:12.601 [http-nio-8090-exec-4] [RequestInterceptor.java:31]
				INFO  c.w.w.i.RequestInterceptor - La methode est executé
22/09/2017 17:48:12.601 [http-nio-8090-exec-4] [RequestInterceptor.java:37]
				INFO  c.w.w.i.RequestInterceptor - La requete est terminée!
22/09/2017 17:48:12.622 [http-nio-8090-exec-5] [RequestInterceptor.java:24]
				INFO  c.w.w.i.RequestInterceptor - Avant de traiter la requete
22/09/2017 17:48:12.674 [http-nio-8090-exec-5] [Service.java:67]
				INFO  c.w.workflowBackend.services.Service - ...........................begin method createWorkcase............................
22/09/2017 17:48:21.383 [http-nio-8090-exec-5] [CoreEngine.java:1371]
				WARN  c.w.w.engine.CoreEngine - EXCEPTION : null
22/09/2017 17:48:21.383 [http-nio-8090-exec-5] [TaskBusiness.java:89]
				WARN  c.w.w.business.TaskBusiness - EXCEPTION : null
22/09/2017 17:48:21.687 [http-nio-8090-exec-5] [Service.java:79]
				WARN  c.w.workflowBackend.services.Service - La transaction a été annulée suite à une erreur survenue
22/09/2017 17:48:21.688 [http-nio-8090-exec-5] [Service.java:82]
				INFO  c.w.workflowBackend.services.Service - ...........................end method createWorkcase............................
22/09/2017 17:48:21.690 [http-nio-8090-exec-5] [RequestInterceptor.java:31]
				INFO  c.w.w.i.RequestInterceptor - La methode est executé
22/09/2017 17:48:21.690 [http-nio-8090-exec-5] [RequestInterceptor.java:37]
				INFO  c.w.w.i.RequestInterceptor - La requete est terminée!
22/09/2017 17:54:47.466 [RMI TCP Connection(2)-127.0.0.1] [SpringApplicationAdminMXBeanRegistrar.java:125]
				INFO  o.s.b.a.SpringApplicationAdminMXBeanRegistrar$SpringApplicationAdmin - Application shutdown requested.
22/09/2017 17:54:47.467 [RMI TCP Connection(2)-127.0.0.1] [AbstractApplicationContext.java:987]
				INFO  o.s.b.c.e.AnnotationConfigEmbeddedWebApplicationContext - Closing org.springframework.boot.context.embedded.AnnotationConfigEmbeddedWebApplicationContext@3b2cf7ab: startup date [Fri Sep 22 08:47:51 GMT 2017]; root of context hierarchy
22/09/2017 17:54:47.470 [RMI TCP Connection(2)-127.0.0.1] [MBeanExporter.java:449]
				INFO  o.s.j.e.a.AnnotationMBeanExporter - Unregistering JMX-exposed beans on shutdown
22/09/2017 17:54:56.887 [main] [StartupInfoLogger.java:48]
				INFO  com.w4.workflowBackend.Main - Starting Main on MacBook-Pro-de-HIE.local with PID 9485 (/Users/frederic/Documents/workspace-sts-3.8.3.RELEASE/workflowBackend/target/classes started by frederic in /Users/frederic/Documents/workspace-sts-3.8.3.RELEASE/workflowBackend)
22/09/2017 17:54:56.895 [main] [StartupInfoLogger.java:51]
				DEBUG com.w4.workflowBackend.Main - Running with Spring Boot v1.5.2.RELEASE, Spring v4.3.7.RELEASE
22/09/2017 17:54:56.895 [main] [SpringApplication.java:641]
				INFO  com.w4.workflowBackend.Main - The following profiles are active: dev
22/09/2017 17:54:56.929 [main] [AbstractApplicationContext.java:582]
				INFO  o.s.b.c.e.AnnotationConfigEmbeddedWebApplicationContext - Refreshing org.springframework.boot.context.embedded.AnnotationConfigEmbeddedWebApplicationContext@1b410b60: startup date [Fri Sep 22 17:54:56 GMT 2017]; root of context hierarchy
22/09/2017 17:54:57.071 [background-preinit] [Version.java:30]
				INFO  o.h.validator.internal.util.Version - HV000001: Hibernate Validator 5.3.4.Final
22/09/2017 17:54:57.697 [main] [TomcatEmbeddedServletContainer.java:89]
				INFO  o.s.b.c.e.t.TomcatEmbeddedServletContainer - Tomcat initialized with port(s): 8090 (http)
22/09/2017 17:54:57.704 [main] [DirectJDKLog.java:179]
				INFO  o.a.catalina.core.StandardService - Starting service Tomcat
22/09/2017 17:54:57.705 [main] [DirectJDKLog.java:179]
				INFO  o.a.catalina.core.StandardEngine - Starting Servlet Engine: Apache Tomcat/8.5.11
22/09/2017 17:54:57.751 [localhost-startStop-1] [DirectJDKLog.java:179]
				INFO  o.a.c.c.C.[Tomcat].[localhost].[/] - Initializing Spring embedded WebApplicationContext
22/09/2017 17:54:57.752 [localhost-startStop-1] [EmbeddedWebApplicationContext.java:276]
				INFO  o.s.web.context.ContextLoader - Root WebApplicationContext: initialization completed in 822 ms
22/09/2017 17:54:57.869 [localhost-startStop-1] [ServletRegistrationBean.java:190]
				INFO  o.s.b.w.s.ServletRegistrationBean - Mapping servlet: 'dispatcherServlet' to [/]
22/09/2017 17:54:57.872 [localhost-startStop-1] [AbstractFilterRegistrationBean.java:258]
				INFO  o.s.b.w.s.FilterRegistrationBean - Mapping filter: 'crossFilter' to: [/*]
22/09/2017 17:54:57.872 [localhost-startStop-1] [AbstractFilterRegistrationBean.java:258]
				INFO  o.s.b.w.s.FilterRegistrationBean - Mapping filter: 'characterEncodingFilter' to: [/*]
22/09/2017 17:54:57.873 [localhost-startStop-1] [AbstractFilterRegistrationBean.java:258]
				INFO  o.s.b.w.s.FilterRegistrationBean - Mapping filter: 'hiddenHttpMethodFilter' to: [/*]
22/09/2017 17:54:57.873 [localhost-startStop-1] [AbstractFilterRegistrationBean.java:258]
				INFO  o.s.b.w.s.FilterRegistrationBean - Mapping filter: 'httpPutFormContentFilter' to: [/*]
22/09/2017 17:54:57.873 [localhost-startStop-1] [AbstractFilterRegistrationBean.java:258]
				INFO  o.s.b.w.s.FilterRegistrationBean - Mapping filter: 'requestContextFilter' to: [/*]
22/09/2017 17:54:58.133 [main] [RequestMappingHandlerAdapter.java:534]
				INFO  o.s.w.s.m.m.a.RequestMappingHandlerAdapter - Looking for @ControllerAdvice: org.springframework.boot.context.embedded.AnnotationConfigEmbeddedWebApplicationContext@1b410b60: startup date [Fri Sep 22 17:54:56 GMT 2017]; root of context hierarchy
22/09/2017 17:54:58.190 [main] [AbstractHandlerMethodMapping.java:543]
				INFO  o.s.w.s.m.m.a.RequestMappingHandlerMapping - Mapped "{[/workflowBackend/saveTask],methods=[POST],consumes=[application/json],produces=[application/json]}" onto public com.w4.workflowBackend.contracts.TaskResponse com.w4.workflowBackend.services.Service.saveTask(com.w4.workflowBackend.contracts.TaskRequest)
22/09/2017 17:54:58.192 [main] [AbstractHandlerMethodMapping.java:543]
				INFO  o.s.w.s.m.m.a.RequestMappingHandlerMapping - Mapped "{[/workflowBackend/getStep],methods=[POST],consumes=[application/json],produces=[application/json]}" onto public com.w4.workflowBackend.contracts.StepResponse com.w4.workflowBackend.services.Service.getStep(com.w4.workflowBackend.contracts.StepRequest)
22/09/2017 17:54:58.192 [main] [AbstractHandlerMethodMapping.java:543]
				INFO  o.s.w.s.m.m.a.RequestMappingHandlerMapping - Mapped "{[/workflowBackend/lockTask],methods=[POST],consumes=[application/json],produces=[application/json]}" onto public com.w4.workflowBackend.contracts.TaskResponse com.w4.workflowBackend.services.Service.lockTask(com.w4.workflowBackend.contracts.TaskRequest)
22/09/2017 17:54:58.193 [main] [AbstractHandlerMethodMapping.java:543]
				INFO  o.s.w.s.m.m.a.RequestMappingHandlerMapping - Mapped "{[/workflowBackend/signInActor],methods=[POST],consumes=[application/json],produces=[application/json]}" onto public com.w4.workflowBackend.contracts.ActorResponse com.w4.workflowBackend.services.Service.signInActor(com.w4.workflowBackend.contracts.ActorRequest)
22/09/2017 17:54:58.193 [main] [AbstractHandlerMethodMapping.java:543]
				INFO  o.s.w.s.m.m.a.RequestMappingHandlerMapping - Mapped "{[/workflowBackend/logoutActor],methods=[POST],consumes=[application/json],produces=[application/json]}" onto public com.w4.workflowBackend.contracts.ActorResponse com.w4.workflowBackend.services.Service.logoutActor(com.w4.workflowBackend.contracts.ActorRequest)
22/09/2017 17:54:58.193 [main] [AbstractHandlerMethodMapping.java:543]
				INFO  o.s.w.s.m.m.a.RequestMappingHandlerMapping - Mapped "{[/workflowBackend/createWorkcase],methods=[POST],consumes=[application/json],produces=[application/json]}" onto public com.w4.workflowBackend.contracts.TaskResponse com.w4.workflowBackend.services.Service.createWorkcase(com.w4.workflowBackend.contracts.TaskRequest)
22/09/2017 17:54:58.194 [main] [AbstractHandlerMethodMapping.java:543]
				INFO  o.s.w.s.m.m.a.RequestMappingHandlerMapping - Mapped "{[/workflowBackend/getWorkcase],methods=[POST],consumes=[application/json],produces=[application/json]}" onto public com.w4.workflowBackend.contracts.TaskResponse com.w4.workflowBackend.services.Service.getWorkcase(com.w4.workflowBackend.contracts.TaskRequest)
22/09/2017 17:54:58.194 [main] [AbstractHandlerMethodMapping.java:543]
				INFO  o.s.w.s.m.m.a.RequestMappingHandlerMapping - Mapped "{[/workflowBackend/getCommentaireDossier],methods=[POST],consumes=[application/json],produces=[application/json]}" onto public com.w4.workflowBackend.contracts.CommentaireResponse com.w4.workflowBackend.services.Service.getCommentaireDossier(com.w4.workflowBackend.contracts.CommentaireRequest)
22/09/2017 17:54:58.194 [main] [AbstractHandlerMethodMapping.java:543]
				INFO  o.s.w.s.m.m.a.RequestMappingHandlerMapping - Mapped "{[/workflowBackend/getDocumentDossier],methods=[POST],consumes=[application/json],produces=[application/json]}" onto public com.w4.workflowBackend.contracts.DocumentResponse com.w4.workflowBackend.services.Service.getDocumentDossier(com.w4.workflowBackend.contracts.DocumentRequest)
22/09/2017 17:54:58.195 [main] [AbstractHandlerMethodMapping.java:543]
				INFO  o.s.w.s.m.m.a.RequestMappingHandlerMapping - Mapped "{[/workflowBackend/unlockTask],methods=[POST],consumes=[application/json],produces=[application/json]}" onto public com.w4.workflowBackend.contracts.TaskResponse com.w4.workflowBackend.services.Service.unlockTask(com.w4.workflowBackend.contracts.TaskRequest)
22/09/2017 17:54:58.195 [main] [AbstractHandlerMethodMapping.java:543]
				INFO  o.s.w.s.m.m.a.RequestMappingHandlerMapping - Mapped "{[/workflowBackend/checkTaskStatus],methods=[POST],consumes=[application/json],produces=[application/json]}" onto public com.w4.workflowBackend.contracts.TaskResponse com.w4.workflowBackend.services.Service.checkTaskStatus(com.w4.workflowBackend.contracts.TaskRequest)
22/09/2017 17:54:58.195 [main] [AbstractHandlerMethodMapping.java:543]
				INFO  o.s.w.s.m.m.a.RequestMappingHandlerMapping - Mapped "{[/workflowBackend/getTaskVariables],methods=[POST],consumes=[application/json],produces=[application/json]}" onto public com.w4.workflowBackend.contracts.TaskResponse com.w4.workflowBackend.services.Service.getTaskVariables(com.w4.workflowBackend.contracts.TaskRequest)
22/09/2017 17:54:58.196 [main] [AbstractHandlerMethodMapping.java:543]
				INFO  o.s.w.s.m.m.a.RequestMappingHandlerMapping - Mapped "{[/workflowBackend/submitTask],methods=[POST],consumes=[application/json],produces=[application/json]}" onto public com.w4.workflowBackend.contracts.TaskResponse com.w4.workflowBackend.services.Service.submitTask(com.w4.workflowBackend.contracts.TaskRequest)
22/09/2017 17:54:58.196 [main] [AbstractHandlerMethodMapping.java:543]
				INFO  o.s.w.s.m.m.a.RequestMappingHandlerMapping - Mapped "{[/workflowBackend/getWorkcaseDetails],methods=[POST],consumes=[application/json],produces=[application/json]}" onto public com.w4.workflowBackend.contracts.TaskResponse com.w4.workflowBackend.services.Service.getWorkcaseDetails(com.w4.workflowBackend.contracts.TaskRequest)
22/09/2017 17:54:58.196 [main] [AbstractHandlerMethodMapping.java:543]
				INFO  o.s.w.s.m.m.a.RequestMappingHandlerMapping - Mapped "{[/workflowBackend/getAlarmTaskItem],methods=[POST],consumes=[application/json],produces=[application/json]}" onto public com.w4.workflowBackend.contracts.TaskResponse com.w4.workflowBackend.services.Service.getAlarmTaskItem(com.w4.workflowBackend.contracts.TaskRequest)
22/09/2017 17:54:58.197 [main] [AbstractHandlerMethodMapping.java:543]
				INFO  o.s.w.s.m.m.a.RequestMappingHandlerMapping - Mapped "{[/workflowBackend/getWorkcaseVariables],methods=[POST],consumes=[application/json],produces=[application/json]}" onto public com.w4.workflowBackend.contracts.TaskResponse com.w4.workflowBackend.services.Service.getWorkcaseVariables(com.w4.workflowBackend.contracts.TaskRequest)
22/09/2017 17:54:58.198 [main] [AbstractHandlerMethodMapping.java:543]
				INFO  o.s.w.s.m.m.a.RequestMappingHandlerMapping - Mapped "{[/workflowBackend/searchWorkcase],methods=[POST],consumes=[application/json],produces=[application/json]}" onto public com.w4.workflowBackend.contracts.TaskResponse com.w4.workflowBackend.services.Service.searchWorkcase(com.w4.workflowBackend.contracts.TaskRequest)
22/09/2017 17:54:58.199 [main] [AbstractHandlerMethodMapping.java:543]
				INFO  o.s.w.s.m.m.a.RequestMappingHandlerMapping - Mapped "{[/workflowBackend/getListActorByRole],methods=[POST],consumes=[application/json],produces=[application/json]}" onto public com.w4.workflowBackend.contracts.ActorResponse com.w4.workflowBackend.services.Service.getListActorByRole(com.w4.workflowBackend.contracts.ActorRequest)
22/09/2017 17:54:58.199 [main] [AbstractHandlerMethodMapping.java:543]
				INFO  o.s.w.s.m.m.a.RequestMappingHandlerMapping - Mapped "{[/workflowBackend/getTaskMyGoupLock],methods=[POST],consumes=[application/json],produces=[application/json]}" onto public com.w4.workflowBackend.contracts.TaskResponse com.w4.workflowBackend.services.Service.getTaskMyGoupLock(com.w4.workflowBackend.contracts.TaskRequest)
22/09/2017 17:54:58.199 [main] [AbstractHandlerMethodMapping.java:543]
				INFO  o.s.w.s.m.m.a.RequestMappingHandlerMapping - Mapped "{[/workflowBackend/getMyTaskLock],methods=[POST],consumes=[application/json],produces=[application/json]}" onto public com.w4.workflowBackend.contracts.TaskResponse com.w4.workflowBackend.services.Service.getMyTaskLock(com.w4.workflowBackend.contracts.TaskRequest)
22/09/2017 17:54:58.200 [main] [AbstractHandlerMethodMapping.java:543]
				INFO  o.s.w.s.m.m.a.RequestMappingHandlerMapping - Mapped "{[/workflowBackend/getMyTaskLockByActor],methods=[POST],consumes=[application/json],produces=[application/json]}" onto public com.w4.workflowBackend.contracts.TaskResponse com.w4.workflowBackend.services.Service.getMyTaskLockByActor(com.w4.workflowBackend.contracts.TaskRequest)
22/09/2017 17:54:58.200 [main] [AbstractHandlerMethodMapping.java:543]
				INFO  o.s.w.s.m.m.a.RequestMappingHandlerMapping - Mapped "{[/workflowBackend/getMyTaskOffer],methods=[POST],consumes=[application/json],produces=[application/json]}" onto public com.w4.workflowBackend.contracts.TaskResponse com.w4.workflowBackend.services.Service.getMyTaskOffer(com.w4.workflowBackend.contracts.TaskRequest)
22/09/2017 17:54:58.200 [main] [AbstractHandlerMethodMapping.java:543]
				INFO  o.s.w.s.m.m.a.RequestMappingHandlerMapping - Mapped "{[/workflowBackend/attachFile],methods=[POST],consumes=[application/json],produces=[application/json]}" onto public com.w4.workflowBackend.contracts.DocumentResponse com.w4.workflowBackend.services.Service.attachFile(com.w4.workflowBackend.contracts.TaskRequest)
22/09/2017 17:54:58.201 [main] [AbstractHandlerMethodMapping.java:543]
				INFO  o.s.w.s.m.m.a.RequestMappingHandlerMapping - Mapped "{[/workflowBackend/reassignTask],methods=[POST],consumes=[application/json],produces=[application/json]}" onto public com.w4.workflowBackend.contracts.TaskResponse com.w4.workflowBackend.services.Service.reassignTask(com.w4.workflowBackend.contracts.TaskRequest)
22/09/2017 17:54:58.201 [main] [AbstractHandlerMethodMapping.java:543]
				INFO  o.s.w.s.m.m.a.RequestMappingHandlerMapping - Mapped "{[/workflowBackend/getCountMyTaskLock],methods=[POST],consumes=[application/json],produces=[application/json]}" onto public com.w4.workflowBackend.contracts.TaskResponse com.w4.workflowBackend.services.Service.getCountMyTaskLock(com.w4.workflowBackend.contracts.TaskRequest)
22/09/2017 17:54:58.201 [main] [AbstractHandlerMethodMapping.java:543]
				INFO  o.s.w.s.m.m.a.RequestMappingHandlerMapping - Mapped "{[/workflowBackend/getCountTaskOffer],methods=[POST],consumes=[application/json],produces=[application/json]}" onto public com.w4.workflowBackend.contracts.TaskResponse com.w4.workflowBackend.services.Service.getCountTaskOffer(com.w4.workflowBackend.contracts.TaskRequest)
22/09/2017 17:54:58.202 [main] [AbstractHandlerMethodMapping.java:543]
				INFO  o.s.w.s.m.m.a.RequestMappingHandlerMapping - Mapped "{[/workflowBackend/getRole],methods=[POST],consumes=[application/json],produces=[application/json]}" onto public com.w4.workflowBackend.contracts.RoleResponse com.w4.workflowBackend.services.Service.getRole(com.w4.workflowBackend.contracts.RoleRequest)
22/09/2017 17:54:58.204 [main] [AbstractHandlerMethodMapping.java:543]
				INFO  o.s.w.s.m.m.a.RequestMappingHandlerMapping - Mapped "{[/error]}" onto public org.springframework.http.ResponseEntity<java.util.Map<java.lang.String, java.lang.Object>> org.springframework.boot.autoconfigure.web.BasicErrorController.error(javax.servlet.http.HttpServletRequest)
22/09/2017 17:54:58.204 [main] [AbstractHandlerMethodMapping.java:543]
				INFO  o.s.w.s.m.m.a.RequestMappingHandlerMapping - Mapped "{[/error],produces=[text/html]}" onto public org.springframework.web.servlet.ModelAndView org.springframework.boot.autoconfigure.web.BasicErrorController.errorHtml(javax.servlet.http.HttpServletRequest,javax.servlet.http.HttpServletResponse)
22/09/2017 17:54:58.231 [main] [AbstractUrlHandlerMapping.java:362]
				INFO  o.s.w.s.h.SimpleUrlHandlerMapping - Mapped URL path [/webjars/**] onto handler of type [class org.springframework.web.servlet.resource.ResourceHttpRequestHandler]
22/09/2017 17:54:58.231 [main] [AbstractUrlHandlerMapping.java:362]
				INFO  o.s.w.s.h.SimpleUrlHandlerMapping - Mapped URL path [/**] onto handler of type [class org.springframework.web.servlet.resource.ResourceHttpRequestHandler]
22/09/2017 17:54:58.264 [main] [AbstractUrlHandlerMapping.java:362]
				INFO  o.s.w.s.h.SimpleUrlHandlerMapping - Mapped URL path [/**/favicon.ico] onto handler of type [class org.springframework.web.servlet.resource.ResourceHttpRequestHandler]
22/09/2017 17:54:58.450 [main] [MBeanExporter.java:431]
				INFO  o.s.j.e.a.AnnotationMBeanExporter - Registering beans for JMX exposure on startup
22/09/2017 17:54:58.461 [main] [DirectJDKLog.java:179]
				INFO  o.a.coyote.http11.Http11NioProtocol - Initializing ProtocolHandler ["http-nio-8090"]
22/09/2017 17:54:58.466 [main] [DirectJDKLog.java:179]
				INFO  o.a.coyote.http11.Http11NioProtocol - Starting ProtocolHandler [http-nio-8090]
22/09/2017 17:54:58.478 [main] [DirectJDKLog.java:179]
				INFO  o.a.tomcat.util.net.NioSelectorPool - Using a shared selector for servlet write/read
22/09/2017 17:54:58.488 [main] [TomcatEmbeddedServletContainer.java:198]
				INFO  o.s.b.c.e.t.TomcatEmbeddedServletContainer - Tomcat started on port(s): 8090 (http)
22/09/2017 17:54:58.492 [main] [StartupInfoLogger.java:57]
				INFO  com.w4.workflowBackend.Main - Started Main in 1.781 seconds (JVM running for 2.457)
22/09/2017 17:55:39.548 [http-nio-8090-exec-1] [DirectJDKLog.java:179]
				INFO  o.a.c.c.C.[Tomcat].[localhost].[/] - Initializing Spring FrameworkServlet 'dispatcherServlet'
22/09/2017 17:55:39.548 [http-nio-8090-exec-1] [FrameworkServlet.java:489]
				INFO  o.s.web.servlet.DispatcherServlet - FrameworkServlet 'dispatcherServlet': initialization started
22/09/2017 17:55:39.564 [http-nio-8090-exec-1] [FrameworkServlet.java:508]
				INFO  o.s.web.servlet.DispatcherServlet - FrameworkServlet 'dispatcherServlet': initialization completed in 15 ms
22/09/2017 17:55:39.577 [http-nio-8090-exec-1] [RequestInterceptor.java:24]
				INFO  c.w.w.i.RequestInterceptor - Avant de traiter la requete
22/09/2017 17:55:39.578 [http-nio-8090-exec-1] [RequestInterceptor.java:31]
				INFO  c.w.w.i.RequestInterceptor - La methode est executé
22/09/2017 17:55:39.579 [http-nio-8090-exec-1] [RequestInterceptor.java:37]
				INFO  c.w.w.i.RequestInterceptor - La requete est terminée!
22/09/2017 17:55:39.589 [http-nio-8090-exec-2] [RequestInterceptor.java:24]
				INFO  c.w.w.i.RequestInterceptor - Avant de traiter la requete
22/09/2017 17:55:39.694 [http-nio-8090-exec-2] [Service.java:67]
				INFO  c.w.workflowBackend.services.Service - ...........................begin method createWorkcase............................
22/09/2017 17:59:00.868 [http-nio-8090-exec-2] [Service.java:82]
				INFO  c.w.workflowBackend.services.Service - ...........................end method createWorkcase............................
22/09/2017 17:59:00.893 [http-nio-8090-exec-2] [RequestInterceptor.java:31]
				INFO  c.w.w.i.RequestInterceptor - La methode est executé
22/09/2017 17:59:00.893 [http-nio-8090-exec-2] [RequestInterceptor.java:37]
				INFO  c.w.w.i.RequestInterceptor - La requete est terminée!
22/09/2017 18:00:04.892 [http-nio-8090-exec-6] [RequestInterceptor.java:24]
				INFO  c.w.w.i.RequestInterceptor - Avant de traiter la requete
22/09/2017 18:00:04.892 [http-nio-8090-exec-5] [RequestInterceptor.java:24]
				INFO  c.w.w.i.RequestInterceptor - Avant de traiter la requete
22/09/2017 18:00:04.892 [http-nio-8090-exec-5] [RequestInterceptor.java:31]
				INFO  c.w.w.i.RequestInterceptor - La methode est executé
22/09/2017 18:00:04.893 [http-nio-8090-exec-5] [RequestInterceptor.java:37]
				INFO  c.w.w.i.RequestInterceptor - La requete est terminée!
22/09/2017 18:00:04.893 [http-nio-8090-exec-8] [RequestInterceptor.java:24]
				INFO  c.w.w.i.RequestInterceptor - Avant de traiter la requete
22/09/2017 18:00:04.893 [http-nio-8090-exec-8] [RequestInterceptor.java:31]
				INFO  c.w.w.i.RequestInterceptor - La methode est executé
22/09/2017 18:00:04.893 [http-nio-8090-exec-8] [RequestInterceptor.java:37]
				INFO  c.w.w.i.RequestInterceptor - La requete est terminée!
22/09/2017 18:00:04.892 [http-nio-8090-exec-7] [RequestInterceptor.java:24]
				INFO  c.w.w.i.RequestInterceptor - Avant de traiter la requete
22/09/2017 18:00:04.892 [http-nio-8090-exec-6] [RequestInterceptor.java:31]
				INFO  c.w.w.i.RequestInterceptor - La methode est executé
22/09/2017 18:00:04.894 [http-nio-8090-exec-9] [RequestInterceptor.java:24]
				INFO  c.w.w.i.RequestInterceptor - Avant de traiter la requete
22/09/2017 18:00:04.894 [http-nio-8090-exec-7] [RequestInterceptor.java:31]
				INFO  c.w.w.i.RequestInterceptor - La methode est executé
22/09/2017 18:00:04.894 [http-nio-8090-exec-6] [RequestInterceptor.java:37]
				INFO  c.w.w.i.RequestInterceptor - La requete est terminée!
22/09/2017 18:00:04.895 [http-nio-8090-exec-9] [RequestInterceptor.java:31]
				INFO  c.w.w.i.RequestInterceptor - La methode est executé
22/09/2017 18:00:04.895 [http-nio-8090-exec-7] [RequestInterceptor.java:37]
				INFO  c.w.w.i.RequestInterceptor - La requete est terminée!
22/09/2017 18:00:04.895 [http-nio-8090-exec-9] [RequestInterceptor.java:37]
				INFO  c.w.w.i.RequestInterceptor - La requete est terminée!
22/09/2017 18:00:04.947 [http-nio-8090-exec-10] [RequestInterceptor.java:24]
				INFO  c.w.w.i.RequestInterceptor - Avant de traiter la requete
22/09/2017 18:00:04.948 [http-nio-8090-exec-10] [Service.java:573]
				INFO  c.w.workflowBackend.services.Service - ...........................begin method getCountMyTaskLock............................
22/09/2017 18:00:04.956 [http-nio-8090-exec-4] [RequestInterceptor.java:24]
				INFO  c.w.w.i.RequestInterceptor - Avant de traiter la requete
22/09/2017 18:00:04.957 [http-nio-8090-exec-3] [RequestInterceptor.java:24]
				INFO  c.w.w.i.RequestInterceptor - Avant de traiter la requete
22/09/2017 18:00:04.956 [http-nio-8090-exec-1] [RequestInterceptor.java:24]
				INFO  c.w.w.i.RequestInterceptor - Avant de traiter la requete
22/09/2017 18:00:04.957 [http-nio-8090-exec-4] [Service.java:419]
				INFO  c.w.workflowBackend.services.Service - ...........................begin method getMyTaskLock............................
22/09/2017 18:00:04.958 [http-nio-8090-exec-3] [Service.java:595]
				INFO  c.w.workflowBackend.services.Service - ...........................begin method getCountTaskOffer............................
22/09/2017 18:00:04.956 [http-nio-8090-exec-2] [RequestInterceptor.java:24]
				INFO  c.w.w.i.RequestInterceptor - Avant de traiter la requete
22/09/2017 18:00:04.959 [http-nio-8090-exec-2] [Service.java:573]
				INFO  c.w.workflowBackend.services.Service - ...........................begin method getCountMyTaskLock............................
22/09/2017 18:00:04.958 [http-nio-8090-exec-1] [Service.java:595]
				INFO  c.w.workflowBackend.services.Service - ...........................begin method getCountTaskOffer............................
22/09/2017 18:00:05.663 [http-nio-8090-exec-1] [Service.java:610]
				INFO  c.w.workflowBackend.services.Service - ...........................end method getCountTaskOffer............................
22/09/2017 18:00:05.665 [http-nio-8090-exec-1] [RequestInterceptor.java:31]
				INFO  c.w.w.i.RequestInterceptor - La methode est executé
22/09/2017 18:00:05.665 [http-nio-8090-exec-1] [RequestInterceptor.java:37]
				INFO  c.w.w.i.RequestInterceptor - La requete est terminée!
22/09/2017 18:00:06.462 [http-nio-8090-exec-2] [Service.java:588]
				INFO  c.w.workflowBackend.services.Service - ...........................end method getCountMyTaskLock............................
22/09/2017 18:00:06.464 [http-nio-8090-exec-2] [RequestInterceptor.java:31]
				INFO  c.w.w.i.RequestInterceptor - La methode est executé
22/09/2017 18:00:06.464 [http-nio-8090-exec-2] [RequestInterceptor.java:37]
				INFO  c.w.w.i.RequestInterceptor - La requete est terminée!
22/09/2017 18:00:06.479 [http-nio-8090-exec-10] [Service.java:588]
				INFO  c.w.workflowBackend.services.Service - ...........................end method getCountMyTaskLock............................
22/09/2017 18:00:06.480 [http-nio-8090-exec-10] [RequestInterceptor.java:31]
				INFO  c.w.w.i.RequestInterceptor - La methode est executé
22/09/2017 18:00:06.480 [http-nio-8090-exec-10] [RequestInterceptor.java:37]
				INFO  c.w.w.i.RequestInterceptor - La requete est terminée!
22/09/2017 18:00:06.566 [http-nio-8090-exec-3] [Service.java:610]
				INFO  c.w.workflowBackend.services.Service - ...........................end method getCountTaskOffer............................
22/09/2017 18:00:06.568 [http-nio-8090-exec-3] [RequestInterceptor.java:31]
				INFO  c.w.w.i.RequestInterceptor - La methode est executé
22/09/2017 18:00:06.568 [http-nio-8090-exec-3] [RequestInterceptor.java:37]
				INFO  c.w.w.i.RequestInterceptor - La requete est terminée!
22/09/2017 18:00:07.785 [http-nio-8090-exec-4] [Service.java:434]
				INFO  c.w.workflowBackend.services.Service - ...........................end method getMyTaskLock............................
22/09/2017 18:00:07.795 [http-nio-8090-exec-4] [RequestInterceptor.java:31]
				INFO  c.w.w.i.RequestInterceptor - La methode est executé
22/09/2017 18:00:07.795 [http-nio-8090-exec-4] [RequestInterceptor.java:37]
				INFO  c.w.w.i.RequestInterceptor - La requete est terminée!
22/09/2017 18:00:19.312 [http-nio-8090-exec-5] [RequestInterceptor.java:24]
				INFO  c.w.w.i.RequestInterceptor - Avant de traiter la requete
22/09/2017 18:00:19.312 [http-nio-8090-exec-5] [RequestInterceptor.java:31]
				INFO  c.w.w.i.RequestInterceptor - La methode est executé
22/09/2017 18:00:19.313 [http-nio-8090-exec-5] [RequestInterceptor.java:37]
				INFO  c.w.w.i.RequestInterceptor - La requete est terminée!
22/09/2017 18:00:19.364 [http-nio-8090-exec-8] [RequestInterceptor.java:24]
				INFO  c.w.w.i.RequestInterceptor - Avant de traiter la requete
22/09/2017 18:00:19.365 [http-nio-8090-exec-8] [Service.java:463]
				INFO  c.w.workflowBackend.services.Service - ...........................begin method getMyTaskOffer............................
22/09/2017 18:00:20.464 [http-nio-8090-exec-8] [Service.java:478]
				INFO  c.w.workflowBackend.services.Service - ...........................end method getMyTaskOffer............................
22/09/2017 18:00:20.466 [http-nio-8090-exec-8] [RequestInterceptor.java:31]
				INFO  c.w.w.i.RequestInterceptor - La methode est executé
22/09/2017 18:00:20.466 [http-nio-8090-exec-8] [RequestInterceptor.java:37]
				INFO  c.w.w.i.RequestInterceptor - La requete est terminée!
22/09/2017 18:00:20.471 [http-nio-8090-exec-6] [RequestInterceptor.java:24]
				INFO  c.w.w.i.RequestInterceptor - Avant de traiter la requete
22/09/2017 18:00:20.471 [http-nio-8090-exec-6] [RequestInterceptor.java:31]
				INFO  c.w.w.i.RequestInterceptor - La methode est executé
22/09/2017 18:00:20.472 [http-nio-8090-exec-6] [RequestInterceptor.java:37]
				INFO  c.w.w.i.RequestInterceptor - La requete est terminée!
22/09/2017 18:00:20.602 [http-nio-8090-exec-7] [RequestInterceptor.java:24]
				INFO  c.w.w.i.RequestInterceptor - Avant de traiter la requete
22/09/2017 18:00:20.603 [http-nio-8090-exec-7] [Service.java:595]
				INFO  c.w.workflowBackend.services.Service - ...........................begin method getCountTaskOffer............................
22/09/2017 18:00:21.221 [http-nio-8090-exec-7] [Service.java:610]
				INFO  c.w.workflowBackend.services.Service - ...........................end method getCountTaskOffer............................
22/09/2017 18:00:21.222 [http-nio-8090-exec-7] [RequestInterceptor.java:31]
				INFO  c.w.w.i.RequestInterceptor - La methode est executé
22/09/2017 18:00:21.222 [http-nio-8090-exec-7] [RequestInterceptor.java:37]
				INFO  c.w.w.i.RequestInterceptor - La requete est terminée!
22/09/2017 18:00:23.101 [http-nio-8090-exec-9] [RequestInterceptor.java:24]
				INFO  c.w.w.i.RequestInterceptor - Avant de traiter la requete
22/09/2017 18:00:23.101 [http-nio-8090-exec-9] [RequestInterceptor.java:31]
				INFO  c.w.w.i.RequestInterceptor - La methode est executé
22/09/2017 18:00:23.101 [http-nio-8090-exec-9] [RequestInterceptor.java:37]
				INFO  c.w.w.i.RequestInterceptor - La requete est terminée!
22/09/2017 18:00:23.109 [http-nio-8090-exec-1] [RequestInterceptor.java:24]
				INFO  c.w.w.i.RequestInterceptor - Avant de traiter la requete
22/09/2017 18:00:23.110 [http-nio-8090-exec-1] [Service.java:177]
				INFO  c.w.workflowBackend.services.Service - ...........................begin method checkTaskStatus............................
22/09/2017 18:00:23.720 [http-nio-8090-exec-1] [Service.java:192]
				INFO  c.w.workflowBackend.services.Service - ...........................end method checkTaskStatus............................
22/09/2017 18:00:23.722 [http-nio-8090-exec-1] [RequestInterceptor.java:31]
				INFO  c.w.w.i.RequestInterceptor - La methode est executé
22/09/2017 18:00:23.723 [http-nio-8090-exec-1] [RequestInterceptor.java:37]
				INFO  c.w.w.i.RequestInterceptor - La requete est terminée!
22/09/2017 18:00:23.731 [http-nio-8090-exec-2] [RequestInterceptor.java:24]
				INFO  c.w.w.i.RequestInterceptor - Avant de traiter la requete
22/09/2017 18:00:23.732 [http-nio-8090-exec-2] [RequestInterceptor.java:31]
				INFO  c.w.w.i.RequestInterceptor - La methode est executé
22/09/2017 18:00:23.732 [http-nio-8090-exec-2] [RequestInterceptor.java:37]
				INFO  c.w.w.i.RequestInterceptor - La requete est terminée!
22/09/2017 18:00:23.733 [http-nio-8090-exec-10] [RequestInterceptor.java:24]
				INFO  c.w.w.i.RequestInterceptor - Avant de traiter la requete
22/09/2017 18:00:23.733 [http-nio-8090-exec-10] [RequestInterceptor.java:31]
				INFO  c.w.w.i.RequestInterceptor - La methode est executé
22/09/2017 18:00:23.733 [http-nio-8090-exec-10] [RequestInterceptor.java:37]
				INFO  c.w.w.i.RequestInterceptor - La requete est terminée!
22/09/2017 18:00:23.775 [http-nio-8090-exec-3] [RequestInterceptor.java:24]
				INFO  c.w.w.i.RequestInterceptor - Avant de traiter la requete
22/09/2017 18:00:23.775 [http-nio-8090-exec-3] [RequestInterceptor.java:31]
				INFO  c.w.w.i.RequestInterceptor - La methode est executé
22/09/2017 18:00:23.775 [http-nio-8090-exec-3] [RequestInterceptor.java:37]
				INFO  c.w.w.i.RequestInterceptor - La requete est terminée!
22/09/2017 18:00:23.838 [http-nio-8090-exec-5] [RequestInterceptor.java:24]
				INFO  c.w.w.i.RequestInterceptor - Avant de traiter la requete
22/09/2017 18:00:23.838 [http-nio-8090-exec-4] [RequestInterceptor.java:24]
				INFO  c.w.w.i.RequestInterceptor - Avant de traiter la requete
22/09/2017 18:00:23.839 [http-nio-8090-exec-4] [Service.java:595]
				INFO  c.w.workflowBackend.services.Service - ...........................begin method getCountTaskOffer............................
22/09/2017 18:00:23.839 [http-nio-8090-exec-5] [Service.java:573]
				INFO  c.w.workflowBackend.services.Service - ...........................begin method getCountMyTaskLock............................
22/09/2017 18:00:23.856 [http-nio-8090-exec-8] [RequestInterceptor.java:24]
				INFO  c.w.w.i.RequestInterceptor - Avant de traiter la requete
22/09/2017 18:00:23.857 [http-nio-8090-exec-8] [Service.java:419]
				INFO  c.w.workflowBackend.services.Service - ...........................begin method getMyTaskLock............................
22/09/2017 18:00:24.306 [http-nio-8090-exec-5] [Service.java:588]
				INFO  c.w.workflowBackend.services.Service - ...........................end method getCountMyTaskLock............................
22/09/2017 18:00:24.308 [http-nio-8090-exec-5] [RequestInterceptor.java:31]
				INFO  c.w.w.i.RequestInterceptor - La methode est executé
22/09/2017 18:00:24.308 [http-nio-8090-exec-5] [RequestInterceptor.java:37]
				INFO  c.w.w.i.RequestInterceptor - La requete est terminée!
22/09/2017 18:00:24.323 [http-nio-8090-exec-4] [Service.java:610]
				INFO  c.w.workflowBackend.services.Service - ...........................end method getCountTaskOffer............................
22/09/2017 18:00:24.325 [http-nio-8090-exec-4] [RequestInterceptor.java:31]
				INFO  c.w.w.i.RequestInterceptor - La methode est executé
22/09/2017 18:00:24.325 [http-nio-8090-exec-4] [RequestInterceptor.java:37]
				INFO  c.w.w.i.RequestInterceptor - La requete est terminée!
22/09/2017 18:00:25.562 [http-nio-8090-exec-8] [Service.java:434]
				INFO  c.w.workflowBackend.services.Service - ...........................end method getMyTaskLock............................
22/09/2017 18:00:25.567 [http-nio-8090-exec-8] [RequestInterceptor.java:31]
				INFO  c.w.w.i.RequestInterceptor - La methode est executé
22/09/2017 18:00:25.568 [http-nio-8090-exec-8] [RequestInterceptor.java:37]
				INFO  c.w.w.i.RequestInterceptor - La requete est terminée!
22/09/2017 18:00:25.582 [http-nio-8090-exec-6] [RequestInterceptor.java:24]
				INFO  c.w.w.i.RequestInterceptor - Avant de traiter la requete
22/09/2017 18:00:25.582 [http-nio-8090-exec-7] [RequestInterceptor.java:24]
				INFO  c.w.w.i.RequestInterceptor - Avant de traiter la requete
22/09/2017 18:00:25.582 [http-nio-8090-exec-6] [RequestInterceptor.java:31]
				INFO  c.w.w.i.RequestInterceptor - La methode est executé
22/09/2017 18:00:25.582 [http-nio-8090-exec-7] [RequestInterceptor.java:31]
				INFO  c.w.w.i.RequestInterceptor - La methode est executé
22/09/2017 18:00:25.583 [http-nio-8090-exec-6] [RequestInterceptor.java:37]
				INFO  c.w.w.i.RequestInterceptor - La requete est terminée!
22/09/2017 18:00:25.583 [http-nio-8090-exec-9] [RequestInterceptor.java:24]
				INFO  c.w.w.i.RequestInterceptor - Avant de traiter la requete
22/09/2017 18:00:25.583 [http-nio-8090-exec-7] [RequestInterceptor.java:37]
				INFO  c.w.w.i.RequestInterceptor - La requete est terminée!
22/09/2017 18:00:25.583 [http-nio-8090-exec-1] [RequestInterceptor.java:24]
				INFO  c.w.w.i.RequestInterceptor - Avant de traiter la requete
22/09/2017 18:00:25.583 [http-nio-8090-exec-9] [RequestInterceptor.java:31]
				INFO  c.w.w.i.RequestInterceptor - La methode est executé
22/09/2017 18:00:25.584 [http-nio-8090-exec-1] [RequestInterceptor.java:31]
				INFO  c.w.w.i.RequestInterceptor - La methode est executé
22/09/2017 18:00:25.584 [http-nio-8090-exec-9] [RequestInterceptor.java:37]
				INFO  c.w.w.i.RequestInterceptor - La requete est terminée!
22/09/2017 18:00:25.584 [http-nio-8090-exec-2] [RequestInterceptor.java:24]
				INFO  c.w.w.i.RequestInterceptor - Avant de traiter la requete
22/09/2017 18:00:25.584 [http-nio-8090-exec-1] [RequestInterceptor.java:37]
				INFO  c.w.w.i.RequestInterceptor - La requete est terminée!
22/09/2017 18:00:25.584 [http-nio-8090-exec-7] [RequestInterceptor.java:24]
				INFO  c.w.w.i.RequestInterceptor - Avant de traiter la requete
22/09/2017 18:00:25.584 [http-nio-8090-exec-2] [RequestInterceptor.java:31]
				INFO  c.w.w.i.RequestInterceptor - La methode est executé
22/09/2017 18:00:25.585 [http-nio-8090-exec-7] [RequestInterceptor.java:31]
				INFO  c.w.w.i.RequestInterceptor - La methode est executé
22/09/2017 18:00:25.585 [http-nio-8090-exec-2] [RequestInterceptor.java:37]
				INFO  c.w.w.i.RequestInterceptor - La requete est terminée!
22/09/2017 18:00:25.585 [http-nio-8090-exec-7] [RequestInterceptor.java:37]
				INFO  c.w.w.i.RequestInterceptor - La requete est terminée!
22/09/2017 18:00:25.696 [http-nio-8090-exec-3] [RequestInterceptor.java:24]
				INFO  c.w.w.i.RequestInterceptor - Avant de traiter la requete
22/09/2017 18:00:25.696 [http-nio-8090-exec-4] [RequestInterceptor.java:24]
				INFO  c.w.w.i.RequestInterceptor - Avant de traiter la requete
22/09/2017 18:00:25.696 [http-nio-8090-exec-8] [RequestInterceptor.java:24]
				INFO  c.w.w.i.RequestInterceptor - Avant de traiter la requete
22/09/2017 18:00:25.696 [http-nio-8090-exec-5] [RequestInterceptor.java:24]
				INFO  c.w.w.i.RequestInterceptor - Avant de traiter la requete
22/09/2017 18:00:25.697 [http-nio-8090-exec-6] [RequestInterceptor.java:24]
				INFO  c.w.w.i.RequestInterceptor - Avant de traiter la requete
22/09/2017 18:00:25.698 [http-nio-8090-exec-10] [RequestInterceptor.java:24]
				INFO  c.w.w.i.RequestInterceptor - Avant de traiter la requete
22/09/2017 18:00:25.699 [http-nio-8090-exec-8] [Service.java:287]
				INFO  c.w.workflowBackend.services.Service - ...........................begin method getWorkcaseDetails............................
22/09/2017 18:00:25.699 [http-nio-8090-exec-3] [Service.java:287]
				INFO  c.w.workflowBackend.services.Service - ...........................begin method getWorkcaseDetails............................
22/09/2017 18:00:25.702 [http-nio-8090-exec-10] [Service.java:133]
				INFO  c.w.workflowBackend.services.Service - ...........................begin method getDocumentDossier............................
22/09/2017 18:00:25.709 [http-nio-8090-exec-4] [Service.java:133]
				INFO  c.w.workflowBackend.services.Service - ...........................begin method getDocumentDossier............................
22/09/2017 18:00:25.709 [http-nio-8090-exec-5] [Service.java:111]
				INFO  c.w.workflowBackend.services.Service - ...........................begin method getCommentaireDossier............................
22/09/2017 18:00:25.709 [http-nio-8090-exec-6] [Service.java:111]
				INFO  c.w.workflowBackend.services.Service - ...........................begin method getCommentaireDossier............................
22/09/2017 18:00:26.420 [http-nio-8090-exec-6] [Service.java:126]
				INFO  c.w.workflowBackend.services.Service - ...........................end method getCommentaireDossier............................
22/09/2017 18:00:26.424 [http-nio-8090-exec-6] [RequestInterceptor.java:31]
				INFO  c.w.w.i.RequestInterceptor - La methode est executé
22/09/2017 18:00:26.424 [http-nio-8090-exec-6] [RequestInterceptor.java:37]
				INFO  c.w.w.i.RequestInterceptor - La requete est terminée!
22/09/2017 18:00:26.426 [http-nio-8090-exec-5] [Service.java:126]
				INFO  c.w.workflowBackend.services.Service - ...........................end method getCommentaireDossier............................
22/09/2017 18:00:26.427 [http-nio-8090-exec-5] [RequestInterceptor.java:31]
				INFO  c.w.w.i.RequestInterceptor - La methode est executé
22/09/2017 18:00:26.428 [http-nio-8090-exec-5] [RequestInterceptor.java:37]
				INFO  c.w.w.i.RequestInterceptor - La requete est terminée!
22/09/2017 18:00:27.459 [http-nio-8090-exec-3] [Service.java:302]
				INFO  c.w.workflowBackend.services.Service - ...........................end method getWorkcaseDetails............................
22/09/2017 18:00:27.460 [http-nio-8090-exec-3] [RequestInterceptor.java:31]
				INFO  c.w.w.i.RequestInterceptor - La methode est executé
22/09/2017 18:00:27.461 [http-nio-8090-exec-3] [RequestInterceptor.java:37]
				INFO  c.w.w.i.RequestInterceptor - La requete est terminée!
22/09/2017 18:00:27.527 [http-nio-8090-exec-8] [Service.java:302]
				INFO  c.w.workflowBackend.services.Service - ...........................end method getWorkcaseDetails............................
22/09/2017 18:00:27.532 [http-nio-8090-exec-8] [RequestInterceptor.java:31]
				INFO  c.w.w.i.RequestInterceptor - La methode est executé
22/09/2017 18:00:27.533 [http-nio-8090-exec-8] [RequestInterceptor.java:37]
				INFO  c.w.w.i.RequestInterceptor - La requete est terminée!
22/09/2017 18:00:30.896 [http-nio-8090-exec-4] [Service.java:148]
				INFO  c.w.workflowBackend.services.Service - ...........................end method getDocumentDossier............................
22/09/2017 18:00:30.913 [http-nio-8090-exec-4] [RequestInterceptor.java:31]
				INFO  c.w.w.i.RequestInterceptor - La methode est executé
22/09/2017 18:00:30.913 [http-nio-8090-exec-4] [RequestInterceptor.java:37]
				INFO  c.w.w.i.RequestInterceptor - La requete est terminée!
22/09/2017 18:00:30.949 [http-nio-8090-exec-10] [Service.java:148]
				INFO  c.w.workflowBackend.services.Service - ...........................end method getDocumentDossier............................
22/09/2017 18:00:30.963 [http-nio-8090-exec-10] [RequestInterceptor.java:31]
				INFO  c.w.w.i.RequestInterceptor - La methode est executé
22/09/2017 18:00:30.964 [http-nio-8090-exec-10] [RequestInterceptor.java:37]
				INFO  c.w.w.i.RequestInterceptor - La requete est terminée!
22/09/2017 20:00:35.420 [Thread-6] [AbstractApplicationContext.java:987]
				INFO  o.s.b.c.e.AnnotationConfigEmbeddedWebApplicationContext - Closing org.springframework.boot.context.embedded.AnnotationConfigEmbeddedWebApplicationContext@2a32f1f2: startup date [Fri Sep 22 08:48:07 GMT 2017]; root of context hierarchy
22/09/2017 20:00:35.423 [Thread-6] [MBeanExporter.java:449]
				INFO  o.s.j.e.a.AnnotationMBeanExporter - Unregistering JMX-exposed beans on shutdown
