19/09/2017 07:18:30.689 [http-nio-8090-exec-6] [RequestInterceptor.java:24]
				INFO  c.w.w.i.RequestInterceptor - Avant de traiter la requete
19/09/2017 07:18:30.709 [http-nio-8090-exec-6] [RequestInterceptor.java:31]
				INFO  c.w.w.i.RequestInterceptor - La methode est executé
19/09/2017 07:18:30.709 [http-nio-8090-exec-6] [RequestInterceptor.java:37]
				INFO  c.w.w.i.RequestInterceptor - La requete est terminée!
19/09/2017 07:18:30.734 [http-nio-8090-exec-3] [RequestInterceptor.java:24]
				INFO  c.w.w.i.RequestInterceptor - Avant de traiter la requete
19/09/2017 07:18:30.739 [http-nio-8090-exec-3] [Service.java:20]
				INFO  c.w.workflowBackend.services.Service - ...........................begin method signInActor............................
19/09/2017 07:18:31.840 [http-nio-8090-exec-3] [Service.java:37]
				INFO  c.w.workflowBackend.services.Service - ...........................end method signInActor............................
19/09/2017 07:18:31.843 [http-nio-8090-exec-3] [RequestInterceptor.java:31]
				INFO  c.w.w.i.RequestInterceptor - La methode est executé
19/09/2017 07:18:31.843 [http-nio-8090-exec-3] [RequestInterceptor.java:37]
				INFO  c.w.w.i.RequestInterceptor - La requete est terminée!
19/09/2017 11:29:41.071 [http-nio-8090-exec-8] [RequestInterceptor.java:24]
				INFO  c.w.w.i.RequestInterceptor - Avant de traiter la requete
19/09/2017 11:29:41.075 [http-nio-8090-exec-8] [RequestInterceptor.java:31]
				INFO  c.w.w.i.RequestInterceptor - La methode est executé
19/09/2017 11:29:41.075 [http-nio-8090-exec-8] [RequestInterceptor.java:37]
				INFO  c.w.w.i.RequestInterceptor - La requete est terminée!
19/09/2017 11:29:41.096 [http-nio-8090-exec-1] [RequestInterceptor.java:24]
				INFO  c.w.w.i.RequestInterceptor - Avant de traiter la requete
19/09/2017 11:29:41.101 [http-nio-8090-exec-1] [Service.java:20]
				INFO  c.w.workflowBackend.services.Service - ...........................begin method signInActor............................
19/09/2017 11:29:41.528 [http-nio-8090-exec-1] [Service.java:37]
				INFO  c.w.workflowBackend.services.Service - ...........................end method signInActor............................
19/09/2017 11:29:41.530 [http-nio-8090-exec-1] [RequestInterceptor.java:31]
				INFO  c.w.w.i.RequestInterceptor - La methode est executé
19/09/2017 11:29:41.531 [http-nio-8090-exec-1] [RequestInterceptor.java:37]
				INFO  c.w.w.i.RequestInterceptor - La requete est terminée!
19/09/2017 11:29:41.607 [http-nio-8090-exec-9] [RequestInterceptor.java:24]
				INFO  c.w.w.i.RequestInterceptor - Avant de traiter la requete
19/09/2017 11:29:41.607 [http-nio-8090-exec-9] [RequestInterceptor.java:31]
				INFO  c.w.w.i.RequestInterceptor - La methode est executé
19/09/2017 11:29:41.607 [http-nio-8090-exec-9] [RequestInterceptor.java:37]
				INFO  c.w.w.i.RequestInterceptor - La requete est terminée!
19/09/2017 11:29:41.790 [http-nio-8090-exec-7] [RequestInterceptor.java:24]
				INFO  c.w.w.i.RequestInterceptor - Avant de traiter la requete
19/09/2017 11:29:41.791 [http-nio-8090-exec-7] [Service.java:419]
				INFO  c.w.workflowBackend.services.Service - ...........................begin method getMyTaskLock............................
19/09/2017 11:29:41.836 [http-nio-8090-exec-2] [RequestInterceptor.java:24]
				INFO  c.w.w.i.RequestInterceptor - Avant de traiter la requete
19/09/2017 11:29:41.836 [http-nio-8090-exec-2] [RequestInterceptor.java:31]
				INFO  c.w.w.i.RequestInterceptor - La methode est executé
19/09/2017 11:29:41.837 [http-nio-8090-exec-2] [RequestInterceptor.java:37]
				INFO  c.w.w.i.RequestInterceptor - La requete est terminée!
19/09/2017 11:29:41.837 [http-nio-8090-exec-5] [RequestInterceptor.java:24]
				INFO  c.w.w.i.RequestInterceptor - Avant de traiter la requete
19/09/2017 11:29:41.839 [http-nio-8090-exec-5] [RequestInterceptor.java:31]
				INFO  c.w.w.i.RequestInterceptor - La methode est executé
19/09/2017 11:29:41.840 [http-nio-8090-exec-5] [RequestInterceptor.java:37]
				INFO  c.w.w.i.RequestInterceptor - La requete est terminée!
19/09/2017 11:29:41.928 [http-nio-8090-exec-4] [RequestInterceptor.java:24]
				INFO  c.w.w.i.RequestInterceptor - Avant de traiter la requete
19/09/2017 11:29:41.928 [http-nio-8090-exec-6] [RequestInterceptor.java:24]
				INFO  c.w.w.i.RequestInterceptor - Avant de traiter la requete
19/09/2017 11:29:41.930 [http-nio-8090-exec-4] [Service.java:573]
				INFO  c.w.workflowBackend.services.Service - ...........................begin method getCountMyTaskLock............................
19/09/2017 11:29:41.930 [http-nio-8090-exec-6] [Service.java:595]
				INFO  c.w.workflowBackend.services.Service - ...........................begin method getCountTaskOffer............................
19/09/2017 11:29:42.130 [http-nio-8090-exec-4] [Service.java:588]
				INFO  c.w.workflowBackend.services.Service - ...........................end method getCountMyTaskLock............................
19/09/2017 11:29:42.130 [http-nio-8090-exec-6] [Service.java:610]
				INFO  c.w.workflowBackend.services.Service - ...........................end method getCountTaskOffer............................
19/09/2017 11:29:42.134 [http-nio-8090-exec-6] [RequestInterceptor.java:31]
				INFO  c.w.w.i.RequestInterceptor - La methode est executé
19/09/2017 11:29:42.134 [http-nio-8090-exec-4] [RequestInterceptor.java:31]
				INFO  c.w.w.i.RequestInterceptor - La methode est executé
19/09/2017 11:29:42.134 [http-nio-8090-exec-6] [RequestInterceptor.java:37]
				INFO  c.w.w.i.RequestInterceptor - La requete est terminée!
19/09/2017 11:29:42.134 [http-nio-8090-exec-4] [RequestInterceptor.java:37]
				INFO  c.w.w.i.RequestInterceptor - La requete est terminée!
19/09/2017 11:29:42.257 [http-nio-8090-exec-7] [Service.java:434]
				INFO  c.w.workflowBackend.services.Service - ...........................end method getMyTaskLock............................
19/09/2017 11:29:42.258 [http-nio-8090-exec-7] [RequestInterceptor.java:31]
				INFO  c.w.w.i.RequestInterceptor - La methode est executé
19/09/2017 11:29:42.259 [http-nio-8090-exec-7] [RequestInterceptor.java:37]
				INFO  c.w.w.i.RequestInterceptor - La requete est terminée!
19/09/2017 19:01:43.035 [http-nio-8090-exec-2] [RequestInterceptor.java:24]
				INFO  c.w.w.i.RequestInterceptor - Avant de traiter la requete
19/09/2017 19:01:43.035 [http-nio-8090-exec-9] [RequestInterceptor.java:24]
				INFO  c.w.w.i.RequestInterceptor - Avant de traiter la requete
19/09/2017 19:01:43.043 [http-nio-8090-exec-9] [RequestInterceptor.java:31]
				INFO  c.w.w.i.RequestInterceptor - La methode est executé
19/09/2017 19:01:43.043 [http-nio-8090-exec-9] [RequestInterceptor.java:37]
				INFO  c.w.w.i.RequestInterceptor - La requete est terminée!
19/09/2017 19:01:43.044 [http-nio-8090-exec-2] [RequestInterceptor.java:31]
				INFO  c.w.w.i.RequestInterceptor - La methode est executé
19/09/2017 19:01:43.044 [http-nio-8090-exec-2] [RequestInterceptor.java:37]
				INFO  c.w.w.i.RequestInterceptor - La requete est terminée!
19/09/2017 19:01:43.064 [http-nio-8090-exec-6] [RequestInterceptor.java:24]
				INFO  c.w.w.i.RequestInterceptor - Avant de traiter la requete
19/09/2017 19:01:43.064 [http-nio-8090-exec-5] [RequestInterceptor.java:24]
				INFO  c.w.w.i.RequestInterceptor - Avant de traiter la requete
19/09/2017 19:01:43.086 [http-nio-8090-exec-5] [Service.java:573]
				INFO  c.w.workflowBackend.services.Service - ...........................begin method getCountMyTaskLock............................
19/09/2017 19:01:43.086 [http-nio-8090-exec-6] [Service.java:595]
				INFO  c.w.workflowBackend.services.Service - ...........................begin method getCountTaskOffer............................
19/09/2017 19:01:43.576 [http-nio-8090-exec-5] [Service.java:588]
				INFO  c.w.workflowBackend.services.Service - ...........................end method getCountMyTaskLock............................
19/09/2017 19:01:43.578 [http-nio-8090-exec-6] [Service.java:610]
				INFO  c.w.workflowBackend.services.Service - ...........................end method getCountTaskOffer............................
19/09/2017 19:01:43.588 [http-nio-8090-exec-5] [RequestInterceptor.java:31]
				INFO  c.w.w.i.RequestInterceptor - La methode est executé
19/09/2017 19:01:43.592 [http-nio-8090-exec-5] [RequestInterceptor.java:37]
				INFO  c.w.w.i.RequestInterceptor - La requete est terminée!
19/09/2017 19:01:43.595 [http-nio-8090-exec-6] [RequestInterceptor.java:31]
				INFO  c.w.w.i.RequestInterceptor - La methode est executé
19/09/2017 19:01:43.598 [http-nio-8090-exec-6] [RequestInterceptor.java:37]
				INFO  c.w.w.i.RequestInterceptor - La requete est terminée!
19/09/2017 19:43:06.098 [http-nio-8090-exec-10] [RequestInterceptor.java:24]
				INFO  c.w.w.i.RequestInterceptor - Avant de traiter la requete
19/09/2017 19:43:06.099 [http-nio-8090-exec-10] [RequestInterceptor.java:31]
				INFO  c.w.w.i.RequestInterceptor - La methode est executé
19/09/2017 19:43:06.099 [http-nio-8090-exec-10] [RequestInterceptor.java:37]
				INFO  c.w.w.i.RequestInterceptor - La requete est terminée!
19/09/2017 19:43:06.117 [http-nio-8090-exec-3] [RequestInterceptor.java:24]
				INFO  c.w.w.i.RequestInterceptor - Avant de traiter la requete
19/09/2017 19:43:06.118 [http-nio-8090-exec-3] [Service.java:20]
				INFO  c.w.workflowBackend.services.Service - ...........................begin method signInActor............................
19/09/2017 19:43:06.323 [http-nio-8090-exec-3] [Service.java:37]
				INFO  c.w.workflowBackend.services.Service - ...........................end method signInActor............................
19/09/2017 19:43:06.324 [http-nio-8090-exec-3] [RequestInterceptor.java:31]
				INFO  c.w.w.i.RequestInterceptor - La methode est executé
19/09/2017 19:43:06.325 [http-nio-8090-exec-3] [RequestInterceptor.java:37]
				INFO  c.w.w.i.RequestInterceptor - La requete est terminée!
19/09/2017 19:45:56.271 [http-nio-8090-exec-2] [RequestInterceptor.java:24]
				INFO  c.w.w.i.RequestInterceptor - Avant de traiter la requete
19/09/2017 19:45:56.271 [http-nio-8090-exec-2] [RequestInterceptor.java:31]
				INFO  c.w.w.i.RequestInterceptor - La methode est executé
19/09/2017 19:45:56.271 [http-nio-8090-exec-2] [RequestInterceptor.java:37]
				INFO  c.w.w.i.RequestInterceptor - La requete est terminée!
19/09/2017 19:45:56.295 [http-nio-8090-exec-9] [RequestInterceptor.java:24]
				INFO  c.w.w.i.RequestInterceptor - Avant de traiter la requete
19/09/2017 19:45:56.297 [http-nio-8090-exec-9] [Service.java:20]
				INFO  c.w.workflowBackend.services.Service - ...........................begin method signInActor............................
19/09/2017 19:45:56.615 [http-nio-8090-exec-9] [Service.java:37]
				INFO  c.w.workflowBackend.services.Service - ...........................end method signInActor............................
19/09/2017 19:45:56.616 [http-nio-8090-exec-9] [RequestInterceptor.java:31]
				INFO  c.w.w.i.RequestInterceptor - La methode est executé
19/09/2017 19:45:56.616 [http-nio-8090-exec-9] [RequestInterceptor.java:37]
				INFO  c.w.w.i.RequestInterceptor - La requete est terminée!
19/09/2017 23:08:50.753 [RMI TCP Connection(2)-127.0.0.1] [SpringApplicationAdminMXBeanRegistrar.java:125]
				INFO  o.s.b.a.SpringApplicationAdminMXBeanRegistrar$SpringApplicationAdmin - Application shutdown requested.
19/09/2017 23:08:50.758 [RMI TCP Connection(2)-127.0.0.1] [AbstractApplicationContext.java:987]
				INFO  o.s.b.c.e.AnnotationConfigEmbeddedWebApplicationContext - Closing org.springframework.boot.context.embedded.AnnotationConfigEmbeddedWebApplicationContext@3b2cf7ab: startup date [Mon Sep 18 09:23:15 GMT 2017]; root of context hierarchy
19/09/2017 23:08:50.773 [RMI TCP Connection(2)-127.0.0.1] [MBeanExporter.java:449]
				INFO  o.s.j.e.a.AnnotationMBeanExporter - Unregistering JMX-exposed beans on shutdown
19/09/2017 23:08:54.696 [Thread-6] [AbstractApplicationContext.java:987]
				INFO  o.s.b.c.e.AnnotationConfigEmbeddedWebApplicationContext - Closing org.springframework.boot.context.embedded.AnnotationConfigEmbeddedWebApplicationContext@337e9c54: startup date [Mon Sep 18 09:26:54 GMT 2017]; root of context hierarchy
19/09/2017 23:08:54.783 [Thread-6] [MBeanExporter.java:449]
				INFO  o.s.j.e.a.AnnotationMBeanExporter - Unregistering JMX-exposed beans on shutdown
